2026-03-24T12:15:12.816+0000 [DEBUG] [org.gradle.launcher.daemon.bootstrap.DaemonMain] Assuming the daemon was started with following jvm opts: [-Xmx2048m, -Dfile.encoding=UTF-8, -Duser.country=GB, -Duser.language=en, -Duser.variant]
2026-03-24T12:15:12.998+0000 [DEBUG] [org.gradle.internal.remote.internal.inet.InetAddresses] Adding IP addresses for network interface ExpressVPN TAP Adapter-WFP Native MAC Layer LightWeight Filter-0000
2026-03-24T12:15:12.999+0000 [DEBUG] [org.gradle.internal.remote.internal.inet.InetAddresses] Is this a loopback interface? false
2026-03-24T12:15:12.999+0000 [DEBUG] [org.gradle.internal.remote.internal.inet.InetAddresses] Adding IP addresses for network interface ExpressVPN TAP Adapter-Npcap Packet Driver (NPCAP)-0000
2026-03-24T12:15:13.000+0000 [DEBUG] [org.gradle.internal.remote.internal.inet.InetAddresses] Is this a loopback interface? false
2026-03-24T12:15:13.000+0000 [DEBUG] [org.gradle.internal.remote.internal.inet.InetAddresses] Adding IP addresses for network interface ExpressVPN TAP Adapter-QoS Packet Scheduler-0000
2026-03-24T12:15:13.000+0000 [DEBUG] [org.gradle.internal.remote.internal.inet.InetAddresses] Is this a loopback interface? false
2026-03-24T12:15:13.000+0000 [DEBUG] [org.gradle.internal.remote.internal.inet.InetAddresses] Adding IP addresses for network interface ExpressVPN TAP Adapter-WFP 802.3 MAC Layer LightWeight Filter-0000
2026-03-24T12:15:13.001+0000 [DEBUG] [org.gradle.internal.remote.internal.inet.InetAddresses] Is this a loopback interface? false
2026-03-24T12:15:13.001+0000 [DEBUG] [org.gradle.internal.remote.internal.inet.InetAddresses] Adding IP addresses for network interface WAN Miniport (IP)-WFP Native MAC Layer LightWeight Filter-0000
2026-03-24T12:15:13.001+0000 [DEBUG] [org.gradle.internal.remote.internal.inet.InetAddresses] Is this a loopback interface? false
2026-03-24T12:15:13.001+0000 [DEBUG] [org.gradle.internal.remote.internal.inet.InetAddresses] Adding IP addresses for network interface WAN Miniport (IP)-Npcap Packet Driver (NPCAP)-0000
2026-03-24T12:15:13.002+0000 [DEBUG] [org.gradle.internal.remote.internal.inet.InetAddresses] Is this a loopback interface? false
2026-03-24T12:15:13.002+0000 [DEBUG] [org.gradle.internal.remote.internal.inet.InetAddresses] Adding IP addresses for network interface WAN Miniport (IP)-QoS Packet Scheduler-0000
2026-03-24T12:15:13.002+0000 [DEBUG] [org.gradle.internal.remote.internal.inet.InetAddresses] Is this a loopback interface? false
2026-03-24T12:15:13.002+0000 [DEBUG] [org.gradle.internal.remote.internal.inet.InetAddresses] Adding IP addresses for network interface WAN Miniport (IPv6)-WFP Native MAC Layer LightWeight Filter-0000
2026-03-24T12:15:13.003+0000 [DEBUG] [org.gradle.internal.remote.internal.inet.InetAddresses] Is this a loopback interface? false
2026-03-24T12:15:13.003+0000 [DEBUG] [org.gradle.internal.remote.internal.inet.InetAddresses] Adding IP addresses for network interface WAN Miniport (IPv6)-Npcap Packet Driver (NPCAP)-0000
2026-03-24T12:15:13.003+0000 [DEBUG] [org.gradle.internal.remote.internal.inet.InetAddresses] Is this a loopback interface? false
2026-03-24T12:15:13.003+0000 [DEBUG] [org.gradle.internal.remote.internal.inet.InetAddresses] Adding IP addresses for network interface WAN Miniport (IPv6)-QoS Packet Scheduler-0000
2026-03-24T12:15:13.004+0000 [DEBUG] [org.gradle.internal.remote.internal.inet.InetAddresses] Is this a loopback interface? false
2026-03-24T12:15:13.004+0000 [DEBUG] [org.gradle.internal.remote.internal.inet.InetAddresses] Adding IP addresses for network interface WAN Miniport (Network Monitor)-WFP Native MAC Layer LightWeight Filter-0000
2026-03-24T12:15:13.004+0000 [DEBUG] [org.gradle.internal.remote.internal.inet.InetAddresses] Is this a loopback interface? false
2026-03-24T12:15:13.004+0000 [DEBUG] [org.gradle.internal.remote.internal.inet.InetAddresses] Adding IP addresses for network interface WAN Miniport (Network Monitor)-Npcap Packet Driver (NPCAP)-0000
2026-03-24T12:15:13.004+0000 [DEBUG] [org.gradle.internal.remote.internal.inet.InetAddresses] Is this a loopback interface? false
2026-03-24T12:15:13.005+0000 [DEBUG] [org.gradle.internal.remote.internal.inet.InetAddresses] Adding IP addresses for network interface WAN Miniport (Network Monitor)-QoS Packet Scheduler-0000
2026-03-24T12:15:13.005+0000 [DEBUG] [org.gradle.internal.remote.internal.inet.InetAddresses] Is this a loopback interface? false
2026-03-24T12:15:13.005+0000 [DEBUG] [org.gradle.internal.remote.internal.inet.InetAddresses] Adding IP addresses for network interface Microsoft Kernel Debug Network Adapter
2026-03-24T12:15:13.005+0000 [DEBUG] [org.gradle.internal.remote.internal.inet.InetAddresses] Is this a loopback interface? false
2026-03-24T12:15:13.006+0000 [DEBUG] [org.gradle.internal.remote.internal.inet.InetAddresses] Adding IP addresses for network interface Realtek USB GbE Family Controller
2026-03-24T12:15:13.006+0000 [DEBUG] [org.gradle.internal.remote.internal.inet.InetAddresses] Is this a loopback interface? false
2026-03-24T12:15:13.006+0000 [DEBUG] [org.gradle.internal.remote.internal.inet.InetAddresses] Adding IP addresses for network interface WAN Miniport (IP)
2026-03-24T12:15:13.006+0000 [DEBUG] [org.gradle.internal.remote.internal.inet.InetAddresses] Is this a loopback interface? false
2026-03-24T12:15:13.006+0000 [DEBUG] [org.gradle.internal.remote.internal.inet.InetAddresses] Adding IP addresses for network interface ExpressVPN TAP Adapter
2026-03-24T12:15:13.006+0000 [DEBUG] [org.gradle.internal.remote.internal.inet.InetAddresses] Is this a loopback interface? false
2026-03-24T12:15:13.007+0000 [DEBUG] [org.gradle.internal.remote.internal.inet.InetAddresses] Adding remote address /fe80:0:0:0:b75e:1cd4:523e:c6a7%ethernet_32771
2026-03-24T12:15:13.007+0000 [DEBUG] [org.gradle.internal.remote.internal.inet.InetAddresses] Adding IP addresses for network interface WAN Miniport (IPv6)
2026-03-24T12:15:13.007+0000 [DEBUG] [org.gradle.internal.remote.internal.inet.InetAddresses] Is this a loopback interface? false
2026-03-24T12:15:13.007+0000 [DEBUG] [org.gradle.internal.remote.internal.inet.InetAddresses] Adding IP addresses for network interface WAN Miniport (Network Monitor)
2026-03-24T12:15:13.008+0000 [DEBUG] [org.gradle.internal.remote.internal.inet.InetAddresses] Is this a loopback interface? false
2026-03-24T12:15:13.008+0000 [DEBUG] [org.gradle.internal.remote.internal.inet.InetAddresses] Adding IP addresses for network interface Bluetooth Device (Personal Area Network)
2026-03-24T12:15:13.008+0000 [DEBUG] [org.gradle.internal.remote.internal.inet.InetAddresses] Is this a loopback interface? false
2026-03-24T12:15:13.008+0000 [DEBUG] [org.gradle.internal.remote.internal.inet.InetAddresses] Adding IP addresses for network interface WAN Miniport (PPPOE)
2026-03-24T12:15:13.008+0000 [DEBUG] [org.gradle.internal.remote.internal.inet.InetAddresses] Is this a loopback interface? false
2026-03-24T12:15:13.008+0000 [DEBUG] [org.gradle.internal.remote.internal.inet.InetAddresses] Adding IP addresses for network interface RAS Async Adapter
2026-03-24T12:15:13.009+0000 [DEBUG] [org.gradle.internal.remote.internal.inet.InetAddresses] Is this a loopback interface? false
2026-03-24T12:15:13.009+0000 [DEBUG] [org.gradle.internal.remote.internal.inet.InetAddresses] Adding IP addresses for network interface Software Loopback Interface 1
2026-03-24T12:15:13.009+0000 [DEBUG] [org.gradle.internal.remote.internal.inet.InetAddresses] Is this a loopback interface? true
2026-03-24T12:15:13.009+0000 [DEBUG] [org.gradle.internal.remote.internal.inet.InetAddresses] Adding loopback address /0:0:0:0:0:0:0:1
2026-03-24T12:15:13.009+0000 [DEBUG] [org.gradle.internal.remote.internal.inet.InetAddresses] Adding loopback address /127.0.0.1
2026-03-24T12:15:13.009+0000 [DEBUG] [org.gradle.internal.remote.internal.inet.InetAddresses] Adding IP addresses for network interface ExpressVPN TUN Driver-Npcap Packet Driver (NPCAP)-0000
2026-03-24T12:15:13.010+0000 [DEBUG] [org.gradle.internal.remote.internal.inet.InetAddresses] Is this a loopback interface? false
2026-03-24T12:15:13.010+0000 [DEBUG] [org.gradle.internal.remote.internal.inet.InetAddresses] Adding IP addresses for network interface ExpressVPN TUN Driver
2026-03-24T12:15:13.010+0000 [DEBUG] [org.gradle.internal.remote.internal.inet.InetAddresses] Is this a loopback interface? false
2026-03-24T12:15:13.010+0000 [DEBUG] [org.gradle.internal.remote.internal.inet.InetAddresses] Adding remote address /fe80:0:0:0:67ce:7ad2:93c:7c6c%iftype53_32768
2026-03-24T12:15:13.011+0000 [DEBUG] [org.gradle.internal.remote.internal.inet.InetAddresses] Adding IP addresses for network interface Realtek RTL8822CE 802.11ac PCIe Adapter-WFP Native MAC Layer LightWeight Filter-0000
2026-03-24T12:15:13.011+0000 [DEBUG] [org.gradle.internal.remote.internal.inet.InetAddresses] Is this a loopback interface? false
2026-03-24T12:15:13.011+0000 [DEBUG] [org.gradle.internal.remote.internal.inet.InetAddresses] Adding IP addresses for network interface Realtek RTL8822CE 802.11ac PCIe Adapter-Virtual WiFi Filter Driver-0000
2026-03-24T12:15:13.011+0000 [DEBUG] [org.gradle.internal.remote.internal.inet.InetAddresses] Is this a loopback interface? false
2026-03-24T12:15:13.012+0000 [DEBUG] [org.gradle.internal.remote.internal.inet.InetAddresses] Adding IP addresses for network interface Realtek RTL8822CE 802.11ac PCIe Adapter-Native WiFi Filter Driver-0000
2026-03-24T12:15:13.012+0000 [DEBUG] [org.gradle.internal.remote.internal.inet.InetAddresses] Is this a loopback interface? false
2026-03-24T12:15:13.012+0000 [DEBUG] [org.gradle.internal.remote.internal.inet.InetAddresses] Adding IP addresses for network interface Realtek RTL8822CE 802.11ac PCIe Adapter-Npcap Packet Driver (NPCAP)-0000
2026-03-24T12:15:13.012+0000 [DEBUG] [org.gradle.internal.remote.internal.inet.InetAddresses] Is this a loopback interface? false
2026-03-24T12:15:13.013+0000 [DEBUG] [org.gradle.internal.remote.internal.inet.InetAddresses] Adding IP addresses for network interface Realtek RTL8822CE 802.11ac PCIe Adapter-QoS Packet Scheduler-0000
2026-03-24T12:15:13.014+0000 [DEBUG] [org.gradle.internal.remote.internal.inet.InetAddresses] Is this a loopback interface? false
2026-03-24T12:15:13.014+0000 [DEBUG] [org.gradle.internal.remote.internal.inet.InetAddresses] Adding IP addresses for network interface Realtek RTL8822CE 802.11ac PCIe Adapter-WFP 802.3 MAC Layer LightWeight Filter-0000
2026-03-24T12:15:13.014+0000 [DEBUG] [org.gradle.internal.remote.internal.inet.InetAddresses] Is this a loopback interface? false
2026-03-24T12:15:13.014+0000 [DEBUG] [org.gradle.internal.remote.internal.inet.InetAddresses] Adding IP addresses for network interface Microsoft Wi-Fi Direct Virtual Adapter-WFP Native MAC Layer LightWeight Filter-0000
2026-03-24T12:15:13.015+0000 [DEBUG] [org.gradle.internal.remote.internal.inet.InetAddresses] Is this a loopback interface? false
2026-03-24T12:15:13.015+0000 [DEBUG] [org.gradle.internal.remote.internal.inet.InetAddresses] Adding IP addresses for network interface Microsoft Wi-Fi Direct Virtual Adapter-Native WiFi Filter Driver-0000
2026-03-24T12:15:13.015+0000 [DEBUG] [org.gradle.internal.remote.internal.inet.InetAddresses] Is this a loopback interface? false
2026-03-24T12:15:13.015+0000 [DEBUG] [org.gradle.internal.remote.internal.inet.InetAddresses] Adding IP addresses for network interface Microsoft Wi-Fi Direct Virtual Adapter-Npcap Packet Driver (NPCAP)-0000
2026-03-24T12:15:13.015+0000 [DEBUG] [org.gradle.internal.remote.internal.inet.InetAddresses] Is this a loopback interface? false
2026-03-24T12:15:13.015+0000 [DEBUG] [org.gradle.internal.remote.internal.inet.InetAddresses] Adding IP addresses for network interface Microsoft Wi-Fi Direct Virtual Adapter-QoS Packet Scheduler-0000
2026-03-24T12:15:13.016+0000 [DEBUG] [org.gradle.internal.remote.internal.inet.InetAddresses] Is this a loopback interface? false
2026-03-24T12:15:13.016+0000 [DEBUG] [org.gradle.internal.remote.internal.inet.InetAddresses] Adding IP addresses for network interface Microsoft Wi-Fi Direct Virtual Adapter-WFP 802.3 MAC Layer LightWeight Filter-0000
2026-03-24T12:15:13.016+0000 [DEBUG] [org.gradle.internal.remote.internal.inet.InetAddresses] Is this a loopback interface? false
2026-03-24T12:15:13.016+0000 [DEBUG] [org.gradle.internal.remote.internal.inet.InetAddresses] Adding IP addresses for network interface Microsoft Wi-Fi Direct Virtual Adapter #2-WFP Native MAC Layer LightWeight Filter-0000
2026-03-24T12:15:13.016+0000 [DEBUG] [org.gradle.internal.remote.internal.inet.InetAddresses] Is this a loopback interface? false
2026-03-24T12:15:13.016+0000 [DEBUG] [org.gradle.internal.remote.internal.inet.InetAddresses] Adding IP addresses for network interface Microsoft Wi-Fi Direct Virtual Adapter #2-Native WiFi Filter Driver-0000
2026-03-24T12:15:13.017+0000 [DEBUG] [org.gradle.internal.remote.internal.inet.InetAddresses] Is this a loopback interface? false
2026-03-24T12:15:13.017+0000 [DEBUG] [org.gradle.internal.remote.internal.inet.InetAddresses] Adding IP addresses for network interface Microsoft Wi-Fi Direct Virtual Adapter #2-Npcap Packet Driver (NPCAP)-0000
2026-03-24T12:15:13.017+0000 [DEBUG] [org.gradle.internal.remote.internal.inet.InetAddresses] Is this a loopback interface? false
2026-03-24T12:15:13.017+0000 [DEBUG] [org.gradle.internal.remote.internal.inet.InetAddresses] Adding IP addresses for network interface Microsoft Wi-Fi Direct Virtual Adapter #2-QoS Packet Scheduler-0000
2026-03-24T12:15:13.017+0000 [DEBUG] [org.gradle.internal.remote.internal.inet.InetAddresses] Is this a loopback interface? false
2026-03-24T12:15:13.017+0000 [DEBUG] [org.gradle.internal.remote.internal.inet.InetAddresses] Adding IP addresses for network interface Microsoft Wi-Fi Direct Virtual Adapter #2-WFP 802.3 MAC Layer LightWeight Filter-0000
2026-03-24T12:15:13.017+0000 [DEBUG] [org.gradle.internal.remote.internal.inet.InetAddresses] Is this a loopback interface? false
2026-03-24T12:15:13.018+0000 [DEBUG] [org.gradle.internal.remote.internal.inet.InetAddresses] Adding IP addresses for network interface Realtek RTL8822CE 802.11ac PCIe Adapter
2026-03-24T12:15:13.018+0000 [DEBUG] [org.gradle.internal.remote.internal.inet.InetAddresses] Is this a loopback interface? false
2026-03-24T12:15:13.018+0000 [DEBUG] [org.gradle.internal.remote.internal.inet.InetAddresses] Adding remote address /fe80:0:0:0:3bb2:7b00:8eec:4e42%wireless_32768
2026-03-24T12:15:13.018+0000 [DEBUG] [org.gradle.internal.remote.internal.inet.InetAddresses] Adding remote address /2a00:23c5:cc85:f401:9892:3c64:8443:ad49
2026-03-24T12:15:13.018+0000 [DEBUG] [org.gradle.internal.remote.internal.inet.InetAddresses] Adding remote address /2a00:23c5:cc85:f401:59dd:8c6e:1f22:6c33
2026-03-24T12:15:13.018+0000 [DEBUG] [org.gradle.internal.remote.internal.inet.InetAddresses] Adding remote address /192.168.1.134
2026-03-24T12:15:13.019+0000 [DEBUG] [org.gradle.internal.remote.internal.inet.InetAddresses] Adding IP addresses for network interface Microsoft Wi-Fi Direct Virtual Adapter
2026-03-24T12:15:13.019+0000 [DEBUG] [org.gradle.internal.remote.internal.inet.InetAddresses] Is this a loopback interface? false
2026-03-24T12:15:13.019+0000 [DEBUG] [org.gradle.internal.remote.internal.inet.InetAddresses] Adding remote address /fe80:0:0:0:8cc3:ab31:1aee:f74b%wireless_32769
2026-03-24T12:15:13.019+0000 [DEBUG] [org.gradle.internal.remote.internal.inet.InetAddresses] Adding IP addresses for network interface Microsoft Wi-Fi Direct Virtual Adapter #2
2026-03-24T12:15:13.019+0000 [DEBUG] [org.gradle.internal.remote.internal.inet.InetAddresses] Is this a loopback interface? false
2026-03-24T12:15:13.019+0000 [DEBUG] [org.gradle.internal.remote.internal.inet.InetAddresses] Adding remote address /fe80:0:0:0:1688:750a:914d:5b39%wireless_32770
2026-03-24T12:15:13.020+0000 [DEBUG] [org.gradle.internal.remote.internal.inet.InetAddresses] Adding IP addresses for network interface Microsoft Wi-Fi Direct Virtual Adapter #3
2026-03-24T12:15:13.020+0000 [DEBUG] [org.gradle.internal.remote.internal.inet.InetAddresses] Is this a loopback interface? false
2026-03-24T12:15:13.020+0000 [DEBUG] [org.gradle.internal.remote.internal.inet.InetAddresses] Adding IP addresses for network interface Microsoft Wi-Fi Direct Virtual Adapter #4
2026-03-24T12:15:13.020+0000 [DEBUG] [org.gradle.internal.remote.internal.inet.InetAddresses] Is this a loopback interface? false
2026-03-24T12:15:13.020+0000 [DEBUG] [org.gradle.internal.remote.internal.inet.InetAddresses] Adding IP addresses for network interface Microsoft Teredo Tunneling Adapter
2026-03-24T12:15:13.020+0000 [DEBUG] [org.gradle.internal.remote.internal.inet.InetAddresses] Is this a loopback interface? false
2026-03-24T12:15:13.021+0000 [DEBUG] [org.gradle.internal.remote.internal.inet.InetAddresses] Adding IP addresses for network interface Microsoft IP-HTTPS Platform Adapter
2026-03-24T12:15:13.021+0000 [DEBUG] [org.gradle.internal.remote.internal.inet.InetAddresses] Is this a loopback interface? false
2026-03-24T12:15:13.021+0000 [DEBUG] [org.gradle.internal.remote.internal.inet.InetAddresses] Adding IP addresses for network interface Microsoft 6to4 Adapter
2026-03-24T12:15:13.021+0000 [DEBUG] [org.gradle.internal.remote.internal.inet.InetAddresses] Is this a loopback interface? false
2026-03-24T12:15:13.021+0000 [DEBUG] [org.gradle.internal.remote.internal.inet.InetAddresses] Adding IP addresses for network interface WAN Miniport (SSTP)
2026-03-24T12:15:13.021+0000 [DEBUG] [org.gradle.internal.remote.internal.inet.InetAddresses] Is this a loopback interface? false
2026-03-24T12:15:13.021+0000 [DEBUG] [org.gradle.internal.remote.internal.inet.InetAddresses] Adding IP addresses for network interface WAN Miniport (IKEv2)
2026-03-24T12:15:13.022+0000 [DEBUG] [org.gradle.internal.remote.internal.inet.InetAddresses] Is this a loopback interface? false
2026-03-24T12:15:13.022+0000 [DEBUG] [org.gradle.internal.remote.internal.inet.InetAddresses] Adding IP addresses for network interface WAN Miniport (L2TP)
2026-03-24T12:15:13.022+0000 [DEBUG] [org.gradle.internal.remote.internal.inet.InetAddresses] Is this a loopback interface? false
2026-03-24T12:15:13.022+0000 [DEBUG] [org.gradle.internal.remote.internal.inet.InetAddresses] Adding IP addresses for network interface WAN Miniport (PPTP)
2026-03-24T12:15:13.022+0000 [DEBUG] [org.gradle.internal.remote.internal.inet.InetAddresses] Is this a loopback interface? false
2026-03-24T12:15:13.041+0000 [DEBUG] [org.gradle.internal.nativeintegration.services.NativeServices] Native-platform posix files integration is not available. Continuing with fallback.
2026-03-24T12:15:13.079+0000 [INFO] [org.gradle.launcher.daemon.server.Daemon] start() called on daemon - DefaultDaemonContext[uid=3b593809-5546-4ed5-8787-3143f32dc422,javaHome=C:\Program Files\Android\Android Studio\jbr,javaVersion=21,javaVendor=JetBrains s.r.o.,daemonRegistryDir=C:\Users\obabi\AndroidStudioProjects\GetGroceries\daemon,pid=16796,idleTimeout=10800000,priority=NORMAL,applyInstrumentationAgent=true,nativeServicesMode=ENABLED,daemonOpts=-Xmx2048m,-Dfile.encoding=UTF-8,-Duser.country=GB,-Duser.language=en,-Duser.variant]
2026-03-24T12:15:13.155+0000 [DEBUG] [org.gradle.internal.remote.internal.inet.TcpIncomingConnector] Listening on [1d8c481a-9fb1-40c6-9d38-5042cca8cc5b port:57731, addresses:[localhost/127.0.0.1]].
2026-03-24T12:15:13.174+0000 [DEBUG] [org.gradle.launcher.daemon.server.Daemon] Daemon starting at: Tue Mar 24 12:15:13 GMT 2026, with address: [1d8c481a-9fb1-40c6-9d38-5042cca8cc5b port:57731, addresses:[localhost/127.0.0.1]]
2026-03-24T12:15:13.175+0000 [INFO] [org.gradle.launcher.daemon.server.DaemonRegistryUpdater] Advertising the daemon address to the clients: [1d8c481a-9fb1-40c6-9d38-5042cca8cc5b port:57731, addresses:[localhost/127.0.0.1]]
2026-03-24T12:15:13.175+0000 [DEBUG] [org.gradle.launcher.daemon.server.DaemonRegistryUpdater] Advertised daemon context: DefaultDaemonContext[uid=3b593809-5546-4ed5-8787-3143f32dc422,javaHome=C:\Program Files\Android\Android Studio\jbr,javaVersion=21,javaVendor=JetBrains s.r.o.,daemonRegistryDir=C:\Users\obabi\AndroidStudioProjects\GetGroceries\daemon,pid=16796,idleTimeout=10800000,priority=NORMAL,applyInstrumentationAgent=true,nativeServicesMode=ENABLED,daemonOpts=-Xmx2048m,-Dfile.encoding=UTF-8,-Duser.country=GB,-Duser.language=en,-Duser.variant]
2026-03-24T12:15:13.176+0000 [DEBUG] [org.gradle.launcher.daemon.registry.PersistentDaemonRegistry] Storing daemon address: [1d8c481a-9fb1-40c6-9d38-5042cca8cc5b port:57731, addresses:[localhost/127.0.0.1]], context: DefaultDaemonContext[uid=3b593809-5546-4ed5-8787-3143f32dc422,javaHome=C:\Program Files\Android\Android Studio\jbr,javaVersion=21,javaVendor=JetBrains s.r.o.,daemonRegistryDir=C:\Users\obabi\AndroidStudioProjects\GetGroceries\daemon,pid=16796,idleTimeout=10800000,priority=NORMAL,applyInstrumentationAgent=true,nativeServicesMode=ENABLED,daemonOpts=-Xmx2048m,-Dfile.encoding=UTF-8,-Duser.country=GB,-Duser.language=en,-Duser.variant]
2026-03-24T12:15:13.185+0000 [DEBUG] [org.gradle.cache.internal.DefaultFileLockManager] Waiting to acquire exclusive lock on daemon addresses registry.
2026-03-24T12:15:13.192+0000 [DEBUG] [org.gradle.cache.internal.DefaultFileLockManager] Lock acquired on daemon addresses registry.
2026-03-24T12:15:13.200+0000 [DEBUG] [org.gradle.cache.internal.DefaultFileLockManager] Releasing lock on daemon addresses registry.
2026-03-24T12:15:13.202+0000 [LIFECYCLE] [org.gradle.launcher.daemon.server.Daemon] Daemon server started.
2026-03-24T12:15:13.204+0000 [DEBUG] [org.gradle.launcher.daemon.bootstrap.DaemonStartupCommunication] Completed writing the daemon greeting. Closing streams...
2026-03-24T12:15:13.217+0000 [DEBUG] [org.gradle.launcher.daemon.server.Daemon] stopOnExpiration() called on daemon
2026-03-24T12:15:13.219+0000 [DEBUG] [org.gradle.internal.remote.internal.inet.TcpIncomingConnector] Accepted connection from /127.0.0.1:57732 to /127.0.0.1:57731.
2026-03-24T12:15:13.219+0000 [DEBUG] [org.gradle.launcher.daemon.server.Daemon] awaitExpiration() called on daemon
2026-03-24T12:15:13.220+0000 [DEBUG] [org.gradle.launcher.daemon.server.DaemonStateCoordinator] daemon is running. Sleeping until state changes.
2026-03-24T12:15:13.312+0000 [DEBUG] [org.gradle.launcher.daemon.server.SynchronizedDispatchConnection] thread 36: received class org.gradle.launcher.daemon.protocol.Build
2026-03-24T12:15:13.312+0000 [DEBUG] [org.gradle.launcher.daemon.server.DefaultDaemonConnection] thread 36: Received non-IO message from client: Build{id=3f7cdd94-dad2-4dd1-bd48-3bebf2ef69bf, currentDir=C:\Users\obabi\AndroidStudioProjects\GetGroceries}
2026-03-24T12:15:13.313+0000 [INFO] [org.gradle.launcher.daemon.server.DefaultIncomingConnectionHandler] Received command: Build{id=3f7cdd94-dad2-4dd1-bd48-3bebf2ef69bf, currentDir=C:\Users\obabi\AndroidStudioProjects\GetGroceries}.
2026-03-24T12:15:13.313+0000 [DEBUG] [org.gradle.launcher.daemon.server.DefaultIncomingConnectionHandler] Starting executing command: Build{id=3f7cdd94-dad2-4dd1-bd48-3bebf2ef69bf, currentDir=C:\Users\obabi\AndroidStudioProjects\GetGroceries} with connection: socket connection from /127.0.0.1:57731 to /127.0.0.1:57732.
2026-03-24T12:15:13.316+0000 [DEBUG] [org.gradle.launcher.daemon.server.DaemonStateCoordinator] Command execution: started DaemonCommandExecution[command = Build{id=3f7cdd94-dad2-4dd1-bd48-3bebf2ef69bf, currentDir=C:\Users\obabi\AndroidStudioProjects\GetGroceries}, connection = DefaultDaemonConnection: socket connection from /127.0.0.1:57731 to /127.0.0.1:57732] after 0.0027500000000000003 minutes of idle
2026-03-24T12:15:13.316+0000 [INFO] [org.gradle.launcher.daemon.server.DaemonRegistryUpdater] Marking the daemon as busy, address: [1d8c481a-9fb1-40c6-9d38-5042cca8cc5b port:57731, addresses:[localhost/127.0.0.1]]
2026-03-24T12:15:13.316+0000 [DEBUG] [org.gradle.launcher.daemon.registry.PersistentDaemonRegistry] Marking busy by address: [1d8c481a-9fb1-40c6-9d38-5042cca8cc5b port:57731, addresses:[localhost/127.0.0.1]]
2026-03-24T12:15:13.318+0000 [DEBUG] [org.gradle.cache.internal.DefaultFileLockManager] Waiting to acquire exclusive lock on daemon addresses registry.
2026-03-24T12:15:13.319+0000 [DEBUG] [org.gradle.cache.internal.DefaultFileLockManager] Lock acquired on daemon addresses registry.
2026-03-24T12:15:13.321+0000 [DEBUG] [org.gradle.cache.internal.DefaultFileLockManager] Releasing lock on daemon addresses registry.
2026-03-24T12:15:13.321+0000 [DEBUG] [org.gradle.launcher.daemon.server.DaemonStateCoordinator] resetting idle timer
2026-03-24T12:15:13.321+0000 [DEBUG] [org.gradle.launcher.daemon.server.DaemonStateCoordinator] daemon is running. Sleeping until state changes.
2026-03-24T12:15:13.323+0000 [INFO] [org.gradle.launcher.daemon.server.exec.StartBuildOrRespondWithBusy] Daemon is about to start building Build{id=3f7cdd94-dad2-4dd1-bd48-3bebf2ef69bf, currentDir=C:\Users\obabi\AndroidStudioProjects\GetGroceries}. Dispatching build started information...
2026-03-24T12:15:13.323+0000 [DEBUG] [org.gradle.launcher.daemon.server.SynchronizedDispatchConnection] thread 38: dispatching org.gradle.launcher.daemon.protocol.BuildStarted@4293ed40
2026-03-24T12:15:13.325+0000 [DEBUG] [org.gradle.launcher.daemon.server.exec.EstablishBuildEnvironment] Configuring env variables: [USERDOMAIN_ROAMINGPROFILE, LOCALAPPDATA, PROCESSOR_LEVEL, RegionCode, USERDOMAIN, LOGONSERVER, SESSIONNAME, ALLUSERSPROFILE, CABAL_DIR, PROCESSOR_ARCHITECTURE, PSModulePath, SystemDrive, OneDrive, APPDATA, VBOX_HWVIRTEX_IGNORE_SVM_IN_USE, EFC_5096, USERNAME, GHCUP_INSTALL_BASE_PREFIX, ProgramFiles(x86), CommonProgramFiles, Path, PATHEXT, DriverData, OS, OneDriveConsumer, COMPUTERNAME, OnlineServices, PROCESSOR_REVISION, platformcode, CommonProgramW6432, ComSpec, ProgramData, ProgramW6432, TEMP, HOMEPATH, SystemRoot, PROCESSOR_IDENTIFIER, GHCUP_MSYS2_ENV, HOMEDRIVE, USERPROFILE, TMP, POWERSHELL_DISTRIBUTION_CHANNEL, CommonProgramFiles(x86), ProgramFiles, PUBLIC, windir, NUMBER_OF_PROCESSORS, =::]
2026-03-24T12:15:13.332+0000 [DEBUG] [org.gradle.launcher.daemon.server.exec.LogToClient] About to start relaying all logs to the client via the connection.
2026-03-24T12:15:13.332+0000 [INFO] [org.gradle.launcher.daemon.server.exec.LogToClient] The client will now receive all logging from the daemon (pid: 16796). The daemon log file: C:\Users\obabi\AndroidStudioProjects\GetGroceries\daemon\8.13\daemon-16796.out.log
2026-03-24T12:15:13.334+0000 [INFO] [org.gradle.launcher.daemon.server.exec.LogAndCheckHealth] Starting build in new daemon [memory: 2 GiB]
2026-03-24T12:15:13.337+0000 [DEBUG] [org.gradle.launcher.daemon.server.exec.ExecuteBuild] The daemon has started executing the build.
2026-03-24T12:15:13.337+0000 [DEBUG] [org.gradle.launcher.daemon.server.exec.ExecuteBuild] Executing build with daemon context: DefaultDaemonContext[uid=3b593809-5546-4ed5-8787-3143f32dc422,javaHome=C:\Program Files\Android\Android Studio\jbr,javaVersion=21,javaVendor=JetBrains s.r.o.,daemonRegistryDir=C:\Users\obabi\AndroidStudioProjects\GetGroceries\daemon,pid=16796,idleTimeout=10800000,priority=NORMAL,applyInstrumentationAgent=true,nativeServicesMode=ENABLED,daemonOpts=-Xmx2048m,-Dfile.encoding=UTF-8,-Duser.country=GB,-Duser.language=en,-Duser.variant]

BUILD SUCCESSFUL in 32s
38 actionable tasks: 4 executed, 34 up-to-date
2026-03-24T12:15:42.662+0000 [DEBUG] [org.gradle.launcher.daemon.server.exec.ExecuteBuild] The daemon has finished executing the build.
2026-03-24T12:15:42.680+0000 [DEBUG] [org.gradle.launcher.daemon.server.DaemonStateCoordinator] daemon is running. Sleeping until state changes.
2026-03-24T12:15:42.681+0000 [DEBUG] [org.gradle.launcher.daemon.server.DaemonStateCoordinator] Command execution: finished waiting for DaemonCommandExecution[command = Build{id=3f7cdd94-dad2-4dd1-bd48-3bebf2ef69bf, currentDir=C:\Users\obabi\AndroidStudioProjects\GetGroceries}, connection = DefaultDaemonConnection: socket connection from /127.0.0.1:57731 to /127.0.0.1:57732]. Result org.gradle.launcher.daemon.server.DaemonStateCoordinator@366cbaf8 with state Busy
2026-03-24T12:15:42.681+0000 [DEBUG] [org.gradle.launcher.daemon.server.DaemonStateCoordinator] Command execution: completed DaemonCommandExecution[command = Build{id=3f7cdd94-dad2-4dd1-bd48-3bebf2ef69bf, currentDir=C:\Users\obabi\AndroidStudioProjects\GetGroceries}, connection = DefaultDaemonConnection: socket connection from /127.0.0.1:57731 to /127.0.0.1:57732]
2026-03-24T12:15:42.681+0000 [DEBUG] [org.gradle.launcher.daemon.server.DaemonStateCoordinator] resetting idle timer
2026-03-24T12:15:42.682+0000 [INFO] [org.gradle.launcher.daemon.server.DaemonRegistryUpdater] Marking the daemon as idle, address: [1d8c481a-9fb1-40c6-9d38-5042cca8cc5b port:57731, addresses:[localhost/127.0.0.1]]
2026-03-24T12:15:42.682+0000 [DEBUG] [org.gradle.launcher.daemon.registry.PersistentDaemonRegistry] Marking busy by address: [1d8c481a-9fb1-40c6-9d38-5042cca8cc5b port:57731, addresses:[localhost/127.0.0.1]]
2026-03-24T12:15:42.685+0000 [DEBUG] [org.gradle.cache.internal.DefaultFileLockManager] Waiting to acquire exclusive lock on daemon addresses registry.
2026-03-24T12:15:42.686+0000 [DEBUG] [org.gradle.cache.internal.DefaultFileLockManager] Lock acquired on daemon addresses registry.
2026-03-24T12:15:42.689+0000 [DEBUG] [org.gradle.cache.internal.DefaultFileLockManager] Releasing lock on daemon addresses registry.
2026-03-24T12:15:42.690+0000 [DEBUG] [org.gradle.launcher.daemon.server.DaemonStateCoordinator] daemon is running. Sleeping until state changes.
2026-03-24T12:15:42.690+0000 [DEBUG] [org.gradle.launcher.daemon.server.exec.ReturnResult] Daemon is dispatching the build result: Success[value=org.gradle.launcher.exec.BuildActionResult@449b8b51]
2026-03-24T12:15:42.690+0000 [DEBUG] [org.gradle.launcher.daemon.server.SynchronizedDispatchConnection] thread 35: dispatching Success[value=org.gradle.launcher.exec.BuildActionResult@449b8b51]
2026-03-24T12:15:42.693+0000 [DEBUG] [org.gradle.launcher.daemon.server.exec.CleanUpVirtualFileSystemAfterBuild] Cleaning virtual file system after build finished
2026-03-24T12:15:42.693+0000 [DEBUG] [org.gradle.launcher.daemon.server.SynchronizedDispatchConnection] thread 36: received class org.gradle.launcher.daemon.protocol.CloseInput
2026-03-24T12:15:42.695+0000 [DEBUG] [org.gradle.launcher.daemon.server.DefaultIncomingConnectionHandler] Finishing executing command: Build{id=3f7cdd94-dad2-4dd1-bd48-3bebf2ef69bf, currentDir=C:\Users\obabi\AndroidStudioProjects\GetGroceries}
2026-03-24T12:15:42.696+0000 [DEBUG] [org.gradle.launcher.daemon.server.DefaultDaemonConnection] thread 36: Received IO message from client: org.gradle.launcher.daemon.protocol.CloseInput@5d3c30c3
2026-03-24T12:15:42.698+0000 [DEBUG] [org.gradle.launcher.daemon.server.SynchronizedDispatchConnection] thread 36: received class org.gradle.launcher.daemon.protocol.Finished
2026-03-24T12:15:42.699+0000 [DEBUG] [org.gradle.launcher.daemon.server.DefaultDaemonConnection] thread 36: Received non-IO message from client: org.gradle.launcher.daemon.protocol.Finished@6ae6d7e6
2026-03-24T12:15:42.699+0000 [DEBUG] [org.gradle.launcher.daemon.server.DefaultIncomingConnectionHandler] Received finished message: org.gradle.launcher.daemon.protocol.Finished@6ae6d7e6
2026-03-24T12:15:42.700+0000 [DEBUG] [org.gradle.launcher.daemon.server.SynchronizedDispatchConnection] thread 35: stopping connection
2026-03-24T12:15:42.700+0000 [DEBUG] [org.gradle.internal.remote.internal.inet.SocketConnection] Discarding EOFException: java.io.EOFException
2026-03-24T12:15:42.701+0000 [DEBUG] [org.gradle.launcher.daemon.server.SynchronizedDispatchConnection] thread 36: received null
2026-03-24T12:15:42.701+0000 [DEBUG] [org.gradle.launcher.daemon.server.DefaultDaemonConnection] thread 36: Received end-of-input from client.
2026-03-24T12:15:42.705+0000 [DEBUG] [org.gradle.launcher.daemon.server.SynchronizedDispatchConnection] thread 35: stopping connection
2026-03-24T12:15:42.939+0000 [DEBUG] [org.gradle.internal.watch.vfs.impl.WatchingVirtualFileSystem] Handling VFS change CREATED C:\Users\obabi\AndroidStudioProjects\GetGroceries\app\src\main\java\com\example\getgroceries\AsdaFruitFragment.java~
2026-03-24T12:15:42.942+0000 [DEBUG] [org.gradle.internal.watch.vfs.impl.WatchingVirtualFileSystem] Handling VFS change MODIFIED C:\Users\obabi\AndroidStudioProjects\GetGroceries\app\src\main\java\com\example\getgroceries\AsdaFruitFragment.java
2026-03-24T12:15:43.239+0000 [DEBUG] [org.gradle.cache.internal.DefaultFileLockManager] Waiting to acquire shared lock on daemon addresses registry.
2026-03-24T12:15:43.239+0000 [DEBUG] [org.gradle.cache.internal.DefaultFileLockManager] Lock acquired on daemon addresses registry.
2026-03-24T12:15:43.241+0000 [DEBUG] [org.gradle.cache.internal.DefaultFileLockManager] Releasing lock on daemon addresses registry.
2026-03-24T12:15:43.250+0000 [DEBUG] [org.gradle.cache.internal.DefaultFileLockManager] Waiting to acquire shared lock on daemon addresses registry.
2026-03-24T12:15:43.252+0000 [DEBUG] [org.gradle.cache.internal.DefaultFileLockManager] Lock acquired on daemon addresses registry.
2026-03-24T12:15:43.254+0000 [DEBUG] [org.gradle.cache.internal.DefaultFileLockManager] Releasing lock on daemon addresses registry.
2026-03-24T12:15:44.425+0000 [DEBUG] [org.gradle.process.internal.health.memory.DefaultMemoryManager] 786631884 physical memory requested, 343470080 free
2026-03-24T12:15:44.429+0000 [DEBUG] [org.gradle.workers.internal.WorkerDaemonExpiration] Will attempt to release 750 of memory
2026-03-24T12:15:44.433+0000 [DEBUG] [org.gradle.process.internal.health.memory.DefaultMemoryManager] 786631884 physical memory requested, 0 released, 343470080 free
2026-03-24T12:15:49.472+0000 [DEBUG] [org.gradle.process.internal.health.memory.DefaultMemoryManager] 786631884 physical memory requested, 353038336 free
2026-03-24T12:15:49.496+0000 [DEBUG] [org.gradle.workers.internal.WorkerDaemonExpiration] Will attempt to release 750 of memory
2026-03-24T12:15:49.524+0000 [DEBUG] [org.gradle.process.internal.health.memory.DefaultMemoryManager] 786631884 physical memory requested, 0 released, 353038336 free
2026-03-24T12:15:53.245+0000 [DEBUG] [org.gradle.cache.internal.DefaultFileLockManager] Waiting to acquire shared lock on daemon addresses registry.
2026-03-24T12:15:53.246+0000 [DEBUG] [org.gradle.cache.internal.DefaultFileLockManager] Lock acquired on daemon addresses registry.
2026-03-24T12:15:53.249+0000 [DEBUG] [org.gradle.cache.internal.DefaultFileLockManager] Releasing lock on daemon addresses registry.
2026-03-24T12:15:53.254+0000 [DEBUG] [org.gradle.cache.internal.DefaultFileLockManager] Waiting to acquire shared lock on daemon addresses registry.
2026-03-24T12:15:53.255+0000 [DEBUG] [org.gradle.cache.internal.DefaultFileLockManager] Lock acquired on daemon addresses registry.
2026-03-24T12:15:53.257+0000 [DEBUG] [org.gradle.cache.internal.DefaultFileLockManager] Releasing lock on daemon addresses registry.
2026-03-24T12:15:53.262+0000 [DEBUG] [org.gradle.cache.internal.DefaultFileLockManager] Waiting to acquire shared lock on daemon addresses registry.
2026-03-24T12:15:53.263+0000 [DEBUG] [org.gradle.cache.internal.DefaultFileLockManager] Lock acquired on daemon addresses registry.
2026-03-24T12:15:53.265+0000 [DEBUG] [org.gradle.cache.internal.DefaultFileLockManager] Releasing lock on daemon addresses registry.
2026-03-24T12:15:54.366+0000 [DEBUG] [org.gradle.process.internal.health.memory.DefaultMemoryManager] 786631884 physical memory requested, 268075008 free
2026-03-24T12:15:54.367+0000 [DEBUG] [org.gradle.workers.internal.WorkerDaemonExpiration] Will attempt to release 750 of memory
2026-03-24T12:15:54.367+0000 [DEBUG] [org.gradle.process.internal.health.memory.DefaultMemoryManager] 786631884 physical memory requested, 0 released, 268075008 free
2026-03-24T12:15:59.357+0000 [DEBUG] [org.gradle.process.internal.health.memory.DefaultMemoryManager] 786631884 physical memory requested, 231129088 free
2026-03-24T12:15:59.357+0000 [DEBUG] [org.gradle.workers.internal.WorkerDaemonExpiration] Will attempt to release 750 of memory
2026-03-24T12:15:59.357+0000 [DEBUG] [org.gradle.process.internal.health.memory.DefaultMemoryManager] 786631884 physical memory requested, 0 released, 231129088 free
2026-03-24T12:16:03.230+0000 [DEBUG] [org.gradle.cache.internal.DefaultFileLockManager] Waiting to acquire shared lock on daemon addresses registry.
2026-03-24T12:16:03.232+0000 [DEBUG] [org.gradle.cache.internal.DefaultFileLockManager] Lock acquired on daemon addresses registry.
2026-03-24T12:16:03.233+0000 [DEBUG] [org.gradle.cache.internal.DefaultFileLockManager] Releasing lock on daemon addresses registry.
2026-03-24T12:16:03.237+0000 [DEBUG] [org.gradle.cache.internal.DefaultFileLockManager] Waiting to acquire shared lock on daemon addresses registry.
2026-03-24T12:16:03.237+0000 [DEBUG] [org.gradle.cache.internal.DefaultFileLockManager] Lock acquired on daemon addresses registry.
2026-03-24T12:16:03.238+0000 [DEBUG] [org.gradle.cache.internal.DefaultFileLockManager] Releasing lock on daemon addresses registry.
2026-03-24T12:16:03.241+0000 [DEBUG] [org.gradle.cache.internal.DefaultFileLockManager] Waiting to acquire shared lock on daemon addresses registry.
2026-03-24T12:16:03.242+0000 [DEBUG] [org.gradle.cache.internal.DefaultFileLockManager] Lock acquired on daemon addresses registry.
2026-03-24T12:16:03.243+0000 [DEBUG] [org.gradle.cache.internal.DefaultFileLockManager] Releasing lock on daemon addresses registry.
2026-03-24T12:16:04.352+0000 [DEBUG] [org.gradle.process.internal.health.memory.DefaultMemoryManager] 786631884 physical memory requested, 197447680 free
2026-03-24T12:16:04.352+0000 [DEBUG] [org.gradle.workers.internal.WorkerDaemonExpiration] Will attempt to release 750 of memory
2026-03-24T12:16:04.352+0000 [DEBUG] [org.gradle.process.internal.health.memory.DefaultMemoryManager] 786631884 physical memory requested, 0 released, 197447680 free
2026-03-24T12:16:09.356+0000 [DEBUG] [org.gradle.process.internal.health.memory.DefaultMemoryManager] 786631884 physical memory requested, 209780736 free
2026-03-24T12:16:09.356+0000 [DEBUG] [org.gradle.workers.internal.WorkerDaemonExpiration] Will attempt to release 750 of memory
2026-03-24T12:16:09.356+0000 [DEBUG] [org.gradle.process.internal.health.memory.DefaultMemoryManager] 786631884 physical memory requested, 0 released, 209780736 free
2026-03-24T12:16:13.241+0000 [DEBUG] [org.gradle.cache.internal.DefaultFileLockManager] Waiting to acquire shared lock on daemon addresses registry.
2026-03-24T12:16:13.242+0000 [DEBUG] [org.gradle.cache.internal.DefaultFileLockManager] Lock acquired on daemon addresses registry.
2026-03-24T12:16:13.243+0000 [DEBUG] [org.gradle.cache.internal.DefaultFileLockManager] Releasing lock on daemon addresses registry.
2026-03-24T12:16:13.246+0000 [DEBUG] [org.gradle.cache.internal.DefaultFileLockManager] Waiting to acquire shared lock on daemon addresses registry.
2026-03-24T12:16:13.246+0000 [DEBUG] [org.gradle.cache.internal.DefaultFileLockManager] Lock acquired on daemon addresses registry.
2026-03-24T12:16:13.247+0000 [DEBUG] [org.gradle.cache.internal.DefaultFileLockManager] Releasing lock on daemon addresses registry.
2026-03-24T12:16:13.249+0000 [DEBUG] [org.gradle.cache.internal.DefaultFileLockManager] Waiting to acquire shared lock on daemon addresses registry.
2026-03-24T12:16:13.249+0000 [DEBUG] [org.gradle.cache.internal.DefaultFileLockManager] Lock acquired on daemon addresses registry.
2026-03-24T12:16:13.250+0000 [DEBUG] [org.gradle.cache.internal.DefaultFileLockManager] Releasing lock on daemon addresses registry.
2026-03-24T12:16:14.352+0000 [DEBUG] [org.gradle.process.internal.health.memory.DefaultMemoryManager] 786631884 physical memory requested, 276389888 free
2026-03-24T12:16:14.352+0000 [DEBUG] [org.gradle.workers.internal.WorkerDaemonExpiration] Will attempt to release 750 of memory
2026-03-24T12:16:14.352+0000 [DEBUG] [org.gradle.process.internal.health.memory.DefaultMemoryManager] 786631884 physical memory requested, 0 released, 276389888 free
2026-03-24T12:16:19.357+0000 [DEBUG] [org.gradle.process.internal.health.memory.DefaultMemoryManager] 786631884 physical memory requested, 314175488 free
2026-03-24T12:16:19.357+0000 [DEBUG] [org.gradle.workers.internal.WorkerDaemonExpiration] Will attempt to release 750 of memory
2026-03-24T12:16:19.358+0000 [DEBUG] [org.gradle.process.internal.health.memory.DefaultMemoryManager] 786631884 physical memory requested, 0 released, 314175488 free
2026-03-24T12:16:23.242+0000 [DEBUG] [org.gradle.cache.internal.DefaultFileLockManager] Waiting to acquire shared lock on daemon addresses registry.
2026-03-24T12:16:23.242+0000 [DEBUG] [org.gradle.cache.internal.DefaultFileLockManager] Lock acquired on daemon addresses registry.
2026-03-24T12:16:23.243+0000 [DEBUG] [org.gradle.cache.internal.DefaultFileLockManager] Releasing lock on daemon addresses registry.
2026-03-24T12:16:23.244+0000 [DEBUG] [org.gradle.cache.internal.DefaultFileLockManager] Waiting to acquire shared lock on daemon addresses registry.
2026-03-24T12:16:23.245+0000 [DEBUG] [org.gradle.cache.internal.DefaultFileLockManager] Lock acquired on daemon addresses registry.
2026-03-24T12:16:23.245+0000 [DEBUG] [org.gradle.cache.internal.DefaultFileLockManager] Releasing lock on daemon addresses registry.
2026-03-24T12:16:23.247+0000 [DEBUG] [org.gradle.cache.internal.DefaultFileLockManager] Waiting to acquire shared lock on daemon addresses registry.
2026-03-24T12:16:23.248+0000 [DEBUG] [org.gradle.cache.internal.DefaultFileLockManager] Lock acquired on daemon addresses registry.
2026-03-24T12:16:23.248+0000 [DEBUG] [org.gradle.cache.internal.DefaultFileLockManager] Releasing lock on daemon addresses registry.
2026-03-24T12:16:24.364+0000 [DEBUG] [org.gradle.process.internal.health.memory.DefaultMemoryManager] 786631884 physical memory requested, 332472320 free
2026-03-24T12:16:24.365+0000 [DEBUG] [org.gradle.workers.internal.WorkerDaemonExpiration] Will attempt to release 750 of memory
2026-03-24T12:16:24.365+0000 [DEBUG] [org.gradle.process.internal.health.memory.DefaultMemoryManager] 786631884 physical memory requested, 0 released, 332472320 free
2026-03-24T12:16:29.358+0000 [DEBUG] [org.gradle.process.internal.health.memory.DefaultMemoryManager] 786631884 physical memory requested, 415096832 free
2026-03-24T12:16:29.358+0000 [DEBUG] [org.gradle.workers.internal.WorkerDaemonExpiration] Will attempt to release 750 of memory
2026-03-24T12:16:29.358+0000 [DEBUG] [org.gradle.process.internal.health.memory.DefaultMemoryManager] 786631884 physical memory requested, 0 released, 415096832 free
2026-03-24T12:16:33.242+0000 [DEBUG] [org.gradle.cache.internal.DefaultFileLockManager] Waiting to acquire shared lock on daemon addresses registry.
2026-03-24T12:16:33.243+0000 [DEBUG] [org.gradle.cache.internal.DefaultFileLockManager] Lock acquired on daemon addresses registry.
2026-03-24T12:16:33.244+0000 [DEBUG] [org.gradle.cache.internal.DefaultFileLockManager] Releasing lock on daemon addresses registry.
2026-03-24T12:16:33.246+0000 [DEBUG] [org.gradle.cache.internal.DefaultFileLockManager] Waiting to acquire shared lock on daemon addresses registry.
2026-03-24T12:16:33.247+0000 [DEBUG] [org.gradle.cache.internal.DefaultFileLockManager] Lock acquired on daemon addresses registry.
2026-03-24T12:16:33.248+0000 [DEBUG] [org.gradle.cache.internal.DefaultFileLockManager] Releasing lock on daemon addresses registry.
2026-03-24T12:16:33.250+0000 [DEBUG] [org.gradle.cache.internal.DefaultFileLockManager] Waiting to acquire shared lock on daemon addresses registry.
2026-03-24T12:16:33.251+0000 [DEBUG] [org.gradle.cache.internal.DefaultFileLockManager] Lock acquired on daemon addresses registry.
2026-03-24T12:16:33.251+0000 [DEBUG] [org.gradle.cache.internal.DefaultFileLockManager] Releasing lock on daemon addresses registry.
2026-03-24T12:16:34.366+0000 [DEBUG] [org.gradle.process.internal.health.memory.DefaultMemoryManager] 786631884 physical memory requested, 617177088 free
2026-03-24T12:16:34.366+0000 [DEBUG] [org.gradle.workers.internal.WorkerDaemonExpiration] Will attempt to release 750 of memory
2026-03-24T12:16:34.366+0000 [DEBUG] [org.gradle.process.internal.health.memory.DefaultMemoryManager] 786631884 physical memory requested, 0 released, 617177088 free
2026-03-24T12:16:39.361+0000 [DEBUG] [org.gradle.process.internal.health.memory.DefaultMemoryManager] 786631884 physical memory requested, 541528064 free
2026-03-24T12:16:39.361+0000 [DEBUG] [org.gradle.workers.internal.WorkerDaemonExpiration] Will attempt to release 750 of memory
2026-03-24T12:16:39.361+0000 [DEBUG] [org.gradle.process.internal.health.memory.DefaultMemoryManager] 786631884 physical memory requested, 0 released, 541528064 free
2026-03-24T12:16:43.240+0000 [DEBUG] [org.gradle.cache.internal.DefaultFileLockManager] Waiting to acquire shared lock on daemon addresses registry.
2026-03-24T12:16:43.241+0000 [DEBUG] [org.gradle.cache.internal.DefaultFileLockManager] Lock acquired on daemon addresses registry.
2026-03-24T12:16:43.241+0000 [DEBUG] [org.gradle.cache.internal.DefaultFileLockManager] Releasing lock on daemon addresses registry.
2026-03-24T12:16:43.243+0000 [DEBUG] [org.gradle.cache.internal.DefaultFileLockManager] Waiting to acquire shared lock on daemon addresses registry.
2026-03-24T12:16:43.244+0000 [DEBUG] [org.gradle.cache.internal.DefaultFileLockManager] Lock acquired on daemon addresses registry.
2026-03-24T12:16:43.244+0000 [DEBUG] [org.gradle.cache.internal.DefaultFileLockManager] Releasing lock on daemon addresses registry.
2026-03-24T12:16:43.246+0000 [DEBUG] [org.gradle.cache.internal.DefaultFileLockManager] Waiting to acquire shared lock on daemon addresses registry.
2026-03-24T12:16:43.246+0000 [DEBUG] [org.gradle.cache.internal.DefaultFileLockManager] Lock acquired on daemon addresses registry.
2026-03-24T12:16:43.247+0000 [DEBUG] [org.gradle.cache.internal.DefaultFileLockManager] Releasing lock on daemon addresses registry.
2026-03-24T12:16:44.363+0000 [DEBUG] [org.gradle.process.internal.health.memory.DefaultMemoryManager] 786631884 physical memory requested, 440983552 free
2026-03-24T12:16:44.363+0000 [DEBUG] [org.gradle.workers.internal.WorkerDaemonExpiration] Will attempt to release 750 of memory
2026-03-24T12:16:44.363+0000 [DEBUG] [org.gradle.process.internal.health.memory.DefaultMemoryManager] 786631884 physical memory requested, 0 released, 440983552 free
2026-03-24T12:16:49.363+0000 [DEBUG] [org.gradle.process.internal.health.memory.DefaultMemoryManager] 786631884 physical memory requested, 415059968 free
2026-03-24T12:16:49.364+0000 [DEBUG] [org.gradle.workers.internal.WorkerDaemonExpiration] Will attempt to release 750 of memory
2026-03-24T12:16:49.364+0000 [DEBUG] [org.gradle.process.internal.health.memory.DefaultMemoryManager] 786631884 physical memory requested, 0 released, 415059968 free
2026-03-24T12:16:53.240+0000 [DEBUG] [org.gradle.cache.internal.DefaultFileLockManager] Waiting to acquire shared lock on daemon addresses registry.
2026-03-24T12:16:53.240+0000 [DEBUG] [org.gradle.cache.internal.DefaultFileLockManager] Lock acquired on daemon addresses registry.
2026-03-24T12:16:53.241+0000 [DEBUG] [org.gradle.cache.internal.DefaultFileLockManager] Releasing lock on daemon addresses registry.
2026-03-24T12:16:53.243+0000 [DEBUG] [org.gradle.cache.internal.DefaultFileLockManager] Waiting to acquire shared lock on daemon addresses registry.
2026-03-24T12:16:53.243+0000 [DEBUG] [org.gradle.cache.internal.DefaultFileLockManager] Lock acquired on daemon addresses registry.
2026-03-24T12:16:53.244+0000 [DEBUG] [org.gradle.cache.internal.DefaultFileLockManager] Releasing lock on daemon addresses registry.
2026-03-24T12:16:53.247+0000 [DEBUG] [org.gradle.cache.internal.DefaultFileLockManager] Waiting to acquire shared lock on daemon addresses registry.
2026-03-24T12:16:53.247+0000 [DEBUG] [org.gradle.cache.internal.DefaultFileLockManager] Lock acquired on daemon addresses registry.
2026-03-24T12:16:53.247+0000 [DEBUG] [org.gradle.cache.internal.DefaultFileLockManager] Releasing lock on daemon addresses registry.
2026-03-24T12:16:54.352+0000 [DEBUG] [org.gradle.process.internal.health.memory.DefaultMemoryManager] 786631884 physical memory requested, 387190784 free
2026-03-24T12:16:54.353+0000 [DEBUG] [org.gradle.workers.internal.WorkerDaemonExpiration] Will attempt to release 750 of memory
2026-03-24T12:16:54.353+0000 [DEBUG] [org.gradle.process.internal.health.memory.DefaultMemoryManager] 786631884 physical memory requested, 0 released, 387190784 free
2026-03-24T12:16:59.352+0000 [DEBUG] [org.gradle.process.internal.health.memory.DefaultMemoryManager] 786631884 physical memory requested, 331165696 free
2026-03-24T12:16:59.352+0000 [DEBUG] [org.gradle.workers.internal.WorkerDaemonExpiration] Will attempt to release 750 of memory
2026-03-24T12:16:59.353+0000 [DEBUG] [org.gradle.process.internal.health.memory.DefaultMemoryManager] 786631884 physical memory requested, 0 released, 331165696 free
2026-03-24T12:17:03.243+0000 [DEBUG] [org.gradle.cache.internal.DefaultFileLockManager] Waiting to acquire shared lock on daemon addresses registry.
2026-03-24T12:17:03.244+0000 [DEBUG] [org.gradle.cache.internal.DefaultFileLockManager] Lock acquired on daemon addresses registry.
2026-03-24T12:17:03.244+0000 [DEBUG] [org.gradle.cache.internal.DefaultFileLockManager] Releasing lock on daemon addresses registry.
2026-03-24T12:17:03.246+0000 [DEBUG] [org.gradle.cache.internal.DefaultFileLockManager] Waiting to acquire shared lock on daemon addresses registry.
2026-03-24T12:17:03.246+0000 [DEBUG] [org.gradle.cache.internal.DefaultFileLockManager] Lock acquired on daemon addresses registry.
2026-03-24T12:17:03.247+0000 [DEBUG] [org.gradle.cache.internal.DefaultFileLockManager] Releasing lock on daemon addresses registry.
2026-03-24T12:17:03.248+0000 [DEBUG] [org.gradle.cache.internal.DefaultFileLockManager] Waiting to acquire shared lock on daemon addresses registry.
2026-03-24T12:17:03.248+0000 [DEBUG] [org.gradle.cache.internal.DefaultFileLockManager] Lock acquired on daemon addresses registry.
2026-03-24T12:17:03.249+0000 [DEBUG] [org.gradle.cache.internal.DefaultFileLockManager] Releasing lock on daemon addresses registry.
2026-03-24T12:17:04.354+0000 [DEBUG] [org.gradle.process.internal.health.memory.DefaultMemoryManager] 786631884 physical memory requested, 333615104 free
2026-03-24T12:17:04.355+0000 [DEBUG] [org.gradle.workers.internal.WorkerDaemonExpiration] Will attempt to release 750 of memory
2026-03-24T12:17:04.355+0000 [DEBUG] [org.gradle.process.internal.health.memory.DefaultMemoryManager] 786631884 physical memory requested, 0 released, 333615104 free
2026-03-24T12:17:09.366+0000 [DEBUG] [org.gradle.process.internal.health.memory.DefaultMemoryManager] 786631884 physical memory requested, 338161664 free
2026-03-24T12:17:09.366+0000 [DEBUG] [org.gradle.workers.internal.WorkerDaemonExpiration] Will attempt to release 750 of memory
2026-03-24T12:17:09.366+0000 [DEBUG] [org.gradle.process.internal.health.memory.DefaultMemoryManager] 786631884 physical memory requested, 0 released, 338161664 free
2026-03-24T12:17:13.243+0000 [DEBUG] [org.gradle.cache.internal.DefaultFileLockManager] Waiting to acquire shared lock on daemon addresses registry.
2026-03-24T12:17:13.243+0000 [DEBUG] [org.gradle.cache.internal.DefaultFileLockManager] Lock acquired on daemon addresses registry.
2026-03-24T12:17:13.244+0000 [DEBUG] [org.gradle.cache.internal.DefaultFileLockManager] Releasing lock on daemon addresses registry.
2026-03-24T12:17:13.246+0000 [DEBUG] [org.gradle.cache.internal.DefaultFileLockManager] Waiting to acquire shared lock on daemon addresses registry.
2026-03-24T12:17:13.246+0000 [DEBUG] [org.gradle.cache.internal.DefaultFileLockManager] Lock acquired on daemon addresses registry.
2026-03-24T12:17:13.246+0000 [DEBUG] [org.gradle.cache.internal.DefaultFileLockManager] Releasing lock on daemon addresses registry.
2026-03-24T12:17:13.248+0000 [DEBUG] [org.gradle.cache.internal.DefaultFileLockManager] Waiting to acquire shared lock on daemon addresses registry.
2026-03-24T12:17:13.248+0000 [DEBUG] [org.gradle.cache.internal.DefaultFileLockManager] Lock acquired on daemon addresses registry.
2026-03-24T12:17:13.249+0000 [DEBUG] [org.gradle.cache.internal.DefaultFileLockManager] Releasing lock on daemon addresses registry.
2026-03-24T12:17:14.367+0000 [DEBUG] [org.gradle.process.internal.health.memory.DefaultMemoryManager] 786631884 physical memory requested, 304939008 free
2026-03-24T12:17:14.367+0000 [DEBUG] [org.gradle.workers.internal.WorkerDaemonExpiration] Will attempt to release 750 of memory
2026-03-24T12:17:14.368+0000 [DEBUG] [org.gradle.process.internal.health.memory.DefaultMemoryManager] 786631884 physical memory requested, 0 released, 304939008 free
2026-03-24T12:17:19.359+0000 [DEBUG] [org.gradle.process.internal.health.memory.DefaultMemoryManager] 786631884 physical memory requested, 270495744 free
2026-03-24T12:17:19.360+0000 [DEBUG] [org.gradle.workers.internal.WorkerDaemonExpiration] Will attempt to release 750 of memory
2026-03-24T12:17:19.360+0000 [DEBUG] [org.gradle.process.internal.health.memory.DefaultMemoryManager] 786631884 physical memory requested, 0 released, 270495744 free
2026-03-24T12:17:23.231+0000 [DEBUG] [org.gradle.cache.internal.DefaultFileLockManager] Waiting to acquire shared lock on daemon addresses registry.
2026-03-24T12:17:23.232+0000 [DEBUG] [org.gradle.cache.internal.DefaultFileLockManager] Lock acquired on daemon addresses registry.
2026-03-24T12:17:23.232+0000 [DEBUG] [org.gradle.cache.internal.DefaultFileLockManager] Releasing lock on daemon addresses registry.
2026-03-24T12:17:23.235+0000 [DEBUG] [org.gradle.cache.internal.DefaultFileLockManager] Waiting to acquire shared lock on daemon addresses registry.
2026-03-24T12:17:23.235+0000 [DEBUG] [org.gradle.cache.internal.DefaultFileLockManager] Lock acquired on daemon addresses registry.
2026-03-24T12:17:23.236+0000 [DEBUG] [org.gradle.cache.internal.DefaultFileLockManager] Releasing lock on daemon addresses registry.
2026-03-24T12:17:23.238+0000 [DEBUG] [org.gradle.cache.internal.DefaultFileLockManager] Waiting to acquire shared lock on daemon addresses registry.
2026-03-24T12:17:23.238+0000 [DEBUG] [org.gradle.cache.internal.DefaultFileLockManager] Lock acquired on daemon addresses registry.
2026-03-24T12:17:23.238+0000 [DEBUG] [org.gradle.cache.internal.DefaultFileLockManager] Releasing lock on daemon addresses registry.
2026-03-24T12:17:24.364+0000 [DEBUG] [org.gradle.process.internal.health.memory.DefaultMemoryManager] 786631884 physical memory requested, 525524992 free
2026-03-24T12:17:24.364+0000 [DEBUG] [org.gradle.workers.internal.WorkerDaemonExpiration] Will attempt to release 750 of memory
2026-03-24T12:17:24.364+0000 [DEBUG] [org.gradle.process.internal.health.memory.DefaultMemoryManager] 786631884 physical memory requested, 0 released, 525524992 free
2026-03-24T12:17:29.357+0000 [DEBUG] [org.gradle.process.internal.health.memory.DefaultMemoryManager] 786631884 physical memory requested, 575045632 free
2026-03-24T12:17:29.357+0000 [DEBUG] [org.gradle.workers.internal.WorkerDaemonExpiration] Will attempt to release 750 of memory
2026-03-24T12:17:29.357+0000 [DEBUG] [org.gradle.process.internal.health.memory.DefaultMemoryManager] 786631884 physical memory requested, 0 released, 575045632 free
2026-03-24T12:17:33.233+0000 [DEBUG] [org.gradle.cache.internal.DefaultFileLockManager] Waiting to acquire shared lock on daemon addresses registry.
2026-03-24T12:17:33.234+0000 [DEBUG] [org.gradle.cache.internal.DefaultFileLockManager] Lock acquired on daemon addresses registry.
2026-03-24T12:17:33.235+0000 [DEBUG] [org.gradle.cache.internal.DefaultFileLockManager] Releasing lock on daemon addresses registry.
2026-03-24T12:17:33.239+0000 [DEBUG] [org.gradle.cache.internal.DefaultFileLockManager] Waiting to acquire shared lock on daemon addresses registry.
2026-03-24T12:17:33.239+0000 [DEBUG] [org.gradle.cache.internal.DefaultFileLockManager] Lock acquired on daemon addresses registry.
2026-03-24T12:17:33.240+0000 [DEBUG] [org.gradle.cache.internal.DefaultFileLockManager] Releasing lock on daemon addresses registry.
2026-03-24T12:17:33.242+0000 [DEBUG] [org.gradle.cache.internal.DefaultFileLockManager] Waiting to acquire shared lock on daemon addresses registry.
2026-03-24T12:17:33.242+0000 [DEBUG] [org.gradle.cache.internal.DefaultFileLockManager] Lock acquired on daemon addresses registry.
2026-03-24T12:17:33.243+0000 [DEBUG] [org.gradle.cache.internal.DefaultFileLockManager] Releasing lock on daemon addresses registry.
2026-03-24T12:17:34.365+0000 [DEBUG] [org.gradle.process.internal.health.memory.DefaultMemoryManager] 786631884 physical memory requested, 503615488 free
2026-03-24T12:17:34.365+0000 [DEBUG] [org.gradle.workers.internal.WorkerDaemonExpiration] Will attempt to release 750 of memory
2026-03-24T12:17:34.365+0000 [DEBUG] [org.gradle.process.internal.health.memory.DefaultMemoryManager] 786631884 physical memory requested, 0 released, 503615488 free
2026-03-24T12:17:39.353+0000 [DEBUG] [org.gradle.process.internal.health.memory.DefaultMemoryManager] 786631884 physical memory requested, 483536896 free
2026-03-24T12:17:39.353+0000 [DEBUG] [org.gradle.workers.internal.WorkerDaemonExpiration] Will attempt to release 750 of memory
2026-03-24T12:17:39.353+0000 [DEBUG] [org.gradle.process.internal.health.memory.DefaultMemoryManager] 786631884 physical memory requested, 0 released, 483536896 free
2026-03-24T12:17:43.232+0000 [DEBUG] [org.gradle.cache.internal.DefaultFileLockManager] Waiting to acquire shared lock on daemon addresses registry.
2026-03-24T12:17:43.233+0000 [DEBUG] [org.gradle.cache.internal.DefaultFileLockManager] Lock acquired on daemon addresses registry.
2026-03-24T12:17:43.234+0000 [DEBUG] [org.gradle.cache.internal.DefaultFileLockManager] Releasing lock on daemon addresses registry.
2026-03-24T12:17:43.238+0000 [DEBUG] [org.gradle.cache.internal.DefaultFileLockManager] Waiting to acquire shared lock on daemon addresses registry.
2026-03-24T12:17:43.239+0000 [DEBUG] [org.gradle.cache.internal.DefaultFileLockManager] Lock acquired on daemon addresses registry.
2026-03-24T12:17:43.240+0000 [DEBUG] [org.gradle.cache.internal.DefaultFileLockManager] Releasing lock on daemon addresses registry.
2026-03-24T12:17:43.243+0000 [DEBUG] [org.gradle.cache.internal.DefaultFileLockManager] Waiting to acquire shared lock on daemon addresses registry.
2026-03-24T12:17:43.244+0000 [DEBUG] [org.gradle.cache.internal.DefaultFileLockManager] Lock acquired on daemon addresses registry.
2026-03-24T12:17:43.245+0000 [DEBUG] [org.gradle.cache.internal.DefaultFileLockManager] Releasing lock on daemon addresses registry.
2026-03-24T12:17:44.356+0000 [DEBUG] [org.gradle.process.internal.health.memory.DefaultMemoryManager] 786631884 physical memory requested, 464723968 free
2026-03-24T12:17:44.356+0000 [DEBUG] [org.gradle.workers.internal.WorkerDaemonExpiration] Will attempt to release 750 of memory
2026-03-24T12:17:44.356+0000 [DEBUG] [org.gradle.process.internal.health.memory.DefaultMemoryManager] 786631884 physical memory requested, 0 released, 464723968 free
2026-03-24T12:17:49.358+0000 [DEBUG] [org.gradle.process.internal.health.memory.DefaultMemoryManager] 786631884 physical memory requested, 411680768 free
2026-03-24T12:17:49.358+0000 [DEBUG] [org.gradle.workers.internal.WorkerDaemonExpiration] Will attempt to release 750 of memory
2026-03-24T12:17:49.358+0000 [DEBUG] [org.gradle.process.internal.health.memory.DefaultMemoryManager] 786631884 physical memory requested, 0 released, 411680768 free
2026-03-24T12:17:53.232+0000 [DEBUG] [org.gradle.cache.internal.DefaultFileLockManager] Waiting to acquire shared lock on daemon addresses registry.
2026-03-24T12:17:53.232+0000 [DEBUG] [org.gradle.cache.internal.DefaultFileLockManager] Lock acquired on daemon addresses registry.
2026-03-24T12:17:53.232+0000 [DEBUG] [org.gradle.cache.internal.DefaultFileLockManager] Releasing lock on daemon addresses registry.
2026-03-24T12:17:53.234+0000 [DEBUG] [org.gradle.cache.internal.DefaultFileLockManager] Waiting to acquire shared lock on daemon addresses registry.
2026-03-24T12:17:53.234+0000 [DEBUG] [org.gradle.cache.internal.DefaultFileLockManager] Lock acquired on daemon addresses registry.
2026-03-24T12:17:53.235+0000 [DEBUG] [org.gradle.cache.internal.DefaultFileLockManager] Releasing lock on daemon addresses registry.
2026-03-24T12:17:53.236+0000 [DEBUG] [org.gradle.cache.internal.DefaultFileLockManager] Waiting to acquire shared lock on daemon addresses registry.
2026-03-24T12:17:53.237+0000 [DEBUG] [org.gradle.cache.internal.DefaultFileLockManager] Lock acquired on daemon addresses registry.
2026-03-24T12:17:53.237+0000 [DEBUG] [org.gradle.cache.internal.DefaultFileLockManager] Releasing lock on daemon addresses registry.
2026-03-24T12:17:54.356+0000 [DEBUG] [org.gradle.process.internal.health.memory.DefaultMemoryManager] 786631884 physical memory requested, 401121280 free
2026-03-24T12:17:54.356+0000 [DEBUG] [org.gradle.workers.internal.WorkerDaemonExpiration] Will attempt to release 750 of memory
2026-03-24T12:17:54.356+0000 [DEBUG] [org.gradle.process.internal.health.memory.DefaultMemoryManager] 786631884 physical memory requested, 0 released, 401121280 free
2026-03-24T12:17:59.364+0000 [DEBUG] [org.gradle.process.internal.health.memory.DefaultMemoryManager] 786631884 physical memory requested, 410460160 free
2026-03-24T12:17:59.364+0000 [DEBUG] [org.gradle.workers.internal.WorkerDaemonExpiration] Will attempt to release 750 of memory
2026-03-24T12:17:59.364+0000 [DEBUG] [org.gradle.process.internal.health.memory.DefaultMemoryManager] 786631884 physical memory requested, 0 released, 410460160 free
2026-03-24T12:18:03.235+0000 [DEBUG] [org.gradle.cache.internal.DefaultFileLockManager] Waiting to acquire shared lock on daemon addresses registry.
2026-03-24T12:18:03.236+0000 [DEBUG] [org.gradle.cache.internal.DefaultFileLockManager] Lock acquired on daemon addresses registry.
2026-03-24T12:18:03.236+0000 [DEBUG] [org.gradle.cache.internal.DefaultFileLockManager] Releasing lock on daemon addresses registry.
2026-03-24T12:18:03.239+0000 [DEBUG] [org.gradle.cache.internal.DefaultFileLockManager] Waiting to acquire shared lock on daemon addresses registry.
2026-03-24T12:18:03.239+0000 [DEBUG] [org.gradle.cache.internal.DefaultFileLockManager] Lock acquired on daemon addresses registry.
2026-03-24T12:18:03.250+0000 [DEBUG] [org.gradle.cache.internal.DefaultFileLockManager] Releasing lock on daemon addresses registry.
2026-03-24T12:18:03.252+0000 [DEBUG] [org.gradle.cache.internal.DefaultFileLockManager] Waiting to acquire shared lock on daemon addresses registry.
2026-03-24T12:18:03.252+0000 [DEBUG] [org.gradle.cache.internal.DefaultFileLockManager] Lock acquired on daemon addresses registry.
2026-03-24T12:18:03.252+0000 [DEBUG] [org.gradle.cache.internal.DefaultFileLockManager] Releasing lock on daemon addresses registry.
2026-03-24T12:18:04.360+0000 [DEBUG] [org.gradle.process.internal.health.memory.DefaultMemoryManager] 786631884 physical memory requested, 408875008 free
2026-03-24T12:18:04.360+0000 [DEBUG] [org.gradle.workers.internal.WorkerDaemonExpiration] Will attempt to release 750 of memory
2026-03-24T12:18:04.360+0000 [DEBUG] [org.gradle.process.internal.health.memory.DefaultMemoryManager] 786631884 physical memory requested, 0 released, 408875008 free
2026-03-24T12:18:09.352+0000 [DEBUG] [org.gradle.process.internal.health.memory.DefaultMemoryManager] 786631884 physical memory requested, 401158144 free
2026-03-24T12:18:09.352+0000 [DEBUG] [org.gradle.workers.internal.WorkerDaemonExpiration] Will attempt to release 750 of memory
2026-03-24T12:18:09.352+0000 [DEBUG] [org.gradle.process.internal.health.memory.DefaultMemoryManager] 786631884 physical memory requested, 0 released, 401158144 free
2026-03-24T12:18:13.234+0000 [DEBUG] [org.gradle.cache.internal.DefaultFileLockManager] Waiting to acquire shared lock on daemon addresses registry.
2026-03-24T12:18:13.234+0000 [DEBUG] [org.gradle.cache.internal.DefaultFileLockManager] Lock acquired on daemon addresses registry.
2026-03-24T12:18:13.235+0000 [DEBUG] [org.gradle.cache.internal.DefaultFileLockManager] Releasing lock on daemon addresses registry.
2026-03-24T12:18:13.236+0000 [DEBUG] [org.gradle.cache.internal.DefaultFileLockManager] Waiting to acquire shared lock on daemon addresses registry.
2026-03-24T12:18:13.237+0000 [DEBUG] [org.gradle.cache.internal.DefaultFileLockManager] Lock acquired on daemon addresses registry.
2026-03-24T12:18:13.237+0000 [DEBUG] [org.gradle.cache.internal.DefaultFileLockManager] Releasing lock on daemon addresses registry.
2026-03-24T12:18:13.239+0000 [DEBUG] [org.gradle.cache.internal.DefaultFileLockManager] Waiting to acquire shared lock on daemon addresses registry.
2026-03-24T12:18:13.239+0000 [DEBUG] [org.gradle.cache.internal.DefaultFileLockManager] Lock acquired on daemon addresses registry.
2026-03-24T12:18:13.240+0000 [DEBUG] [org.gradle.cache.internal.DefaultFileLockManager] Releasing lock on daemon addresses registry.
2026-03-24T12:18:14.354+0000 [DEBUG] [org.gradle.process.internal.health.memory.DefaultMemoryManager] 786631884 physical memory requested, 402489344 free
2026-03-24T12:18:14.354+0000 [DEBUG] [org.gradle.workers.internal.WorkerDaemonExpiration] Will attempt to release 750 of memory
2026-03-24T12:18:14.354+0000 [DEBUG] [org.gradle.process.internal.health.memory.DefaultMemoryManager] 786631884 physical memory requested, 0 released, 402489344 free
2026-03-24T12:18:19.352+0000 [DEBUG] [org.gradle.process.internal.health.memory.DefaultMemoryManager] 786631884 physical memory requested, 402362368 free
2026-03-24T12:18:19.353+0000 [DEBUG] [org.gradle.workers.internal.WorkerDaemonExpiration] Will attempt to release 750 of memory
2026-03-24T12:18:19.353+0000 [DEBUG] [org.gradle.process.internal.health.memory.DefaultMemoryManager] 786631884 physical memory requested, 0 released, 402362368 free
2026-03-24T12:18:23.230+0000 [DEBUG] [org.gradle.cache.internal.DefaultFileLockManager] Waiting to acquire shared lock on daemon addresses registry.
2026-03-24T12:18:23.230+0000 [DEBUG] [org.gradle.cache.internal.DefaultFileLockManager] Lock acquired on daemon addresses registry.
2026-03-24T12:18:23.231+0000 [DEBUG] [org.gradle.cache.internal.DefaultFileLockManager] Releasing lock on daemon addresses registry.
2026-03-24T12:18:23.233+0000 [DEBUG] [org.gradle.cache.internal.DefaultFileLockManager] Waiting to acquire shared lock on daemon addresses registry.
2026-03-24T12:18:23.233+0000 [DEBUG] [org.gradle.cache.internal.DefaultFileLockManager] Lock acquired on daemon addresses registry.
2026-03-24T12:18:23.233+0000 [DEBUG] [org.gradle.cache.internal.DefaultFileLockManager] Releasing lock on daemon addresses registry.
2026-03-24T12:18:23.235+0000 [DEBUG] [org.gradle.cache.internal.DefaultFileLockManager] Waiting to acquire shared lock on daemon addresses registry.
2026-03-24T12:18:23.235+0000 [DEBUG] [org.gradle.cache.internal.DefaultFileLockManager] Lock acquired on daemon addresses registry.
2026-03-24T12:18:23.235+0000 [DEBUG] [org.gradle.cache.internal.DefaultFileLockManager] Releasing lock on daemon addresses registry.
2026-03-24T12:18:24.350+0000 [DEBUG] [org.gradle.process.internal.health.memory.DefaultMemoryManager] 786631884 physical memory requested, 402739200 free
2026-03-24T12:18:24.350+0000 [DEBUG] [org.gradle.workers.internal.WorkerDaemonExpiration] Will attempt to release 750 of memory
2026-03-24T12:18:24.350+0000 [DEBUG] [org.gradle.process.internal.health.memory.DefaultMemoryManager] 786631884 physical memory requested, 0 released, 402739200 free
2026-03-24T12:18:29.366+0000 [DEBUG] [org.gradle.process.internal.health.memory.DefaultMemoryManager] 786631884 physical memory requested, 396869632 free
2026-03-24T12:18:29.366+0000 [DEBUG] [org.gradle.workers.internal.WorkerDaemonExpiration] Will attempt to release 750 of memory
2026-03-24T12:18:29.366+0000 [DEBUG] [org.gradle.process.internal.health.memory.DefaultMemoryManager] 786631884 physical memory requested, 0 released, 396869632 free
2026-03-24T12:18:33.243+0000 [DEBUG] [org.gradle.cache.internal.DefaultFileLockManager] Waiting to acquire shared lock on daemon addresses registry.
2026-03-24T12:18:33.244+0000 [DEBUG] [org.gradle.cache.internal.DefaultFileLockManager] Lock acquired on daemon addresses registry.
2026-03-24T12:18:33.244+0000 [DEBUG] [org.gradle.cache.internal.DefaultFileLockManager] Releasing lock on daemon addresses registry.
2026-03-24T12:18:33.246+0000 [DEBUG] [org.gradle.cache.internal.DefaultFileLockManager] Waiting to acquire shared lock on daemon addresses registry.
2026-03-24T12:18:33.246+0000 [DEBUG] [org.gradle.cache.internal.DefaultFileLockManager] Lock acquired on daemon addresses registry.
2026-03-24T12:18:33.247+0000 [DEBUG] [org.gradle.cache.internal.DefaultFileLockManager] Releasing lock on daemon addresses registry.
2026-03-24T12:18:33.249+0000 [DEBUG] [org.gradle.cache.internal.DefaultFileLockManager] Waiting to acquire shared lock on daemon addresses registry.
2026-03-24T12:18:33.250+0000 [DEBUG] [org.gradle.cache.internal.DefaultFileLockManager] Lock acquired on daemon addresses registry.
2026-03-24T12:18:33.250+0000 [DEBUG] [org.gradle.cache.internal.DefaultFileLockManager] Releasing lock on daemon addresses registry.
2026-03-24T12:18:34.358+0000 [DEBUG] [org.gradle.process.internal.health.memory.DefaultMemoryManager] 786631884 physical memory requested, 369090560 free
2026-03-24T12:18:34.358+0000 [DEBUG] [org.gradle.workers.internal.WorkerDaemonExpiration] Will attempt to release 750 of memory
2026-03-24T12:18:34.358+0000 [DEBUG] [org.gradle.process.internal.health.memory.DefaultMemoryManager] 786631884 physical memory requested, 0 released, 369090560 free
2026-03-24T12:18:39.353+0000 [DEBUG] [org.gradle.process.internal.health.memory.DefaultMemoryManager] 786631884 physical memory requested, 362909696 free
2026-03-24T12:18:39.354+0000 [DEBUG] [org.gradle.workers.internal.WorkerDaemonExpiration] Will attempt to release 750 of memory
2026-03-24T12:18:39.354+0000 [DEBUG] [org.gradle.process.internal.health.memory.DefaultMemoryManager] 786631884 physical memory requested, 0 released, 362909696 free
2026-03-24T12:18:43.244+0000 [DEBUG] [org.gradle.cache.internal.DefaultFileLockManager] Waiting to acquire shared lock on daemon addresses registry.
2026-03-24T12:18:43.245+0000 [DEBUG] [org.gradle.cache.internal.DefaultFileLockManager] Lock acquired on daemon addresses registry.
2026-03-24T12:18:43.245+0000 [DEBUG] [org.gradle.cache.internal.DefaultFileLockManager] Releasing lock on daemon addresses registry.
2026-03-24T12:18:43.247+0000 [DEBUG] [org.gradle.cache.internal.DefaultFileLockManager] Waiting to acquire shared lock on daemon addresses registry.
2026-03-24T12:18:43.247+0000 [DEBUG] [org.gradle.cache.internal.DefaultFileLockManager] Lock acquired on daemon addresses registry.
2026-03-24T12:18:43.248+0000 [DEBUG] [org.gradle.cache.internal.DefaultFileLockManager] Releasing lock on daemon addresses registry.
2026-03-24T12:18:43.249+0000 [DEBUG] [org.gradle.cache.internal.DefaultFileLockManager] Waiting to acquire shared lock on daemon addresses registry.
2026-03-24T12:18:43.250+0000 [DEBUG] [org.gradle.cache.internal.DefaultFileLockManager] Lock acquired on daemon addresses registry.
2026-03-24T12:18:43.250+0000 [DEBUG] [org.gradle.cache.internal.DefaultFileLockManager] Releasing lock on daemon addresses registry.
2026-03-24T12:18:44.365+0000 [DEBUG] [org.gradle.process.internal.health.memory.DefaultMemoryManager] 786631884 physical memory requested, 360730624 free
2026-03-24T12:18:44.365+0000 [DEBUG] [org.gradle.workers.internal.WorkerDaemonExpiration] Will attempt to release 750 of memory
2026-03-24T12:18:44.365+0000 [DEBUG] [org.gradle.process.internal.health.memory.DefaultMemoryManager] 786631884 physical memory requested, 0 released, 360730624 free
2026-03-24T12:18:49.350+0000 [DEBUG] [org.gradle.process.internal.health.memory.DefaultMemoryManager] 786631884 physical memory requested, 364085248 free
2026-03-24T12:18:49.350+0000 [DEBUG] [org.gradle.workers.internal.WorkerDaemonExpiration] Will attempt to release 750 of memory
2026-03-24T12:18:49.350+0000 [DEBUG] [org.gradle.process.internal.health.memory.DefaultMemoryManager] 786631884 physical memory requested, 0 released, 364085248 free
2026-03-24T12:18:53.235+0000 [DEBUG] [org.gradle.cache.internal.DefaultFileLockManager] Waiting to acquire shared lock on daemon addresses registry.
2026-03-24T12:18:53.235+0000 [DEBUG] [org.gradle.cache.internal.DefaultFileLockManager] Lock acquired on daemon addresses registry.
2026-03-24T12:18:53.235+0000 [DEBUG] [org.gradle.cache.internal.DefaultFileLockManager] Releasing lock on daemon addresses registry.
2026-03-24T12:18:53.237+0000 [DEBUG] [org.gradle.cache.internal.DefaultFileLockManager] Waiting to acquire shared lock on daemon addresses registry.
2026-03-24T12:18:53.237+0000 [DEBUG] [org.gradle.cache.internal.DefaultFileLockManager] Lock acquired on daemon addresses registry.
2026-03-24T12:18:53.238+0000 [DEBUG] [org.gradle.cache.internal.DefaultFileLockManager] Releasing lock on daemon addresses registry.
2026-03-24T12:18:53.240+0000 [DEBUG] [org.gradle.cache.internal.DefaultFileLockManager] Waiting to acquire shared lock on daemon addresses registry.
2026-03-24T12:18:53.240+0000 [DEBUG] [org.gradle.cache.internal.DefaultFileLockManager] Lock acquired on daemon addresses registry.
2026-03-24T12:18:53.241+0000 [DEBUG] [org.gradle.cache.internal.DefaultFileLockManager] Releasing lock on daemon addresses registry.
2026-03-24T12:18:54.354+0000 [DEBUG] [org.gradle.process.internal.health.memory.DefaultMemoryManager] 786631884 physical memory requested, 624992256 free
2026-03-24T12:18:54.355+0000 [DEBUG] [org.gradle.workers.internal.WorkerDaemonExpiration] Will attempt to release 750 of memory
2026-03-24T12:18:54.355+0000 [DEBUG] [org.gradle.process.internal.health.memory.DefaultMemoryManager] 786631884 physical memory requested, 0 released, 624992256 free
2026-03-24T12:18:59.350+0000 [DEBUG] [org.gradle.process.internal.health.memory.DefaultMemoryManager] 786631884 physical memory requested, 631787520 free
2026-03-24T12:18:59.350+0000 [DEBUG] [org.gradle.workers.internal.WorkerDaemonExpiration] Will attempt to release 750 of memory
2026-03-24T12:18:59.351+0000 [DEBUG] [org.gradle.process.internal.health.memory.DefaultMemoryManager] 786631884 physical memory requested, 0 released, 631787520 free
2026-03-24T12:19:03.232+0000 [DEBUG] [org.gradle.cache.internal.DefaultFileLockManager] Waiting to acquire shared lock on daemon addresses registry.
2026-03-24T12:19:03.232+0000 [DEBUG] [org.gradle.cache.internal.DefaultFileLockManager] Lock acquired on daemon addresses registry.
2026-03-24T12:19:03.232+0000 [DEBUG] [org.gradle.cache.internal.DefaultFileLockManager] Releasing lock on daemon addresses registry.
2026-03-24T12:19:03.234+0000 [DEBUG] [org.gradle.cache.internal.DefaultFileLockManager] Waiting to acquire shared lock on daemon addresses registry.
2026-03-24T12:19:03.234+0000 [DEBUG] [org.gradle.cache.internal.DefaultFileLockManager] Lock acquired on daemon addresses registry.
2026-03-24T12:19:03.235+0000 [DEBUG] [org.gradle.cache.internal.DefaultFileLockManager] Releasing lock on daemon addresses registry.
2026-03-24T12:19:03.236+0000 [DEBUG] [org.gradle.cache.internal.DefaultFileLockManager] Waiting to acquire shared lock on daemon addresses registry.
2026-03-24T12:19:03.237+0000 [DEBUG] [org.gradle.cache.internal.DefaultFileLockManager] Lock acquired on daemon addresses registry.
2026-03-24T12:19:03.237+0000 [DEBUG] [org.gradle.cache.internal.DefaultFileLockManager] Releasing lock on daemon addresses registry.
2026-03-24T12:19:04.362+0000 [DEBUG] [org.gradle.process.internal.health.memory.DefaultMemoryManager] 786631884 physical memory requested, 627519488 free
2026-03-24T12:19:04.362+0000 [DEBUG] [org.gradle.workers.internal.WorkerDaemonExpiration] Will attempt to release 750 of memory
2026-03-24T12:19:04.362+0000 [DEBUG] [org.gradle.process.internal.health.memory.DefaultMemoryManager] 786631884 physical memory requested, 0 released, 627519488 free
2026-03-24T12:19:09.368+0000 [DEBUG] [org.gradle.process.internal.health.memory.DefaultMemoryManager] 786631884 physical memory requested, 626700288 free
2026-03-24T12:19:09.379+0000 [DEBUG] [org.gradle.workers.internal.WorkerDaemonExpiration] Will attempt to release 750 of memory
2026-03-24T12:19:09.379+0000 [DEBUG] [org.gradle.process.internal.health.memory.DefaultMemoryManager] 786631884 physical memory requested, 0 released, 626700288 free
2026-03-24T12:19:13.231+0000 [DEBUG] [org.gradle.cache.internal.DefaultFileLockManager] Waiting to acquire shared lock on daemon addresses registry.
2026-03-24T12:19:13.231+0000 [DEBUG] [org.gradle.cache.internal.DefaultFileLockManager] Lock acquired on daemon addresses registry.
2026-03-24T12:19:13.231+0000 [DEBUG] [org.gradle.cache.internal.DefaultFileLockManager] Releasing lock on daemon addresses registry.
2026-03-24T12:19:13.233+0000 [DEBUG] [org.gradle.cache.internal.DefaultFileLockManager] Waiting to acquire shared lock on daemon addresses registry.
2026-03-24T12:19:13.233+0000 [DEBUG] [org.gradle.cache.internal.DefaultFileLockManager] Lock acquired on daemon addresses registry.
2026-03-24T12:19:13.234+0000 [DEBUG] [org.gradle.cache.internal.DefaultFileLockManager] Releasing lock on daemon addresses registry.
2026-03-24T12:19:13.235+0000 [DEBUG] [org.gradle.cache.internal.DefaultFileLockManager] Waiting to acquire shared lock on daemon addresses registry.
2026-03-24T12:19:13.235+0000 [DEBUG] [org.gradle.cache.internal.DefaultFileLockManager] Lock acquired on daemon addresses registry.
2026-03-24T12:19:13.236+0000 [DEBUG] [org.gradle.cache.internal.DefaultFileLockManager] Releasing lock on daemon addresses registry.
2026-03-24T12:19:14.358+0000 [DEBUG] [org.gradle.process.internal.health.memory.DefaultMemoryManager] 786631884 physical memory requested, 625500160 free
2026-03-24T12:19:14.358+0000 [DEBUG] [org.gradle.workers.internal.WorkerDaemonExpiration] Will attempt to release 750 of memory
2026-03-24T12:19:14.358+0000 [DEBUG] [org.gradle.process.internal.health.memory.DefaultMemoryManager] 786631884 physical memory requested, 0 released, 625500160 free
2026-03-24T12:19:19.364+0000 [DEBUG] [org.gradle.process.internal.health.memory.DefaultMemoryManager] 786631884 physical memory requested, 608043008 free
2026-03-24T12:19:19.364+0000 [DEBUG] [org.gradle.workers.internal.WorkerDaemonExpiration] Will attempt to release 750 of memory
2026-03-24T12:19:19.364+0000 [DEBUG] [org.gradle.process.internal.health.memory.DefaultMemoryManager] 786631884 physical memory requested, 0 released, 608043008 free
2026-03-24T12:19:23.238+0000 [DEBUG] [org.gradle.cache.internal.DefaultFileLockManager] Waiting to acquire shared lock on daemon addresses registry.
2026-03-24T12:19:23.238+0000 [DEBUG] [org.gradle.cache.internal.DefaultFileLockManager] Lock acquired on daemon addresses registry.
2026-03-24T12:19:23.238+0000 [DEBUG] [org.gradle.cache.internal.DefaultFileLockManager] Releasing lock on daemon addresses registry.
2026-03-24T12:19:23.241+0000 [DEBUG] [org.gradle.cache.internal.DefaultFileLockManager] Waiting to acquire shared lock on daemon addresses registry.
2026-03-24T12:19:23.241+0000 [DEBUG] [org.gradle.cache.internal.DefaultFileLockManager] Lock acquired on daemon addresses registry.
2026-03-24T12:19:23.241+0000 [DEBUG] [org.gradle.cache.internal.DefaultFileLockManager] Releasing lock on daemon addresses registry.
2026-03-24T12:19:23.243+0000 [DEBUG] [org.gradle.cache.internal.DefaultFileLockManager] Waiting to acquire shared lock on daemon addresses registry.
2026-03-24T12:19:23.243+0000 [DEBUG] [org.gradle.cache.internal.DefaultFileLockManager] Lock acquired on daemon addresses registry.
2026-03-24T12:19:23.244+0000 [DEBUG] [org.gradle.cache.internal.DefaultFileLockManager] Releasing lock on daemon addresses registry.
2026-03-24T12:19:24.360+0000 [DEBUG] [org.gradle.process.internal.health.memory.DefaultMemoryManager] 786631884 physical memory requested, 605204480 free
2026-03-24T12:19:24.360+0000 [DEBUG] [org.gradle.workers.internal.WorkerDaemonExpiration] Will attempt to release 750 of memory
2026-03-24T12:19:24.360+0000 [DEBUG] [org.gradle.process.internal.health.memory.DefaultMemoryManager] 786631884 physical memory requested, 0 released, 605204480 free
2026-03-24T12:19:29.357+0000 [DEBUG] [org.gradle.process.internal.health.memory.DefaultMemoryManager] 786631884 physical memory requested, 598110208 free
2026-03-24T12:19:29.358+0000 [DEBUG] [org.gradle.workers.internal.WorkerDaemonExpiration] Will attempt to release 750 of memory
2026-03-24T12:19:29.358+0000 [DEBUG] [org.gradle.process.internal.health.memory.DefaultMemoryManager] 786631884 physical memory requested, 0 released, 598110208 free
2026-03-24T12:19:33.229+0000 [DEBUG] [org.gradle.cache.internal.DefaultFileLockManager] Waiting to acquire shared lock on daemon addresses registry.
2026-03-24T12:19:33.229+0000 [DEBUG] [org.gradle.cache.internal.DefaultFileLockManager] Lock acquired on daemon addresses registry.
2026-03-24T12:19:33.230+0000 [DEBUG] [org.gradle.cache.internal.DefaultFileLockManager] Releasing lock on daemon addresses registry.
2026-03-24T12:19:33.232+0000 [DEBUG] [org.gradle.cache.internal.DefaultFileLockManager] Waiting to acquire shared lock on daemon addresses registry.
2026-03-24T12:19:33.232+0000 [DEBUG] [org.gradle.cache.internal.DefaultFileLockManager] Lock acquired on daemon addresses registry.
2026-03-24T12:19:33.233+0000 [DEBUG] [org.gradle.cache.internal.DefaultFileLockManager] Releasing lock on daemon addresses registry.
2026-03-24T12:19:33.235+0000 [DEBUG] [org.gradle.cache.internal.DefaultFileLockManager] Waiting to acquire shared lock on daemon addresses registry.
2026-03-24T12:19:33.236+0000 [DEBUG] [org.gradle.cache.internal.DefaultFileLockManager] Lock acquired on daemon addresses registry.
2026-03-24T12:19:33.236+0000 [DEBUG] [org.gradle.cache.internal.DefaultFileLockManager] Releasing lock on daemon addresses registry.
2026-03-24T12:19:34.359+0000 [DEBUG] [org.gradle.process.internal.health.memory.DefaultMemoryManager] 786631884 physical memory requested, 489254912 free
2026-03-24T12:19:34.359+0000 [DEBUG] [org.gradle.workers.internal.WorkerDaemonExpiration] Will attempt to release 750 of memory
2026-03-24T12:19:34.359+0000 [DEBUG] [org.gradle.process.internal.health.memory.DefaultMemoryManager] 786631884 physical memory requested, 0 released, 489254912 free
2026-03-24T12:19:39.207+0000 [DEBUG] [org.gradle.internal.watch.vfs.impl.WatchingVirtualFileSystem] Handling VFS change REMOVED C:\Users\obabi\AndroidStudioProjects\GetGroceries\app\src\main\java\com\example\getgroceries\AsdaLaundryFragment.java
2026-03-24T12:19:39.352+0000 [DEBUG] [org.gradle.process.internal.health.memory.DefaultMemoryManager] 786631884 physical memory requested, 565104640 free
2026-03-24T12:19:39.353+0000 [DEBUG] [org.gradle.workers.internal.WorkerDaemonExpiration] Will attempt to release 750 of memory
2026-03-24T12:19:39.353+0000 [DEBUG] [org.gradle.process.internal.health.memory.DefaultMemoryManager] 786631884 physical memory requested, 0 released, 565104640 free
2026-03-24T12:19:43.236+0000 [DEBUG] [org.gradle.cache.internal.DefaultFileLockManager] Waiting to acquire shared lock on daemon addresses registry.
2026-03-24T12:19:43.236+0000 [DEBUG] [org.gradle.cache.internal.DefaultFileLockManager] Lock acquired on daemon addresses registry.
2026-03-24T12:19:43.236+0000 [DEBUG] [org.gradle.cache.internal.DefaultFileLockManager] Releasing lock on daemon addresses registry.
2026-03-24T12:19:43.238+0000 [DEBUG] [org.gradle.cache.internal.DefaultFileLockManager] Waiting to acquire shared lock on daemon addresses registry.
2026-03-24T12:19:43.238+0000 [DEBUG] [org.gradle.cache.internal.DefaultFileLockManager] Lock acquired on daemon addresses registry.
2026-03-24T12:19:43.238+0000 [DEBUG] [org.gradle.cache.internal.DefaultFileLockManager] Releasing lock on daemon addresses registry.
2026-03-24T12:19:43.240+0000 [DEBUG] [org.gradle.cache.internal.DefaultFileLockManager] Waiting to acquire shared lock on daemon addresses registry.
2026-03-24T12:19:43.240+0000 [DEBUG] [org.gradle.cache.internal.DefaultFileLockManager] Lock acquired on daemon addresses registry.
2026-03-24T12:19:43.240+0000 [DEBUG] [org.gradle.cache.internal.DefaultFileLockManager] Releasing lock on daemon addresses registry.
2026-03-24T12:19:44.355+0000 [DEBUG] [org.gradle.process.internal.health.memory.DefaultMemoryManager] 786631884 physical memory requested, 595791872 free
2026-03-24T12:19:44.355+0000 [DEBUG] [org.gradle.workers.internal.WorkerDaemonExpiration] Will attempt to release 750 of memory
2026-03-24T12:19:44.355+0000 [DEBUG] [org.gradle.process.internal.health.memory.DefaultMemoryManager] 786631884 physical memory requested, 0 released, 595791872 free
2026-03-24T12:19:49.371+0000 [DEBUG] [org.gradle.process.internal.health.memory.DefaultMemoryManager] 786631884 physical memory requested, 525643776 free
2026-03-24T12:19:49.372+0000 [DEBUG] [org.gradle.workers.internal.WorkerDaemonExpiration] Will attempt to release 750 of memory
2026-03-24T12:19:49.372+0000 [DEBUG] [org.gradle.process.internal.health.memory.DefaultMemoryManager] 786631884 physical memory requested, 0 released, 525643776 free
2026-03-24T12:19:53.230+0000 [DEBUG] [org.gradle.cache.internal.DefaultFileLockManager] Waiting to acquire shared lock on daemon addresses registry.
2026-03-24T12:19:53.231+0000 [DEBUG] [org.gradle.cache.internal.DefaultFileLockManager] Lock acquired on daemon addresses registry.
2026-03-24T12:19:53.232+0000 [DEBUG] [org.gradle.cache.internal.DefaultFileLockManager] Releasing lock on daemon addresses registry.
2026-03-24T12:19:53.235+0000 [DEBUG] [org.gradle.cache.internal.DefaultFileLockManager] Waiting to acquire shared lock on daemon addresses registry.
2026-03-24T12:19:53.236+0000 [DEBUG] [org.gradle.cache.internal.DefaultFileLockManager] Lock acquired on daemon addresses registry.
2026-03-24T12:19:53.236+0000 [DEBUG] [org.gradle.cache.internal.DefaultFileLockManager] Releasing lock on daemon addresses registry.
2026-03-24T12:19:53.240+0000 [DEBUG] [org.gradle.cache.internal.DefaultFileLockManager] Waiting to acquire shared lock on daemon addresses registry.
2026-03-24T12:19:53.240+0000 [DEBUG] [org.gradle.cache.internal.DefaultFileLockManager] Lock acquired on daemon addresses registry.
2026-03-24T12:19:53.241+0000 [DEBUG] [org.gradle.cache.internal.DefaultFileLockManager] Releasing lock on daemon addresses registry.
2026-03-24T12:19:54.356+0000 [DEBUG] [org.gradle.process.internal.health.memory.DefaultMemoryManager] 786631884 physical memory requested, 524750848 free
2026-03-24T12:19:54.356+0000 [DEBUG] [org.gradle.workers.internal.WorkerDaemonExpiration] Will attempt to release 750 of memory
2026-03-24T12:19:54.357+0000 [DEBUG] [org.gradle.process.internal.health.memory.DefaultMemoryManager] 786631884 physical memory requested, 0 released, 524750848 free
2026-03-24T12:19:59.358+0000 [DEBUG] [org.gradle.process.internal.health.memory.DefaultMemoryManager] 786631884 physical memory requested, 532680704 free
2026-03-24T12:19:59.359+0000 [DEBUG] [org.gradle.workers.internal.WorkerDaemonExpiration] Will attempt to release 750 of memory
2026-03-24T12:19:59.359+0000 [DEBUG] [org.gradle.process.internal.health.memory.DefaultMemoryManager] 786631884 physical memory requested, 0 released, 532680704 free
2026-03-24T12:20:03.231+0000 [DEBUG] [org.gradle.cache.internal.DefaultFileLockManager] Waiting to acquire shared lock on daemon addresses registry.
2026-03-24T12:20:03.232+0000 [DEBUG] [org.gradle.cache.internal.DefaultFileLockManager] Lock acquired on daemon addresses registry.
2026-03-24T12:20:03.234+0000 [DEBUG] [org.gradle.cache.internal.DefaultFileLockManager] Releasing lock on daemon addresses registry.
2026-03-24T12:20:03.239+0000 [DEBUG] [org.gradle.cache.internal.DefaultFileLockManager] Waiting to acquire shared lock on daemon addresses registry.
2026-03-24T12:20:03.240+0000 [DEBUG] [org.gradle.cache.internal.DefaultFileLockManager] Lock acquired on daemon addresses registry.
2026-03-24T12:20:03.241+0000 [DEBUG] [org.gradle.cache.internal.DefaultFileLockManager] Releasing lock on daemon addresses registry.
2026-03-24T12:20:03.245+0000 [DEBUG] [org.gradle.cache.internal.DefaultFileLockManager] Waiting to acquire shared lock on daemon addresses registry.
2026-03-24T12:20:03.246+0000 [DEBUG] [org.gradle.cache.internal.DefaultFileLockManager] Lock acquired on daemon addresses registry.
2026-03-24T12:20:03.248+0000 [DEBUG] [org.gradle.cache.internal.DefaultFileLockManager] Releasing lock on daemon addresses registry.
2026-03-24T12:20:04.360+0000 [DEBUG] [org.gradle.process.internal.health.memory.DefaultMemoryManager] 786631884 physical memory requested, 533098496 free
2026-03-24T12:20:04.360+0000 [DEBUG] [org.gradle.workers.internal.WorkerDaemonExpiration] Will attempt to release 750 of memory
2026-03-24T12:20:04.360+0000 [DEBUG] [org.gradle.process.internal.health.memory.DefaultMemoryManager] 786631884 physical memory requested, 0 released, 533098496 free
2026-03-24T12:20:09.359+0000 [DEBUG] [org.gradle.process.internal.health.memory.DefaultMemoryManager] 786631884 physical memory requested, 522481664 free
2026-03-24T12:20:09.360+0000 [DEBUG] [org.gradle.workers.internal.WorkerDaemonExpiration] Will attempt to release 750 of memory
2026-03-24T12:20:09.360+0000 [DEBUG] [org.gradle.process.internal.health.memory.DefaultMemoryManager] 786631884 physical memory requested, 0 released, 522481664 free
2026-03-24T12:20:13.236+0000 [DEBUG] [org.gradle.cache.internal.DefaultFileLockManager] Waiting to acquire shared lock on daemon addresses registry.
2026-03-24T12:20:13.237+0000 [DEBUG] [org.gradle.cache.internal.DefaultFileLockManager] Lock acquired on daemon addresses registry.
2026-03-24T12:20:13.238+0000 [DEBUG] [org.gradle.cache.internal.DefaultFileLockManager] Releasing lock on daemon addresses registry.
2026-03-24T12:20:13.242+0000 [DEBUG] [org.gradle.cache.internal.DefaultFileLockManager] Waiting to acquire shared lock on daemon addresses registry.
2026-03-24T12:20:13.242+0000 [DEBUG] [org.gradle.cache.internal.DefaultFileLockManager] Lock acquired on daemon addresses registry.
2026-03-24T12:20:13.243+0000 [DEBUG] [org.gradle.cache.internal.DefaultFileLockManager] Releasing lock on daemon addresses registry.
2026-03-24T12:20:13.246+0000 [DEBUG] [org.gradle.cache.internal.DefaultFileLockManager] Waiting to acquire shared lock on daemon addresses registry.
2026-03-24T12:20:13.247+0000 [DEBUG] [org.gradle.cache.internal.DefaultFileLockManager] Lock acquired on daemon addresses registry.
2026-03-24T12:20:13.248+0000 [DEBUG] [org.gradle.cache.internal.DefaultFileLockManager] Releasing lock on daemon addresses registry.
2026-03-24T12:20:14.368+0000 [DEBUG] [org.gradle.process.internal.health.memory.DefaultMemoryManager] 786631884 physical memory requested, 522911744 free
2026-03-24T12:20:14.369+0000 [DEBUG] [org.gradle.workers.internal.WorkerDaemonExpiration] Will attempt to release 750 of memory
2026-03-24T12:20:14.369+0000 [DEBUG] [org.gradle.process.internal.health.memory.DefaultMemoryManager] 786631884 physical memory requested, 0 released, 522911744 free
2026-03-24T12:20:19.365+0000 [DEBUG] [org.gradle.process.internal.health.memory.DefaultMemoryManager] 786631884 physical memory requested, 524369920 free
2026-03-24T12:20:19.365+0000 [DEBUG] [org.gradle.workers.internal.WorkerDaemonExpiration] Will attempt to release 750 of memory
2026-03-24T12:20:19.366+0000 [DEBUG] [org.gradle.process.internal.health.memory.DefaultMemoryManager] 786631884 physical memory requested, 0 released, 524369920 free
