2026-03-05T01:34:10.538+0000 [DEBUG] [org.gradle.launcher.daemon.bootstrap.DaemonMain] Assuming the daemon was started with following jvm opts: [-Xmx2048m, -Dfile.encoding=UTF-8, -Duser.country=GB, -Duser.language=en, -Duser.variant]
2026-03-05T01:34:10.705+0000 [DEBUG] [org.gradle.internal.remote.internal.inet.InetAddresses] Adding IP addresses for network interface ExpressVPN TAP Adapter-WFP Native MAC Layer LightWeight Filter-0000
2026-03-05T01:34:10.706+0000 [DEBUG] [org.gradle.internal.remote.internal.inet.InetAddresses] Is this a loopback interface? false
2026-03-05T01:34:10.706+0000 [DEBUG] [org.gradle.internal.remote.internal.inet.InetAddresses] Adding IP addresses for network interface ExpressVPN TAP Adapter-Npcap Packet Driver (NPCAP)-0000
2026-03-05T01:34:10.707+0000 [DEBUG] [org.gradle.internal.remote.internal.inet.InetAddresses] Is this a loopback interface? false
2026-03-05T01:34:10.707+0000 [DEBUG] [org.gradle.internal.remote.internal.inet.InetAddresses] Adding IP addresses for network interface ExpressVPN TAP Adapter-QoS Packet Scheduler-0000
2026-03-05T01:34:10.708+0000 [DEBUG] [org.gradle.internal.remote.internal.inet.InetAddresses] Is this a loopback interface? false
2026-03-05T01:34:10.708+0000 [DEBUG] [org.gradle.internal.remote.internal.inet.InetAddresses] Adding IP addresses for network interface ExpressVPN TAP Adapter-WFP 802.3 MAC Layer LightWeight Filter-0000
2026-03-05T01:34:10.708+0000 [DEBUG] [org.gradle.internal.remote.internal.inet.InetAddresses] Is this a loopback interface? false
2026-03-05T01:34:10.709+0000 [DEBUG] [org.gradle.internal.remote.internal.inet.InetAddresses] Adding IP addresses for network interface Bluetooth Device (Personal Area Network)-Npcap Packet Driver (NPCAP)-0000
2026-03-05T01:34:10.709+0000 [DEBUG] [org.gradle.internal.remote.internal.inet.InetAddresses] Is this a loopback interface? false
2026-03-05T01:34:10.709+0000 [DEBUG] [org.gradle.internal.remote.internal.inet.InetAddresses] Adding IP addresses for network interface WAN Miniport (IP)-WFP Native MAC Layer LightWeight Filter-0000
2026-03-05T01:34:10.709+0000 [DEBUG] [org.gradle.internal.remote.internal.inet.InetAddresses] Is this a loopback interface? false
2026-03-05T01:34:10.709+0000 [DEBUG] [org.gradle.internal.remote.internal.inet.InetAddresses] Adding IP addresses for network interface WAN Miniport (IP)-Npcap Packet Driver (NPCAP)-0000
2026-03-05T01:34:10.710+0000 [DEBUG] [org.gradle.internal.remote.internal.inet.InetAddresses] Is this a loopback interface? false
2026-03-05T01:34:10.710+0000 [DEBUG] [org.gradle.internal.remote.internal.inet.InetAddresses] Adding IP addresses for network interface WAN Miniport (IP)-QoS Packet Scheduler-0000
2026-03-05T01:34:10.710+0000 [DEBUG] [org.gradle.internal.remote.internal.inet.InetAddresses] Is this a loopback interface? false
2026-03-05T01:34:10.711+0000 [DEBUG] [org.gradle.internal.remote.internal.inet.InetAddresses] Adding IP addresses for network interface WAN Miniport (IPv6)-WFP Native MAC Layer LightWeight Filter-0000
2026-03-05T01:34:10.711+0000 [DEBUG] [org.gradle.internal.remote.internal.inet.InetAddresses] Is this a loopback interface? false
2026-03-05T01:34:10.711+0000 [DEBUG] [org.gradle.internal.remote.internal.inet.InetAddresses] Adding IP addresses for network interface WAN Miniport (IPv6)-Npcap Packet Driver (NPCAP)-0000
2026-03-05T01:34:10.712+0000 [DEBUG] [org.gradle.internal.remote.internal.inet.InetAddresses] Is this a loopback interface? false
2026-03-05T01:34:10.712+0000 [DEBUG] [org.gradle.internal.remote.internal.inet.InetAddresses] Adding IP addresses for network interface WAN Miniport (IPv6)-QoS Packet Scheduler-0000
2026-03-05T01:34:10.712+0000 [DEBUG] [org.gradle.internal.remote.internal.inet.InetAddresses] Is this a loopback interface? false
2026-03-05T01:34:10.712+0000 [DEBUG] [org.gradle.internal.remote.internal.inet.InetAddresses] Adding IP addresses for network interface WAN Miniport (Network Monitor)-WFP Native MAC Layer LightWeight Filter-0000
2026-03-05T01:34:10.713+0000 [DEBUG] [org.gradle.internal.remote.internal.inet.InetAddresses] Is this a loopback interface? false
2026-03-05T01:34:10.713+0000 [DEBUG] [org.gradle.internal.remote.internal.inet.InetAddresses] Adding IP addresses for network interface WAN Miniport (Network Monitor)-Npcap Packet Driver (NPCAP)-0000
2026-03-05T01:34:10.714+0000 [DEBUG] [org.gradle.internal.remote.internal.inet.InetAddresses] Is this a loopback interface? false
2026-03-05T01:34:10.714+0000 [DEBUG] [org.gradle.internal.remote.internal.inet.InetAddresses] Adding IP addresses for network interface WAN Miniport (Network Monitor)-QoS Packet Scheduler-0000
2026-03-05T01:34:10.714+0000 [DEBUG] [org.gradle.internal.remote.internal.inet.InetAddresses] Is this a loopback interface? false
2026-03-05T01:34:10.714+0000 [DEBUG] [org.gradle.internal.remote.internal.inet.InetAddresses] Adding IP addresses for network interface Microsoft Kernel Debug Network Adapter
2026-03-05T01:34:10.714+0000 [DEBUG] [org.gradle.internal.remote.internal.inet.InetAddresses] Is this a loopback interface? false
2026-03-05T01:34:10.715+0000 [DEBUG] [org.gradle.internal.remote.internal.inet.InetAddresses] Adding IP addresses for network interface Realtek USB GbE Family Controller
2026-03-05T01:34:10.715+0000 [DEBUG] [org.gradle.internal.remote.internal.inet.InetAddresses] Is this a loopback interface? false
2026-03-05T01:34:10.715+0000 [DEBUG] [org.gradle.internal.remote.internal.inet.InetAddresses] Adding IP addresses for network interface WAN Miniport (IP)
2026-03-05T01:34:10.715+0000 [DEBUG] [org.gradle.internal.remote.internal.inet.InetAddresses] Is this a loopback interface? false
2026-03-05T01:34:10.715+0000 [DEBUG] [org.gradle.internal.remote.internal.inet.InetAddresses] Adding IP addresses for network interface ExpressVPN TAP Adapter
2026-03-05T01:34:10.716+0000 [DEBUG] [org.gradle.internal.remote.internal.inet.InetAddresses] Is this a loopback interface? false
2026-03-05T01:34:10.716+0000 [DEBUG] [org.gradle.internal.remote.internal.inet.InetAddresses] Adding remote address /fe80:0:0:0:b75e:1cd4:523e:c6a7%ethernet_32771
2026-03-05T01:34:10.716+0000 [DEBUG] [org.gradle.internal.remote.internal.inet.InetAddresses] Adding IP addresses for network interface WAN Miniport (IPv6)
2026-03-05T01:34:10.716+0000 [DEBUG] [org.gradle.internal.remote.internal.inet.InetAddresses] Is this a loopback interface? false
2026-03-05T01:34:10.716+0000 [DEBUG] [org.gradle.internal.remote.internal.inet.InetAddresses] Adding IP addresses for network interface WAN Miniport (Network Monitor)
2026-03-05T01:34:10.717+0000 [DEBUG] [org.gradle.internal.remote.internal.inet.InetAddresses] Is this a loopback interface? false
2026-03-05T01:34:10.717+0000 [DEBUG] [org.gradle.internal.remote.internal.inet.InetAddresses] Adding IP addresses for network interface Bluetooth Device (Personal Area Network)
2026-03-05T01:34:10.717+0000 [DEBUG] [org.gradle.internal.remote.internal.inet.InetAddresses] Is this a loopback interface? false
2026-03-05T01:34:10.717+0000 [DEBUG] [org.gradle.internal.remote.internal.inet.InetAddresses] Adding remote address /fe80:0:0:0:1908:5695:ff52:9670%ethernet_32774
2026-03-05T01:34:10.717+0000 [DEBUG] [org.gradle.internal.remote.internal.inet.InetAddresses] Adding IP addresses for network interface WAN Miniport (PPPOE)
2026-03-05T01:34:10.717+0000 [DEBUG] [org.gradle.internal.remote.internal.inet.InetAddresses] Is this a loopback interface? false
2026-03-05T01:34:10.718+0000 [DEBUG] [org.gradle.internal.remote.internal.inet.InetAddresses] Adding IP addresses for network interface RAS Async Adapter
2026-03-05T01:34:10.718+0000 [DEBUG] [org.gradle.internal.remote.internal.inet.InetAddresses] Is this a loopback interface? false
2026-03-05T01:34:10.718+0000 [DEBUG] [org.gradle.internal.remote.internal.inet.InetAddresses] Adding IP addresses for network interface Software Loopback Interface 1
2026-03-05T01:34:10.718+0000 [DEBUG] [org.gradle.internal.remote.internal.inet.InetAddresses] Is this a loopback interface? true
2026-03-05T01:34:10.718+0000 [DEBUG] [org.gradle.internal.remote.internal.inet.InetAddresses] Adding loopback address /0:0:0:0:0:0:0:1
2026-03-05T01:34:10.718+0000 [DEBUG] [org.gradle.internal.remote.internal.inet.InetAddresses] Adding loopback address /127.0.0.1
2026-03-05T01:34:10.719+0000 [DEBUG] [org.gradle.internal.remote.internal.inet.InetAddresses] Adding IP addresses for network interface ExpressVPN TUN Driver-Npcap Packet Driver (NPCAP)-0000
2026-03-05T01:34:10.719+0000 [DEBUG] [org.gradle.internal.remote.internal.inet.InetAddresses] Is this a loopback interface? false
2026-03-05T01:34:10.719+0000 [DEBUG] [org.gradle.internal.remote.internal.inet.InetAddresses] Adding IP addresses for network interface ExpressVPN TUN Driver
2026-03-05T01:34:10.719+0000 [DEBUG] [org.gradle.internal.remote.internal.inet.InetAddresses] Is this a loopback interface? false
2026-03-05T01:34:10.720+0000 [DEBUG] [org.gradle.internal.remote.internal.inet.InetAddresses] Adding remote address /fe80:0:0:0:67ce:7ad2:93c:7c6c%iftype53_32768
2026-03-05T01:34:10.720+0000 [DEBUG] [org.gradle.internal.remote.internal.inet.InetAddresses] Adding IP addresses for network interface Realtek RTL8822CE 802.11ac PCIe Adapter-WFP Native MAC Layer LightWeight Filter-0000
2026-03-05T01:34:10.720+0000 [DEBUG] [org.gradle.internal.remote.internal.inet.InetAddresses] Is this a loopback interface? false
2026-03-05T01:34:10.720+0000 [DEBUG] [org.gradle.internal.remote.internal.inet.InetAddresses] Adding IP addresses for network interface Realtek RTL8822CE 802.11ac PCIe Adapter-Virtual WiFi Filter Driver-0000
2026-03-05T01:34:10.720+0000 [DEBUG] [org.gradle.internal.remote.internal.inet.InetAddresses] Is this a loopback interface? false
2026-03-05T01:34:10.720+0000 [DEBUG] [org.gradle.internal.remote.internal.inet.InetAddresses] Adding IP addresses for network interface Realtek RTL8822CE 802.11ac PCIe Adapter-Native WiFi Filter Driver-0000
2026-03-05T01:34:10.721+0000 [DEBUG] [org.gradle.internal.remote.internal.inet.InetAddresses] Is this a loopback interface? false
2026-03-05T01:34:10.722+0000 [DEBUG] [org.gradle.internal.remote.internal.inet.InetAddresses] Adding IP addresses for network interface Realtek RTL8822CE 802.11ac PCIe Adapter-Npcap Packet Driver (NPCAP)-0000
2026-03-05T01:34:10.722+0000 [DEBUG] [org.gradle.internal.remote.internal.inet.InetAddresses] Is this a loopback interface? false
2026-03-05T01:34:10.723+0000 [DEBUG] [org.gradle.internal.remote.internal.inet.InetAddresses] Adding IP addresses for network interface Realtek RTL8822CE 802.11ac PCIe Adapter-QoS Packet Scheduler-0000
2026-03-05T01:34:10.723+0000 [DEBUG] [org.gradle.internal.remote.internal.inet.InetAddresses] Is this a loopback interface? false
2026-03-05T01:34:10.723+0000 [DEBUG] [org.gradle.internal.remote.internal.inet.InetAddresses] Adding IP addresses for network interface Realtek RTL8822CE 802.11ac PCIe Adapter-WFP 802.3 MAC Layer LightWeight Filter-0000
2026-03-05T01:34:10.723+0000 [DEBUG] [org.gradle.internal.remote.internal.inet.InetAddresses] Is this a loopback interface? false
2026-03-05T01:34:10.723+0000 [DEBUG] [org.gradle.internal.remote.internal.inet.InetAddresses] Adding IP addresses for network interface Microsoft Wi-Fi Direct Virtual Adapter-WFP Native MAC Layer LightWeight Filter-0000
2026-03-05T01:34:10.723+0000 [DEBUG] [org.gradle.internal.remote.internal.inet.InetAddresses] Is this a loopback interface? false
2026-03-05T01:34:10.724+0000 [DEBUG] [org.gradle.internal.remote.internal.inet.InetAddresses] Adding IP addresses for network interface Microsoft Wi-Fi Direct Virtual Adapter-Native WiFi Filter Driver-0000
2026-03-05T01:34:10.724+0000 [DEBUG] [org.gradle.internal.remote.internal.inet.InetAddresses] Is this a loopback interface? false
2026-03-05T01:34:10.724+0000 [DEBUG] [org.gradle.internal.remote.internal.inet.InetAddresses] Adding IP addresses for network interface Microsoft Wi-Fi Direct Virtual Adapter-Npcap Packet Driver (NPCAP)-0000
2026-03-05T01:34:10.724+0000 [DEBUG] [org.gradle.internal.remote.internal.inet.InetAddresses] Is this a loopback interface? false
2026-03-05T01:34:10.724+0000 [DEBUG] [org.gradle.internal.remote.internal.inet.InetAddresses] Adding IP addresses for network interface Microsoft Wi-Fi Direct Virtual Adapter-QoS Packet Scheduler-0000
2026-03-05T01:34:10.725+0000 [DEBUG] [org.gradle.internal.remote.internal.inet.InetAddresses] Is this a loopback interface? false
2026-03-05T01:34:10.725+0000 [DEBUG] [org.gradle.internal.remote.internal.inet.InetAddresses] Adding IP addresses for network interface Microsoft Wi-Fi Direct Virtual Adapter-WFP 802.3 MAC Layer LightWeight Filter-0000
2026-03-05T01:34:10.725+0000 [DEBUG] [org.gradle.internal.remote.internal.inet.InetAddresses] Is this a loopback interface? false
2026-03-05T01:34:10.725+0000 [DEBUG] [org.gradle.internal.remote.internal.inet.InetAddresses] Adding IP addresses for network interface Microsoft Wi-Fi Direct Virtual Adapter #2-WFP Native MAC Layer LightWeight Filter-0000
2026-03-05T01:34:10.725+0000 [DEBUG] [org.gradle.internal.remote.internal.inet.InetAddresses] Is this a loopback interface? false
2026-03-05T01:34:10.725+0000 [DEBUG] [org.gradle.internal.remote.internal.inet.InetAddresses] Adding IP addresses for network interface Microsoft Wi-Fi Direct Virtual Adapter #2-Native WiFi Filter Driver-0000
2026-03-05T01:34:10.725+0000 [DEBUG] [org.gradle.internal.remote.internal.inet.InetAddresses] Is this a loopback interface? false
2026-03-05T01:34:10.726+0000 [DEBUG] [org.gradle.internal.remote.internal.inet.InetAddresses] Adding IP addresses for network interface Microsoft Wi-Fi Direct Virtual Adapter #2-Npcap Packet Driver (NPCAP)-0000
2026-03-05T01:34:10.726+0000 [DEBUG] [org.gradle.internal.remote.internal.inet.InetAddresses] Is this a loopback interface? false
2026-03-05T01:34:10.726+0000 [DEBUG] [org.gradle.internal.remote.internal.inet.InetAddresses] Adding IP addresses for network interface Microsoft Wi-Fi Direct Virtual Adapter #2-QoS Packet Scheduler-0000
2026-03-05T01:34:10.726+0000 [DEBUG] [org.gradle.internal.remote.internal.inet.InetAddresses] Is this a loopback interface? false
2026-03-05T01:34:10.727+0000 [DEBUG] [org.gradle.internal.remote.internal.inet.InetAddresses] Adding IP addresses for network interface Microsoft Wi-Fi Direct Virtual Adapter #2-WFP 802.3 MAC Layer LightWeight Filter-0000
2026-03-05T01:34:10.728+0000 [DEBUG] [org.gradle.internal.remote.internal.inet.InetAddresses] Is this a loopback interface? false
2026-03-05T01:34:10.728+0000 [DEBUG] [org.gradle.internal.remote.internal.inet.InetAddresses] Adding IP addresses for network interface Realtek RTL8822CE 802.11ac PCIe Adapter
2026-03-05T01:34:10.728+0000 [DEBUG] [org.gradle.internal.remote.internal.inet.InetAddresses] Is this a loopback interface? false
2026-03-05T01:34:10.728+0000 [DEBUG] [org.gradle.internal.remote.internal.inet.InetAddresses] Adding remote address /fe80:0:0:0:3bb2:7b00:8eec:4e42%wireless_32768
2026-03-05T01:34:10.728+0000 [DEBUG] [org.gradle.internal.remote.internal.inet.InetAddresses] Adding remote address /2a00:23c5:cc85:f401:c9c4:ab4a:208c:a348
2026-03-05T01:34:10.728+0000 [DEBUG] [org.gradle.internal.remote.internal.inet.InetAddresses] Adding remote address /2a00:23c5:cc85:f401:9892:3c64:8443:ad49
2026-03-05T01:34:10.729+0000 [DEBUG] [org.gradle.internal.remote.internal.inet.InetAddresses] Adding remote address /192.168.1.134
2026-03-05T01:34:10.729+0000 [DEBUG] [org.gradle.internal.remote.internal.inet.InetAddresses] Adding IP addresses for network interface Microsoft Wi-Fi Direct Virtual Adapter
2026-03-05T01:34:10.729+0000 [DEBUG] [org.gradle.internal.remote.internal.inet.InetAddresses] Is this a loopback interface? false
2026-03-05T01:34:10.729+0000 [DEBUG] [org.gradle.internal.remote.internal.inet.InetAddresses] Adding remote address /fe80:0:0:0:8cc3:ab31:1aee:f74b%wireless_32769
2026-03-05T01:34:10.729+0000 [DEBUG] [org.gradle.internal.remote.internal.inet.InetAddresses] Adding IP addresses for network interface Microsoft Wi-Fi Direct Virtual Adapter #2
2026-03-05T01:34:10.730+0000 [DEBUG] [org.gradle.internal.remote.internal.inet.InetAddresses] Is this a loopback interface? false
2026-03-05T01:34:10.730+0000 [DEBUG] [org.gradle.internal.remote.internal.inet.InetAddresses] Adding remote address /fe80:0:0:0:1688:750a:914d:5b39%wireless_32770
2026-03-05T01:34:10.730+0000 [DEBUG] [org.gradle.internal.remote.internal.inet.InetAddresses] Adding IP addresses for network interface Microsoft Wi-Fi Direct Virtual Adapter #3
2026-03-05T01:34:10.730+0000 [DEBUG] [org.gradle.internal.remote.internal.inet.InetAddresses] Is this a loopback interface? false
2026-03-05T01:34:10.730+0000 [DEBUG] [org.gradle.internal.remote.internal.inet.InetAddresses] Adding IP addresses for network interface Microsoft Wi-Fi Direct Virtual Adapter #4
2026-03-05T01:34:10.730+0000 [DEBUG] [org.gradle.internal.remote.internal.inet.InetAddresses] Is this a loopback interface? false
2026-03-05T01:34:10.730+0000 [DEBUG] [org.gradle.internal.remote.internal.inet.InetAddresses] Adding IP addresses for network interface Microsoft Teredo Tunneling Adapter
2026-03-05T01:34:10.731+0000 [DEBUG] [org.gradle.internal.remote.internal.inet.InetAddresses] Is this a loopback interface? false
2026-03-05T01:34:10.731+0000 [DEBUG] [org.gradle.internal.remote.internal.inet.InetAddresses] Adding IP addresses for network interface Microsoft IP-HTTPS Platform Adapter
2026-03-05T01:34:10.731+0000 [DEBUG] [org.gradle.internal.remote.internal.inet.InetAddresses] Is this a loopback interface? false
2026-03-05T01:34:10.731+0000 [DEBUG] [org.gradle.internal.remote.internal.inet.InetAddresses] Adding IP addresses for network interface Microsoft 6to4 Adapter
2026-03-05T01:34:10.731+0000 [DEBUG] [org.gradle.internal.remote.internal.inet.InetAddresses] Is this a loopback interface? false
2026-03-05T01:34:10.731+0000 [DEBUG] [org.gradle.internal.remote.internal.inet.InetAddresses] Adding IP addresses for network interface WAN Miniport (SSTP)
2026-03-05T01:34:10.731+0000 [DEBUG] [org.gradle.internal.remote.internal.inet.InetAddresses] Is this a loopback interface? false
2026-03-05T01:34:10.731+0000 [DEBUG] [org.gradle.internal.remote.internal.inet.InetAddresses] Adding IP addresses for network interface WAN Miniport (IKEv2)
2026-03-05T01:34:10.732+0000 [DEBUG] [org.gradle.internal.remote.internal.inet.InetAddresses] Is this a loopback interface? false
2026-03-05T01:34:10.732+0000 [DEBUG] [org.gradle.internal.remote.internal.inet.InetAddresses] Adding IP addresses for network interface WAN Miniport (L2TP)
2026-03-05T01:34:10.732+0000 [DEBUG] [org.gradle.internal.remote.internal.inet.InetAddresses] Is this a loopback interface? false
2026-03-05T01:34:10.732+0000 [DEBUG] [org.gradle.internal.remote.internal.inet.InetAddresses] Adding IP addresses for network interface WAN Miniport (PPTP)
2026-03-05T01:34:10.732+0000 [DEBUG] [org.gradle.internal.remote.internal.inet.InetAddresses] Is this a loopback interface? false
2026-03-05T01:34:10.752+0000 [DEBUG] [org.gradle.internal.nativeintegration.services.NativeServices] Native-platform posix files integration is not available. Continuing with fallback.
2026-03-05T01:34:10.781+0000 [INFO] [org.gradle.launcher.daemon.server.Daemon] start() called on daemon - DefaultDaemonContext[uid=8fd9498b-1460-4b26-aabe-8bbba502f3d5,javaHome=C:\Program Files\Android\Android Studio\jbr,javaVersion=21,javaVendor=JetBrains s.r.o.,daemonRegistryDir=C:\Users\obabi\AndroidStudioProjects\GetGroceries\daemon,pid=20804,idleTimeout=10800000,priority=NORMAL,applyInstrumentationAgent=true,nativeServicesMode=ENABLED,daemonOpts=-Xmx2048m,-Dfile.encoding=UTF-8,-Duser.country=GB,-Duser.language=en,-Duser.variant]
2026-03-05T01:34:10.846+0000 [DEBUG] [org.gradle.internal.remote.internal.inet.TcpIncomingConnector] Listening on [51fd3d19-ad08-420d-88b5-9910c3a68b7b port:50780, addresses:[localhost/127.0.0.1]].
2026-03-05T01:34:10.870+0000 [DEBUG] [org.gradle.launcher.daemon.server.Daemon] Daemon starting at: Thu Mar 05 01:34:10 GMT 2026, with address: [51fd3d19-ad08-420d-88b5-9910c3a68b7b port:50780, addresses:[localhost/127.0.0.1]]
2026-03-05T01:34:10.870+0000 [INFO] [org.gradle.launcher.daemon.server.DaemonRegistryUpdater] Advertising the daemon address to the clients: [51fd3d19-ad08-420d-88b5-9910c3a68b7b port:50780, addresses:[localhost/127.0.0.1]]
2026-03-05T01:34:10.871+0000 [DEBUG] [org.gradle.launcher.daemon.server.DaemonRegistryUpdater] Advertised daemon context: DefaultDaemonContext[uid=8fd9498b-1460-4b26-aabe-8bbba502f3d5,javaHome=C:\Program Files\Android\Android Studio\jbr,javaVersion=21,javaVendor=JetBrains s.r.o.,daemonRegistryDir=C:\Users\obabi\AndroidStudioProjects\GetGroceries\daemon,pid=20804,idleTimeout=10800000,priority=NORMAL,applyInstrumentationAgent=true,nativeServicesMode=ENABLED,daemonOpts=-Xmx2048m,-Dfile.encoding=UTF-8,-Duser.country=GB,-Duser.language=en,-Duser.variant]
2026-03-05T01:34:10.872+0000 [DEBUG] [org.gradle.launcher.daemon.registry.PersistentDaemonRegistry] Storing daemon address: [51fd3d19-ad08-420d-88b5-9910c3a68b7b port:50780, addresses:[localhost/127.0.0.1]], context: DefaultDaemonContext[uid=8fd9498b-1460-4b26-aabe-8bbba502f3d5,javaHome=C:\Program Files\Android\Android Studio\jbr,javaVersion=21,javaVendor=JetBrains s.r.o.,daemonRegistryDir=C:\Users\obabi\AndroidStudioProjects\GetGroceries\daemon,pid=20804,idleTimeout=10800000,priority=NORMAL,applyInstrumentationAgent=true,nativeServicesMode=ENABLED,daemonOpts=-Xmx2048m,-Dfile.encoding=UTF-8,-Duser.country=GB,-Duser.language=en,-Duser.variant]
2026-03-05T01:34:10.897+0000 [DEBUG] [org.gradle.cache.internal.DefaultFileLockManager] Waiting to acquire exclusive lock on daemon addresses registry.
2026-03-05T01:34:10.902+0000 [DEBUG] [org.gradle.cache.internal.DefaultFileLockManager] Lock acquired on daemon addresses registry.
2026-03-05T01:34:10.908+0000 [DEBUG] [org.gradle.cache.internal.DefaultFileLockManager] Releasing lock on daemon addresses registry.
2026-03-05T01:34:10.909+0000 [LIFECYCLE] [org.gradle.launcher.daemon.server.Daemon] Daemon server started.
2026-03-05T01:34:10.910+0000 [DEBUG] [org.gradle.launcher.daemon.bootstrap.DaemonStartupCommunication] Completed writing the daemon greeting. Closing streams...
2026-03-05T01:34:10.923+0000 [DEBUG] [org.gradle.launcher.daemon.server.Daemon] stopOnExpiration() called on daemon
2026-03-05T01:34:10.925+0000 [DEBUG] [org.gradle.internal.remote.internal.inet.TcpIncomingConnector] Accepted connection from /127.0.0.1:50781 to /127.0.0.1:50780.
2026-03-05T01:34:10.925+0000 [DEBUG] [org.gradle.launcher.daemon.server.Daemon] awaitExpiration() called on daemon
2026-03-05T01:34:10.926+0000 [DEBUG] [org.gradle.launcher.daemon.server.DaemonStateCoordinator] daemon is running. Sleeping until state changes.
2026-03-05T01:34:11.017+0000 [DEBUG] [org.gradle.launcher.daemon.server.SynchronizedDispatchConnection] thread 37: received class org.gradle.launcher.daemon.protocol.Build
2026-03-05T01:34:11.017+0000 [DEBUG] [org.gradle.launcher.daemon.server.DefaultDaemonConnection] thread 37: Received non-IO message from client: Build{id=3b46a0e5-6df9-4f1f-8dd7-11cc8bd66155, currentDir=C:\Users\obabi\AndroidStudioProjects\GetGroceries}
2026-03-05T01:34:11.017+0000 [INFO] [org.gradle.launcher.daemon.server.DefaultIncomingConnectionHandler] Received command: Build{id=3b46a0e5-6df9-4f1f-8dd7-11cc8bd66155, currentDir=C:\Users\obabi\AndroidStudioProjects\GetGroceries}.
2026-03-05T01:34:11.018+0000 [DEBUG] [org.gradle.launcher.daemon.server.DefaultIncomingConnectionHandler] Starting executing command: Build{id=3b46a0e5-6df9-4f1f-8dd7-11cc8bd66155, currentDir=C:\Users\obabi\AndroidStudioProjects\GetGroceries} with connection: socket connection from /127.0.0.1:50780 to /127.0.0.1:50781.
2026-03-05T01:34:11.022+0000 [DEBUG] [org.gradle.launcher.daemon.server.DaemonStateCoordinator] Command execution: started DaemonCommandExecution[command = Build{id=3b46a0e5-6df9-4f1f-8dd7-11cc8bd66155, currentDir=C:\Users\obabi\AndroidStudioProjects\GetGroceries}, connection = DefaultDaemonConnection: socket connection from /127.0.0.1:50780 to /127.0.0.1:50781] after 0.0030166666666666666 minutes of idle
2026-03-05T01:34:11.022+0000 [INFO] [org.gradle.launcher.daemon.server.DaemonRegistryUpdater] Marking the daemon as busy, address: [51fd3d19-ad08-420d-88b5-9910c3a68b7b port:50780, addresses:[localhost/127.0.0.1]]
2026-03-05T01:34:11.022+0000 [DEBUG] [org.gradle.launcher.daemon.registry.PersistentDaemonRegistry] Marking busy by address: [51fd3d19-ad08-420d-88b5-9910c3a68b7b port:50780, addresses:[localhost/127.0.0.1]]
2026-03-05T01:34:11.024+0000 [DEBUG] [org.gradle.cache.internal.DefaultFileLockManager] Waiting to acquire exclusive lock on daemon addresses registry.
2026-03-05T01:34:11.025+0000 [DEBUG] [org.gradle.cache.internal.DefaultFileLockManager] Lock acquired on daemon addresses registry.
2026-03-05T01:34:11.028+0000 [DEBUG] [org.gradle.cache.internal.DefaultFileLockManager] Releasing lock on daemon addresses registry.
2026-03-05T01:34:11.028+0000 [DEBUG] [org.gradle.launcher.daemon.server.DaemonStateCoordinator] resetting idle timer
2026-03-05T01:34:11.029+0000 [DEBUG] [org.gradle.launcher.daemon.server.DaemonStateCoordinator] daemon is running. Sleeping until state changes.
2026-03-05T01:34:11.030+0000 [INFO] [org.gradle.launcher.daemon.server.exec.StartBuildOrRespondWithBusy] Daemon is about to start building Build{id=3b46a0e5-6df9-4f1f-8dd7-11cc8bd66155, currentDir=C:\Users\obabi\AndroidStudioProjects\GetGroceries}. Dispatching build started information...
2026-03-05T01:34:11.031+0000 [DEBUG] [org.gradle.launcher.daemon.server.SynchronizedDispatchConnection] thread 39: dispatching org.gradle.launcher.daemon.protocol.BuildStarted@7d110709
2026-03-05T01:34:11.033+0000 [DEBUG] [org.gradle.launcher.daemon.server.exec.EstablishBuildEnvironment] Configuring env variables: [USERDOMAIN_ROAMINGPROFILE, LOCALAPPDATA, PROCESSOR_LEVEL, RegionCode, USERDOMAIN, LOGONSERVER, SESSIONNAME, ALLUSERSPROFILE, CABAL_DIR, PROCESSOR_ARCHITECTURE, PSModulePath, SystemDrive, OneDrive, APPDATA, EFC_8864, VBOX_HWVIRTEX_IGNORE_SVM_IN_USE, USERNAME, GHCUP_INSTALL_BASE_PREFIX, ProgramFiles(x86), CommonProgramFiles, Path, PATHEXT, DriverData, OS, OneDriveConsumer, COMPUTERNAME, OnlineServices, PROCESSOR_REVISION, platformcode, CommonProgramW6432, ComSpec, ProgramData, ProgramW6432, TEMP, HOMEPATH, SystemRoot, PROCESSOR_IDENTIFIER, GHCUP_MSYS2_ENV, HOMEDRIVE, USERPROFILE, TMP, POWERSHELL_DISTRIBUTION_CHANNEL, CommonProgramFiles(x86), ProgramFiles, PUBLIC, windir, NUMBER_OF_PROCESSORS, =::]
2026-03-05T01:34:11.040+0000 [DEBUG] [org.gradle.launcher.daemon.server.exec.LogToClient] About to start relaying all logs to the client via the connection.
2026-03-05T01:34:11.040+0000 [INFO] [org.gradle.launcher.daemon.server.exec.LogToClient] The client will now receive all logging from the daemon (pid: 20804). The daemon log file: C:\Users\obabi\AndroidStudioProjects\GetGroceries\daemon\8.13\daemon-20804.out.log
2026-03-05T01:34:11.044+0000 [INFO] [org.gradle.launcher.daemon.server.exec.LogAndCheckHealth] Starting build in new daemon [memory: 2 GiB]
2026-03-05T01:34:11.047+0000 [DEBUG] [org.gradle.launcher.daemon.server.exec.ExecuteBuild] The daemon has started executing the build.
2026-03-05T01:34:11.047+0000 [DEBUG] [org.gradle.launcher.daemon.server.exec.ExecuteBuild] Executing build with daemon context: DefaultDaemonContext[uid=8fd9498b-1460-4b26-aabe-8bbba502f3d5,javaHome=C:\Program Files\Android\Android Studio\jbr,javaVersion=21,javaVendor=JetBrains s.r.o.,daemonRegistryDir=C:\Users\obabi\AndroidStudioProjects\GetGroceries\daemon,pid=20804,idleTimeout=10800000,priority=NORMAL,applyInstrumentationAgent=true,nativeServicesMode=ENABLED,daemonOpts=-Xmx2048m,-Dfile.encoding=UTF-8,-Duser.country=GB,-Duser.language=en,-Duser.variant]

BUILD SUCCESSFUL in 41s
38 actionable tasks: 12 executed, 26 up-to-date
2026-03-05T01:34:49.628+0000 [DEBUG] [org.gradle.launcher.daemon.server.exec.ExecuteBuild] The daemon has finished executing the build.
2026-03-05T01:34:49.645+0000 [DEBUG] [org.gradle.launcher.daemon.server.DaemonStateCoordinator] daemon is running. Sleeping until state changes.
2026-03-05T01:34:49.645+0000 [DEBUG] [org.gradle.launcher.daemon.server.DaemonStateCoordinator] Command execution: finished waiting for DaemonCommandExecution[command = Build{id=3b46a0e5-6df9-4f1f-8dd7-11cc8bd66155, currentDir=C:\Users\obabi\AndroidStudioProjects\GetGroceries}, connection = DefaultDaemonConnection: socket connection from /127.0.0.1:50780 to /127.0.0.1:50781]. Result org.gradle.launcher.daemon.server.DaemonStateCoordinator@55f2bfec with state Busy
2026-03-05T01:34:49.646+0000 [DEBUG] [org.gradle.launcher.daemon.server.DaemonStateCoordinator] Command execution: completed DaemonCommandExecution[command = Build{id=3b46a0e5-6df9-4f1f-8dd7-11cc8bd66155, currentDir=C:\Users\obabi\AndroidStudioProjects\GetGroceries}, connection = DefaultDaemonConnection: socket connection from /127.0.0.1:50780 to /127.0.0.1:50781]
2026-03-05T01:34:49.646+0000 [DEBUG] [org.gradle.launcher.daemon.server.DaemonStateCoordinator] resetting idle timer
2026-03-05T01:34:49.647+0000 [INFO] [org.gradle.launcher.daemon.server.DaemonRegistryUpdater] Marking the daemon as idle, address: [51fd3d19-ad08-420d-88b5-9910c3a68b7b port:50780, addresses:[localhost/127.0.0.1]]
2026-03-05T01:34:49.647+0000 [DEBUG] [org.gradle.launcher.daemon.registry.PersistentDaemonRegistry] Marking busy by address: [51fd3d19-ad08-420d-88b5-9910c3a68b7b port:50780, addresses:[localhost/127.0.0.1]]
2026-03-05T01:34:49.649+0000 [DEBUG] [org.gradle.cache.internal.DefaultFileLockManager] Waiting to acquire exclusive lock on daemon addresses registry.
2026-03-05T01:34:49.650+0000 [DEBUG] [org.gradle.cache.internal.DefaultFileLockManager] Lock acquired on daemon addresses registry.
2026-03-05T01:34:49.652+0000 [DEBUG] [org.gradle.cache.internal.DefaultFileLockManager] Releasing lock on daemon addresses registry.
2026-03-05T01:34:49.652+0000 [DEBUG] [org.gradle.launcher.daemon.server.DaemonStateCoordinator] daemon is running. Sleeping until state changes.
2026-03-05T01:34:49.652+0000 [DEBUG] [org.gradle.launcher.daemon.server.exec.ReturnResult] Daemon is dispatching the build result: Success[value=org.gradle.launcher.exec.BuildActionResult@678ed2cc]
2026-03-05T01:34:49.653+0000 [DEBUG] [org.gradle.launcher.daemon.server.SynchronizedDispatchConnection] thread 36: dispatching Success[value=org.gradle.launcher.exec.BuildActionResult@678ed2cc]
2026-03-05T01:34:49.655+0000 [DEBUG] [org.gradle.launcher.daemon.server.exec.CleanUpVirtualFileSystemAfterBuild] Cleaning virtual file system after build finished
2026-03-05T01:34:49.655+0000 [DEBUG] [org.gradle.launcher.daemon.server.DefaultIncomingConnectionHandler] Finishing executing command: Build{id=3b46a0e5-6df9-4f1f-8dd7-11cc8bd66155, currentDir=C:\Users\obabi\AndroidStudioProjects\GetGroceries}
2026-03-05T01:34:49.656+0000 [DEBUG] [org.gradle.launcher.daemon.server.SynchronizedDispatchConnection] thread 37: received class org.gradle.launcher.daemon.protocol.CloseInput
2026-03-05T01:34:49.657+0000 [DEBUG] [org.gradle.launcher.daemon.server.DefaultDaemonConnection] thread 37: Received IO message from client: org.gradle.launcher.daemon.protocol.CloseInput@5d190db3
2026-03-05T01:34:49.657+0000 [DEBUG] [org.gradle.launcher.daemon.server.SynchronizedDispatchConnection] thread 37: received class org.gradle.launcher.daemon.protocol.Finished
2026-03-05T01:34:49.657+0000 [DEBUG] [org.gradle.launcher.daemon.server.DefaultDaemonConnection] thread 37: Received non-IO message from client: org.gradle.launcher.daemon.protocol.Finished@1264f13e
2026-03-05T01:34:49.657+0000 [DEBUG] [org.gradle.launcher.daemon.server.DefaultIncomingConnectionHandler] Received finished message: org.gradle.launcher.daemon.protocol.Finished@1264f13e
2026-03-05T01:34:49.658+0000 [DEBUG] [org.gradle.launcher.daemon.server.SynchronizedDispatchConnection] thread 36: stopping connection
2026-03-05T01:34:49.658+0000 [DEBUG] [org.gradle.internal.remote.internal.inet.SocketConnection] Discarding EOFException: java.io.EOFException
2026-03-05T01:34:49.658+0000 [DEBUG] [org.gradle.launcher.daemon.server.SynchronizedDispatchConnection] thread 37: received null
2026-03-05T01:34:49.659+0000 [DEBUG] [org.gradle.launcher.daemon.server.DefaultDaemonConnection] thread 37: Received end-of-input from client.
2026-03-05T01:34:49.661+0000 [DEBUG] [org.gradle.launcher.daemon.server.SynchronizedDispatchConnection] thread 36: stopping connection
2026-03-05T01:34:50.933+0000 [DEBUG] [org.gradle.cache.internal.DefaultFileLockManager] Waiting to acquire shared lock on daemon addresses registry.
2026-03-05T01:34:50.934+0000 [DEBUG] [org.gradle.cache.internal.DefaultFileLockManager] Lock acquired on daemon addresses registry.
2026-03-05T01:34:50.935+0000 [DEBUG] [org.gradle.cache.internal.DefaultFileLockManager] Releasing lock on daemon addresses registry.
2026-03-05T01:34:50.947+0000 [DEBUG] [org.gradle.cache.internal.DefaultFileLockManager] Waiting to acquire shared lock on daemon addresses registry.
2026-03-05T01:34:50.948+0000 [DEBUG] [org.gradle.cache.internal.DefaultFileLockManager] Lock acquired on daemon addresses registry.
2026-03-05T01:34:50.949+0000 [DEBUG] [org.gradle.cache.internal.DefaultFileLockManager] Releasing lock on daemon addresses registry.
2026-03-05T01:34:51.329+0000 [DEBUG] [org.gradle.process.internal.health.memory.DefaultMemoryManager] 786631884 physical memory requested, 385429504 free
2026-03-05T01:34:51.330+0000 [DEBUG] [org.gradle.workers.internal.WorkerDaemonExpiration] Will attempt to release 750 of memory
2026-03-05T01:34:51.330+0000 [DEBUG] [org.gradle.process.internal.health.memory.DefaultMemoryManager] 786631884 physical memory requested, 0 released, 385429504 free
2026-03-05T01:34:56.243+0000 [DEBUG] [org.gradle.process.internal.health.memory.DefaultMemoryManager] 786631884 physical memory requested, 378122240 free
2026-03-05T01:34:56.243+0000 [DEBUG] [org.gradle.workers.internal.WorkerDaemonExpiration] Will attempt to release 750 of memory
2026-03-05T01:34:56.243+0000 [DEBUG] [org.gradle.process.internal.health.memory.DefaultMemoryManager] 786631884 physical memory requested, 0 released, 378122240 free
2026-03-05T01:35:00.944+0000 [DEBUG] [org.gradle.cache.internal.DefaultFileLockManager] Waiting to acquire shared lock on daemon addresses registry.
2026-03-05T01:35:00.944+0000 [DEBUG] [org.gradle.cache.internal.DefaultFileLockManager] Lock acquired on daemon addresses registry.
2026-03-05T01:35:00.944+0000 [DEBUG] [org.gradle.cache.internal.DefaultFileLockManager] Releasing lock on daemon addresses registry.
2026-03-05T01:35:00.947+0000 [DEBUG] [org.gradle.cache.internal.DefaultFileLockManager] Waiting to acquire shared lock on daemon addresses registry.
2026-03-05T01:35:00.947+0000 [DEBUG] [org.gradle.cache.internal.DefaultFileLockManager] Lock acquired on daemon addresses registry.
2026-03-05T01:35:00.948+0000 [DEBUG] [org.gradle.cache.internal.DefaultFileLockManager] Releasing lock on daemon addresses registry.
2026-03-05T01:35:00.949+0000 [DEBUG] [org.gradle.cache.internal.DefaultFileLockManager] Waiting to acquire shared lock on daemon addresses registry.
2026-03-05T01:35:00.950+0000 [DEBUG] [org.gradle.cache.internal.DefaultFileLockManager] Lock acquired on daemon addresses registry.
2026-03-05T01:35:00.950+0000 [DEBUG] [org.gradle.cache.internal.DefaultFileLockManager] Releasing lock on daemon addresses registry.
2026-03-05T01:35:01.251+0000 [DEBUG] [org.gradle.process.internal.health.memory.DefaultMemoryManager] 786631884 physical memory requested, 327475200 free
2026-03-05T01:35:01.251+0000 [DEBUG] [org.gradle.workers.internal.WorkerDaemonExpiration] Will attempt to release 750 of memory
2026-03-05T01:35:01.251+0000 [DEBUG] [org.gradle.process.internal.health.memory.DefaultMemoryManager] 786631884 physical memory requested, 0 released, 327475200 free
2026-03-05T01:35:06.255+0000 [DEBUG] [org.gradle.process.internal.health.memory.DefaultMemoryManager] 786631884 physical memory requested, 323235840 free
2026-03-05T01:35:06.255+0000 [DEBUG] [org.gradle.workers.internal.WorkerDaemonExpiration] Will attempt to release 750 of memory
2026-03-05T01:35:06.255+0000 [DEBUG] [org.gradle.process.internal.health.memory.DefaultMemoryManager] 786631884 physical memory requested, 0 released, 323235840 free
2026-03-05T01:35:10.931+0000 [DEBUG] [org.gradle.cache.internal.DefaultFileLockManager] Waiting to acquire shared lock on daemon addresses registry.
2026-03-05T01:35:10.931+0000 [DEBUG] [org.gradle.cache.internal.DefaultFileLockManager] Lock acquired on daemon addresses registry.
2026-03-05T01:35:10.932+0000 [DEBUG] [org.gradle.cache.internal.DefaultFileLockManager] Releasing lock on daemon addresses registry.
2026-03-05T01:35:10.934+0000 [DEBUG] [org.gradle.cache.internal.DefaultFileLockManager] Waiting to acquire shared lock on daemon addresses registry.
2026-03-05T01:35:10.934+0000 [DEBUG] [org.gradle.cache.internal.DefaultFileLockManager] Lock acquired on daemon addresses registry.
2026-03-05T01:35:10.935+0000 [DEBUG] [org.gradle.cache.internal.DefaultFileLockManager] Releasing lock on daemon addresses registry.
2026-03-05T01:35:10.937+0000 [DEBUG] [org.gradle.cache.internal.DefaultFileLockManager] Waiting to acquire shared lock on daemon addresses registry.
2026-03-05T01:35:10.937+0000 [DEBUG] [org.gradle.cache.internal.DefaultFileLockManager] Lock acquired on daemon addresses registry.
2026-03-05T01:35:10.938+0000 [DEBUG] [org.gradle.cache.internal.DefaultFileLockManager] Releasing lock on daemon addresses registry.
2026-03-05T01:35:11.252+0000 [DEBUG] [org.gradle.process.internal.health.memory.DefaultMemoryManager] 786631884 physical memory requested, 334827520 free
2026-03-05T01:35:11.252+0000 [DEBUG] [org.gradle.workers.internal.WorkerDaemonExpiration] Will attempt to release 750 of memory
2026-03-05T01:35:11.252+0000 [DEBUG] [org.gradle.process.internal.health.memory.DefaultMemoryManager] 786631884 physical memory requested, 0 released, 334827520 free
2026-03-05T01:35:16.237+0000 [DEBUG] [org.gradle.process.internal.health.memory.DefaultMemoryManager] 786631884 physical memory requested, 330448896 free
2026-03-05T01:35:16.237+0000 [DEBUG] [org.gradle.workers.internal.WorkerDaemonExpiration] Will attempt to release 750 of memory
2026-03-05T01:35:16.237+0000 [DEBUG] [org.gradle.process.internal.health.memory.DefaultMemoryManager] 786631884 physical memory requested, 0 released, 330448896 free
2026-03-05T01:35:20.933+0000 [DEBUG] [org.gradle.cache.internal.DefaultFileLockManager] Waiting to acquire shared lock on daemon addresses registry.
2026-03-05T01:35:20.933+0000 [DEBUG] [org.gradle.cache.internal.DefaultFileLockManager] Lock acquired on daemon addresses registry.
2026-03-05T01:35:20.934+0000 [DEBUG] [org.gradle.cache.internal.DefaultFileLockManager] Releasing lock on daemon addresses registry.
2026-03-05T01:35:20.936+0000 [DEBUG] [org.gradle.cache.internal.DefaultFileLockManager] Waiting to acquire shared lock on daemon addresses registry.
2026-03-05T01:35:20.936+0000 [DEBUG] [org.gradle.cache.internal.DefaultFileLockManager] Lock acquired on daemon addresses registry.
2026-03-05T01:35:20.936+0000 [DEBUG] [org.gradle.cache.internal.DefaultFileLockManager] Releasing lock on daemon addresses registry.
2026-03-05T01:35:20.938+0000 [DEBUG] [org.gradle.cache.internal.DefaultFileLockManager] Waiting to acquire shared lock on daemon addresses registry.
2026-03-05T01:35:20.938+0000 [DEBUG] [org.gradle.cache.internal.DefaultFileLockManager] Lock acquired on daemon addresses registry.
2026-03-05T01:35:20.939+0000 [DEBUG] [org.gradle.cache.internal.DefaultFileLockManager] Releasing lock on daemon addresses registry.
2026-03-05T01:35:21.252+0000 [DEBUG] [org.gradle.process.internal.health.memory.DefaultMemoryManager] 786631884 physical memory requested, 315195392 free
2026-03-05T01:35:21.252+0000 [DEBUG] [org.gradle.workers.internal.WorkerDaemonExpiration] Will attempt to release 750 of memory
2026-03-05T01:35:21.252+0000 [DEBUG] [org.gradle.process.internal.health.memory.DefaultMemoryManager] 786631884 physical memory requested, 0 released, 315195392 free
2026-03-05T01:35:26.247+0000 [DEBUG] [org.gradle.process.internal.health.memory.DefaultMemoryManager] 786631884 physical memory requested, 294449152 free
2026-03-05T01:35:26.247+0000 [DEBUG] [org.gradle.workers.internal.WorkerDaemonExpiration] Will attempt to release 750 of memory
2026-03-05T01:35:26.247+0000 [DEBUG] [org.gradle.process.internal.health.memory.DefaultMemoryManager] 786631884 physical memory requested, 0 released, 294449152 free
2026-03-05T01:35:30.928+0000 [DEBUG] [org.gradle.cache.internal.DefaultFileLockManager] Waiting to acquire shared lock on daemon addresses registry.
2026-03-05T01:35:30.928+0000 [DEBUG] [org.gradle.cache.internal.DefaultFileLockManager] Lock acquired on daemon addresses registry.
2026-03-05T01:35:30.929+0000 [DEBUG] [org.gradle.cache.internal.DefaultFileLockManager] Releasing lock on daemon addresses registry.
2026-03-05T01:35:30.931+0000 [DEBUG] [org.gradle.cache.internal.DefaultFileLockManager] Waiting to acquire shared lock on daemon addresses registry.
2026-03-05T01:35:30.931+0000 [DEBUG] [org.gradle.cache.internal.DefaultFileLockManager] Lock acquired on daemon addresses registry.
2026-03-05T01:35:30.931+0000 [DEBUG] [org.gradle.cache.internal.DefaultFileLockManager] Releasing lock on daemon addresses registry.
2026-03-05T01:35:30.933+0000 [DEBUG] [org.gradle.cache.internal.DefaultFileLockManager] Waiting to acquire shared lock on daemon addresses registry.
2026-03-05T01:35:30.934+0000 [DEBUG] [org.gradle.cache.internal.DefaultFileLockManager] Lock acquired on daemon addresses registry.
2026-03-05T01:35:30.934+0000 [DEBUG] [org.gradle.cache.internal.DefaultFileLockManager] Releasing lock on daemon addresses registry.
2026-03-05T01:35:31.251+0000 [DEBUG] [org.gradle.process.internal.health.memory.DefaultMemoryManager] 786631884 physical memory requested, 288956416 free
2026-03-05T01:35:31.251+0000 [DEBUG] [org.gradle.workers.internal.WorkerDaemonExpiration] Will attempt to release 750 of memory
2026-03-05T01:35:31.251+0000 [DEBUG] [org.gradle.process.internal.health.memory.DefaultMemoryManager] 786631884 physical memory requested, 0 released, 288956416 free
2026-03-05T01:35:36.255+0000 [DEBUG] [org.gradle.process.internal.health.memory.DefaultMemoryManager] 786631884 physical memory requested, 273174528 free
2026-03-05T01:35:36.255+0000 [DEBUG] [org.gradle.workers.internal.WorkerDaemonExpiration] Will attempt to release 750 of memory
2026-03-05T01:35:36.255+0000 [DEBUG] [org.gradle.process.internal.health.memory.DefaultMemoryManager] 786631884 physical memory requested, 0 released, 273174528 free
2026-03-05T01:35:40.940+0000 [DEBUG] [org.gradle.cache.internal.DefaultFileLockManager] Waiting to acquire shared lock on daemon addresses registry.
2026-03-05T01:35:40.940+0000 [DEBUG] [org.gradle.cache.internal.DefaultFileLockManager] Lock acquired on daemon addresses registry.
2026-03-05T01:35:40.941+0000 [DEBUG] [org.gradle.cache.internal.DefaultFileLockManager] Releasing lock on daemon addresses registry.
2026-03-05T01:35:40.945+0000 [DEBUG] [org.gradle.cache.internal.DefaultFileLockManager] Waiting to acquire shared lock on daemon addresses registry.
2026-03-05T01:35:40.947+0000 [DEBUG] [org.gradle.cache.internal.DefaultFileLockManager] Lock acquired on daemon addresses registry.
2026-03-05T01:35:40.948+0000 [DEBUG] [org.gradle.cache.internal.DefaultFileLockManager] Releasing lock on daemon addresses registry.
2026-03-05T01:35:40.951+0000 [DEBUG] [org.gradle.cache.internal.DefaultFileLockManager] Waiting to acquire shared lock on daemon addresses registry.
2026-03-05T01:35:40.951+0000 [DEBUG] [org.gradle.cache.internal.DefaultFileLockManager] Lock acquired on daemon addresses registry.
2026-03-05T01:35:40.952+0000 [DEBUG] [org.gradle.cache.internal.DefaultFileLockManager] Releasing lock on daemon addresses registry.
2026-03-05T01:35:41.248+0000 [DEBUG] [org.gradle.process.internal.health.memory.DefaultMemoryManager] 786631884 physical memory requested, 203350016 free
2026-03-05T01:35:41.248+0000 [DEBUG] [org.gradle.workers.internal.WorkerDaemonExpiration] Will attempt to release 750 of memory
2026-03-05T01:35:41.248+0000 [DEBUG] [org.gradle.process.internal.health.memory.DefaultMemoryManager] 786631884 physical memory requested, 0 released, 203350016 free
2026-03-05T01:35:50.936+0000 [DEBUG] [org.gradle.cache.internal.DefaultFileLockManager] Waiting to acquire shared lock on daemon addresses registry.
2026-03-05T01:35:50.936+0000 [DEBUG] [org.gradle.cache.internal.DefaultFileLockManager] Lock acquired on daemon addresses registry.
2026-03-05T01:35:50.936+0000 [DEBUG] [org.gradle.cache.internal.DefaultFileLockManager] Releasing lock on daemon addresses registry.
2026-03-05T01:35:50.938+0000 [DEBUG] [org.gradle.cache.internal.DefaultFileLockManager] Waiting to acquire shared lock on daemon addresses registry.
2026-03-05T01:35:50.939+0000 [DEBUG] [org.gradle.cache.internal.DefaultFileLockManager] Lock acquired on daemon addresses registry.
2026-03-05T01:35:50.939+0000 [DEBUG] [org.gradle.cache.internal.DefaultFileLockManager] Releasing lock on daemon addresses registry.
2026-03-05T01:35:50.941+0000 [DEBUG] [org.gradle.cache.internal.DefaultFileLockManager] Waiting to acquire shared lock on daemon addresses registry.
2026-03-05T01:35:50.941+0000 [DEBUG] [org.gradle.cache.internal.DefaultFileLockManager] Lock acquired on daemon addresses registry.
2026-03-05T01:35:50.942+0000 [DEBUG] [org.gradle.cache.internal.DefaultFileLockManager] Releasing lock on daemon addresses registry.
2026-03-05T01:36:00.935+0000 [DEBUG] [org.gradle.cache.internal.DefaultFileLockManager] Waiting to acquire shared lock on daemon addresses registry.
2026-03-05T01:36:00.935+0000 [DEBUG] [org.gradle.cache.internal.DefaultFileLockManager] Lock acquired on daemon addresses registry.
2026-03-05T01:36:00.936+0000 [DEBUG] [org.gradle.cache.internal.DefaultFileLockManager] Releasing lock on daemon addresses registry.
2026-03-05T01:36:00.939+0000 [DEBUG] [org.gradle.cache.internal.DefaultFileLockManager] Waiting to acquire shared lock on daemon addresses registry.
2026-03-05T01:36:00.939+0000 [DEBUG] [org.gradle.cache.internal.DefaultFileLockManager] Lock acquired on daemon addresses registry.
2026-03-05T01:36:00.940+0000 [DEBUG] [org.gradle.cache.internal.DefaultFileLockManager] Releasing lock on daemon addresses registry.
2026-03-05T01:36:00.942+0000 [DEBUG] [org.gradle.cache.internal.DefaultFileLockManager] Waiting to acquire shared lock on daemon addresses registry.
2026-03-05T01:36:00.943+0000 [DEBUG] [org.gradle.cache.internal.DefaultFileLockManager] Lock acquired on daemon addresses registry.
2026-03-05T01:36:00.943+0000 [DEBUG] [org.gradle.cache.internal.DefaultFileLockManager] Releasing lock on daemon addresses registry.
2026-03-05T01:36:01.250+0000 [DEBUG] [org.gradle.process.internal.health.memory.DefaultMemoryManager] 786631884 physical memory requested, 754622464 free
2026-03-05T01:36:01.250+0000 [DEBUG] [org.gradle.workers.internal.WorkerDaemonExpiration] Will attempt to release 750 of memory
2026-03-05T01:36:01.250+0000 [DEBUG] [org.gradle.process.internal.health.memory.DefaultMemoryManager] 786631884 physical memory requested, 0 released, 754622464 free
2026-03-05T01:36:06.246+0000 [DEBUG] [org.gradle.process.internal.health.memory.DefaultMemoryManager] 786631884 physical memory requested, 701599744 free
2026-03-05T01:36:06.246+0000 [DEBUG] [org.gradle.workers.internal.WorkerDaemonExpiration] Will attempt to release 750 of memory
2026-03-05T01:36:06.246+0000 [DEBUG] [org.gradle.process.internal.health.memory.DefaultMemoryManager] 786631884 physical memory requested, 0 released, 701599744 free
2026-03-05T01:36:10.945+0000 [DEBUG] [org.gradle.cache.internal.DefaultFileLockManager] Waiting to acquire shared lock on daemon addresses registry.
2026-03-05T01:36:10.945+0000 [DEBUG] [org.gradle.cache.internal.DefaultFileLockManager] Lock acquired on daemon addresses registry.
2026-03-05T01:36:10.946+0000 [DEBUG] [org.gradle.cache.internal.DefaultFileLockManager] Releasing lock on daemon addresses registry.
2026-03-05T01:36:10.951+0000 [DEBUG] [org.gradle.cache.internal.DefaultFileLockManager] Waiting to acquire shared lock on daemon addresses registry.
2026-03-05T01:36:10.951+0000 [DEBUG] [org.gradle.cache.internal.DefaultFileLockManager] Lock acquired on daemon addresses registry.
2026-03-05T01:36:10.953+0000 [DEBUG] [org.gradle.cache.internal.DefaultFileLockManager] Releasing lock on daemon addresses registry.
2026-03-05T01:36:10.958+0000 [DEBUG] [org.gradle.cache.internal.DefaultFileLockManager] Waiting to acquire shared lock on daemon addresses registry.
2026-03-05T01:36:10.958+0000 [DEBUG] [org.gradle.cache.internal.DefaultFileLockManager] Lock acquired on daemon addresses registry.
2026-03-05T01:36:10.959+0000 [DEBUG] [org.gradle.cache.internal.DefaultFileLockManager] Releasing lock on daemon addresses registry.
2026-03-05T01:36:11.255+0000 [DEBUG] [org.gradle.process.internal.health.memory.DefaultMemoryManager] 786631884 physical memory requested, 697696256 free
2026-03-05T01:36:11.255+0000 [DEBUG] [org.gradle.workers.internal.WorkerDaemonExpiration] Will attempt to release 750 of memory
2026-03-05T01:36:11.255+0000 [DEBUG] [org.gradle.process.internal.health.memory.DefaultMemoryManager] 786631884 physical memory requested, 0 released, 697696256 free
2026-03-05T01:36:16.244+0000 [DEBUG] [org.gradle.process.internal.health.memory.DefaultMemoryManager] 786631884 physical memory requested, 713592832 free
2026-03-05T01:36:16.244+0000 [DEBUG] [org.gradle.workers.internal.WorkerDaemonExpiration] Will attempt to release 750 of memory
2026-03-05T01:36:16.245+0000 [DEBUG] [org.gradle.process.internal.health.memory.DefaultMemoryManager] 786631884 physical memory requested, 0 released, 713592832 free
2026-03-05T01:36:20.933+0000 [DEBUG] [org.gradle.cache.internal.DefaultFileLockManager] Waiting to acquire shared lock on daemon addresses registry.
2026-03-05T01:36:20.933+0000 [DEBUG] [org.gradle.cache.internal.DefaultFileLockManager] Lock acquired on daemon addresses registry.
2026-03-05T01:36:20.934+0000 [DEBUG] [org.gradle.cache.internal.DefaultFileLockManager] Releasing lock on daemon addresses registry.
2026-03-05T01:36:20.936+0000 [DEBUG] [org.gradle.cache.internal.DefaultFileLockManager] Waiting to acquire shared lock on daemon addresses registry.
2026-03-05T01:36:20.937+0000 [DEBUG] [org.gradle.cache.internal.DefaultFileLockManager] Lock acquired on daemon addresses registry.
2026-03-05T01:36:20.937+0000 [DEBUG] [org.gradle.cache.internal.DefaultFileLockManager] Releasing lock on daemon addresses registry.
2026-03-05T01:36:20.939+0000 [DEBUG] [org.gradle.cache.internal.DefaultFileLockManager] Waiting to acquire shared lock on daemon addresses registry.
2026-03-05T01:36:20.940+0000 [DEBUG] [org.gradle.cache.internal.DefaultFileLockManager] Lock acquired on daemon addresses registry.
2026-03-05T01:36:20.941+0000 [DEBUG] [org.gradle.cache.internal.DefaultFileLockManager] Releasing lock on daemon addresses registry.
2026-03-05T01:36:21.254+0000 [DEBUG] [org.gradle.process.internal.health.memory.DefaultMemoryManager] 786631884 physical memory requested, 695463936 free
2026-03-05T01:36:21.254+0000 [DEBUG] [org.gradle.workers.internal.WorkerDaemonExpiration] Will attempt to release 750 of memory
2026-03-05T01:36:21.254+0000 [DEBUG] [org.gradle.process.internal.health.memory.DefaultMemoryManager] 786631884 physical memory requested, 0 released, 695463936 free
2026-03-05T01:36:26.254+0000 [DEBUG] [org.gradle.process.internal.health.memory.DefaultMemoryManager] 786631884 physical memory requested, 683839488 free
2026-03-05T01:36:26.254+0000 [DEBUG] [org.gradle.workers.internal.WorkerDaemonExpiration] Will attempt to release 750 of memory
2026-03-05T01:36:26.254+0000 [DEBUG] [org.gradle.process.internal.health.memory.DefaultMemoryManager] 786631884 physical memory requested, 0 released, 683839488 free
2026-03-05T01:36:30.934+0000 [DEBUG] [org.gradle.cache.internal.DefaultFileLockManager] Waiting to acquire shared lock on daemon addresses registry.
2026-03-05T01:36:30.935+0000 [DEBUG] [org.gradle.cache.internal.DefaultFileLockManager] Lock acquired on daemon addresses registry.
2026-03-05T01:36:30.935+0000 [DEBUG] [org.gradle.cache.internal.DefaultFileLockManager] Releasing lock on daemon addresses registry.
2026-03-05T01:36:30.937+0000 [DEBUG] [org.gradle.cache.internal.DefaultFileLockManager] Waiting to acquire shared lock on daemon addresses registry.
2026-03-05T01:36:30.938+0000 [DEBUG] [org.gradle.cache.internal.DefaultFileLockManager] Lock acquired on daemon addresses registry.
2026-03-05T01:36:30.938+0000 [DEBUG] [org.gradle.cache.internal.DefaultFileLockManager] Releasing lock on daemon addresses registry.
2026-03-05T01:36:30.940+0000 [DEBUG] [org.gradle.cache.internal.DefaultFileLockManager] Waiting to acquire shared lock on daemon addresses registry.
2026-03-05T01:36:30.940+0000 [DEBUG] [org.gradle.cache.internal.DefaultFileLockManager] Lock acquired on daemon addresses registry.
2026-03-05T01:36:30.941+0000 [DEBUG] [org.gradle.cache.internal.DefaultFileLockManager] Releasing lock on daemon addresses registry.
2026-03-05T01:36:31.251+0000 [DEBUG] [org.gradle.process.internal.health.memory.DefaultMemoryManager] 786631884 physical memory requested, 683409408 free
2026-03-05T01:36:31.252+0000 [DEBUG] [org.gradle.workers.internal.WorkerDaemonExpiration] Will attempt to release 750 of memory
2026-03-05T01:36:31.252+0000 [DEBUG] [org.gradle.process.internal.health.memory.DefaultMemoryManager] 786631884 physical memory requested, 0 released, 683409408 free
2026-03-05T01:36:36.251+0000 [DEBUG] [org.gradle.process.internal.health.memory.DefaultMemoryManager] 786631884 physical memory requested, 676855808 free
2026-03-05T01:36:36.251+0000 [DEBUG] [org.gradle.workers.internal.WorkerDaemonExpiration] Will attempt to release 750 of memory
2026-03-05T01:36:36.251+0000 [DEBUG] [org.gradle.process.internal.health.memory.DefaultMemoryManager] 786631884 physical memory requested, 0 released, 676855808 free
2026-03-05T01:36:40.936+0000 [DEBUG] [org.gradle.cache.internal.DefaultFileLockManager] Waiting to acquire shared lock on daemon addresses registry.
2026-03-05T01:36:40.937+0000 [DEBUG] [org.gradle.cache.internal.DefaultFileLockManager] Lock acquired on daemon addresses registry.
2026-03-05T01:36:40.937+0000 [DEBUG] [org.gradle.cache.internal.DefaultFileLockManager] Releasing lock on daemon addresses registry.
2026-03-05T01:36:40.940+0000 [DEBUG] [org.gradle.cache.internal.DefaultFileLockManager] Waiting to acquire shared lock on daemon addresses registry.
2026-03-05T01:36:40.940+0000 [DEBUG] [org.gradle.cache.internal.DefaultFileLockManager] Lock acquired on daemon addresses registry.
2026-03-05T01:36:40.941+0000 [DEBUG] [org.gradle.cache.internal.DefaultFileLockManager] Releasing lock on daemon addresses registry.
2026-03-05T01:36:40.943+0000 [DEBUG] [org.gradle.cache.internal.DefaultFileLockManager] Waiting to acquire shared lock on daemon addresses registry.
2026-03-05T01:36:40.943+0000 [DEBUG] [org.gradle.cache.internal.DefaultFileLockManager] Lock acquired on daemon addresses registry.
2026-03-05T01:36:40.944+0000 [DEBUG] [org.gradle.cache.internal.DefaultFileLockManager] Releasing lock on daemon addresses registry.
2026-03-05T01:36:41.246+0000 [DEBUG] [org.gradle.process.internal.health.memory.DefaultMemoryManager] 786631884 physical memory requested, 676700160 free
2026-03-05T01:36:41.246+0000 [DEBUG] [org.gradle.workers.internal.WorkerDaemonExpiration] Will attempt to release 750 of memory
2026-03-05T01:36:41.247+0000 [DEBUG] [org.gradle.process.internal.health.memory.DefaultMemoryManager] 786631884 physical memory requested, 0 released, 676700160 free
2026-03-05T01:36:46.250+0000 [DEBUG] [org.gradle.process.internal.health.memory.DefaultMemoryManager] 786631884 physical memory requested, 668217344 free
2026-03-05T01:36:46.250+0000 [DEBUG] [org.gradle.workers.internal.WorkerDaemonExpiration] Will attempt to release 750 of memory
2026-03-05T01:36:46.250+0000 [DEBUG] [org.gradle.process.internal.health.memory.DefaultMemoryManager] 786631884 physical memory requested, 0 released, 668217344 free
2026-03-05T01:36:50.942+0000 [DEBUG] [org.gradle.cache.internal.DefaultFileLockManager] Waiting to acquire shared lock on daemon addresses registry.
2026-03-05T01:36:50.942+0000 [DEBUG] [org.gradle.cache.internal.DefaultFileLockManager] Lock acquired on daemon addresses registry.
2026-03-05T01:36:50.943+0000 [DEBUG] [org.gradle.cache.internal.DefaultFileLockManager] Releasing lock on daemon addresses registry.
2026-03-05T01:36:50.945+0000 [DEBUG] [org.gradle.cache.internal.DefaultFileLockManager] Waiting to acquire shared lock on daemon addresses registry.
2026-03-05T01:36:50.945+0000 [DEBUG] [org.gradle.cache.internal.DefaultFileLockManager] Lock acquired on daemon addresses registry.
2026-03-05T01:36:50.946+0000 [DEBUG] [org.gradle.cache.internal.DefaultFileLockManager] Releasing lock on daemon addresses registry.
2026-03-05T01:36:50.948+0000 [DEBUG] [org.gradle.cache.internal.DefaultFileLockManager] Waiting to acquire shared lock on daemon addresses registry.
2026-03-05T01:36:50.948+0000 [DEBUG] [org.gradle.cache.internal.DefaultFileLockManager] Lock acquired on daemon addresses registry.
2026-03-05T01:36:50.949+0000 [DEBUG] [org.gradle.cache.internal.DefaultFileLockManager] Releasing lock on daemon addresses registry.
2026-03-05T01:36:51.247+0000 [DEBUG] [org.gradle.process.internal.health.memory.DefaultMemoryManager] 786631884 physical memory requested, 663744512 free
2026-03-05T01:36:51.247+0000 [DEBUG] [org.gradle.workers.internal.WorkerDaemonExpiration] Will attempt to release 750 of memory
2026-03-05T01:36:51.247+0000 [DEBUG] [org.gradle.process.internal.health.memory.DefaultMemoryManager] 786631884 physical memory requested, 0 released, 663744512 free
2026-03-05T01:36:56.247+0000 [DEBUG] [org.gradle.process.internal.health.memory.DefaultMemoryManager] 786631884 physical memory requested, 617922560 free
2026-03-05T01:36:56.247+0000 [DEBUG] [org.gradle.workers.internal.WorkerDaemonExpiration] Will attempt to release 750 of memory
2026-03-05T01:36:56.248+0000 [DEBUG] [org.gradle.process.internal.health.memory.DefaultMemoryManager] 786631884 physical memory requested, 0 released, 617922560 free
2026-03-05T01:37:00.939+0000 [DEBUG] [org.gradle.cache.internal.DefaultFileLockManager] Waiting to acquire shared lock on daemon addresses registry.
2026-03-05T01:37:00.939+0000 [DEBUG] [org.gradle.cache.internal.DefaultFileLockManager] Lock acquired on daemon addresses registry.
2026-03-05T01:37:00.940+0000 [DEBUG] [org.gradle.cache.internal.DefaultFileLockManager] Releasing lock on daemon addresses registry.
2026-03-05T01:37:00.942+0000 [DEBUG] [org.gradle.cache.internal.DefaultFileLockManager] Waiting to acquire shared lock on daemon addresses registry.
2026-03-05T01:37:00.942+0000 [DEBUG] [org.gradle.cache.internal.DefaultFileLockManager] Lock acquired on daemon addresses registry.
2026-03-05T01:37:00.943+0000 [DEBUG] [org.gradle.cache.internal.DefaultFileLockManager] Releasing lock on daemon addresses registry.
2026-03-05T01:37:00.944+0000 [DEBUG] [org.gradle.cache.internal.DefaultFileLockManager] Waiting to acquire shared lock on daemon addresses registry.
2026-03-05T01:37:00.945+0000 [DEBUG] [org.gradle.cache.internal.DefaultFileLockManager] Lock acquired on daemon addresses registry.
2026-03-05T01:37:00.945+0000 [DEBUG] [org.gradle.cache.internal.DefaultFileLockManager] Releasing lock on daemon addresses registry.
2026-03-05T01:37:01.255+0000 [DEBUG] [org.gradle.process.internal.health.memory.DefaultMemoryManager] 786631884 physical memory requested, 609054720 free
2026-03-05T01:37:01.255+0000 [DEBUG] [org.gradle.workers.internal.WorkerDaemonExpiration] Will attempt to release 750 of memory
2026-03-05T01:37:01.255+0000 [DEBUG] [org.gradle.process.internal.health.memory.DefaultMemoryManager] 786631884 physical memory requested, 0 released, 609054720 free
2026-03-05T01:37:06.253+0000 [DEBUG] [org.gradle.process.internal.health.memory.DefaultMemoryManager] 786631884 physical memory requested, 610058240 free
2026-03-05T01:37:06.254+0000 [DEBUG] [org.gradle.workers.internal.WorkerDaemonExpiration] Will attempt to release 750 of memory
2026-03-05T01:37:06.254+0000 [DEBUG] [org.gradle.process.internal.health.memory.DefaultMemoryManager] 786631884 physical memory requested, 0 released, 610058240 free
2026-03-05T01:37:10.942+0000 [DEBUG] [org.gradle.cache.internal.DefaultFileLockManager] Waiting to acquire shared lock on daemon addresses registry.
2026-03-05T01:37:10.942+0000 [DEBUG] [org.gradle.cache.internal.DefaultFileLockManager] Lock acquired on daemon addresses registry.
2026-03-05T01:37:10.943+0000 [DEBUG] [org.gradle.cache.internal.DefaultFileLockManager] Releasing lock on daemon addresses registry.
2026-03-05T01:37:10.945+0000 [DEBUG] [org.gradle.cache.internal.DefaultFileLockManager] Waiting to acquire shared lock on daemon addresses registry.
2026-03-05T01:37:10.945+0000 [DEBUG] [org.gradle.cache.internal.DefaultFileLockManager] Lock acquired on daemon addresses registry.
2026-03-05T01:37:10.946+0000 [DEBUG] [org.gradle.cache.internal.DefaultFileLockManager] Releasing lock on daemon addresses registry.
2026-03-05T01:37:10.948+0000 [DEBUG] [org.gradle.cache.internal.DefaultFileLockManager] Waiting to acquire shared lock on daemon addresses registry.
2026-03-05T01:37:10.948+0000 [DEBUG] [org.gradle.cache.internal.DefaultFileLockManager] Lock acquired on daemon addresses registry.
2026-03-05T01:37:10.949+0000 [DEBUG] [org.gradle.cache.internal.DefaultFileLockManager] Releasing lock on daemon addresses registry.
2026-03-05T01:37:11.256+0000 [DEBUG] [org.gradle.process.internal.health.memory.DefaultMemoryManager] 786631884 physical memory requested, 610807808 free
2026-03-05T01:37:11.256+0000 [DEBUG] [org.gradle.workers.internal.WorkerDaemonExpiration] Will attempt to release 750 of memory
2026-03-05T01:37:11.256+0000 [DEBUG] [org.gradle.process.internal.health.memory.DefaultMemoryManager] 786631884 physical memory requested, 0 released, 610807808 free
2026-03-05T01:37:16.252+0000 [DEBUG] [org.gradle.process.internal.health.memory.DefaultMemoryManager] 786631884 physical memory requested, 618328064 free
2026-03-05T01:37:16.252+0000 [DEBUG] [org.gradle.workers.internal.WorkerDaemonExpiration] Will attempt to release 750 of memory
2026-03-05T01:37:16.252+0000 [DEBUG] [org.gradle.process.internal.health.memory.DefaultMemoryManager] 786631884 physical memory requested, 0 released, 618328064 free
2026-03-05T01:37:20.929+0000 [DEBUG] [org.gradle.cache.internal.DefaultFileLockManager] Waiting to acquire shared lock on daemon addresses registry.
2026-03-05T01:37:20.929+0000 [DEBUG] [org.gradle.cache.internal.DefaultFileLockManager] Lock acquired on daemon addresses registry.
2026-03-05T01:37:20.930+0000 [DEBUG] [org.gradle.cache.internal.DefaultFileLockManager] Releasing lock on daemon addresses registry.
2026-03-05T01:37:20.933+0000 [DEBUG] [org.gradle.cache.internal.DefaultFileLockManager] Waiting to acquire shared lock on daemon addresses registry.
2026-03-05T01:37:20.933+0000 [DEBUG] [org.gradle.cache.internal.DefaultFileLockManager] Lock acquired on daemon addresses registry.
2026-03-05T01:37:20.934+0000 [DEBUG] [org.gradle.cache.internal.DefaultFileLockManager] Releasing lock on daemon addresses registry.
2026-03-05T01:37:20.936+0000 [DEBUG] [org.gradle.cache.internal.DefaultFileLockManager] Waiting to acquire shared lock on daemon addresses registry.
2026-03-05T01:37:20.936+0000 [DEBUG] [org.gradle.cache.internal.DefaultFileLockManager] Lock acquired on daemon addresses registry.
2026-03-05T01:37:20.937+0000 [DEBUG] [org.gradle.cache.internal.DefaultFileLockManager] Releasing lock on daemon addresses registry.
2026-03-05T01:37:21.251+0000 [DEBUG] [org.gradle.process.internal.health.memory.DefaultMemoryManager] 786631884 physical memory requested, 614584320 free
2026-03-05T01:37:21.251+0000 [DEBUG] [org.gradle.workers.internal.WorkerDaemonExpiration] Will attempt to release 750 of memory
2026-03-05T01:37:21.251+0000 [DEBUG] [org.gradle.process.internal.health.memory.DefaultMemoryManager] 786631884 physical memory requested, 0 released, 614584320 free
2026-03-05T01:37:26.248+0000 [DEBUG] [org.gradle.process.internal.health.memory.DefaultMemoryManager] 786631884 physical memory requested, 539561984 free
2026-03-05T01:37:26.248+0000 [DEBUG] [org.gradle.workers.internal.WorkerDaemonExpiration] Will attempt to release 750 of memory
2026-03-05T01:37:26.248+0000 [DEBUG] [org.gradle.process.internal.health.memory.DefaultMemoryManager] 786631884 physical memory requested, 0 released, 539561984 free
2026-03-05T01:37:30.942+0000 [DEBUG] [org.gradle.cache.internal.DefaultFileLockManager] Waiting to acquire shared lock on daemon addresses registry.
2026-03-05T01:37:30.942+0000 [DEBUG] [org.gradle.cache.internal.DefaultFileLockManager] Lock acquired on daemon addresses registry.
2026-03-05T01:37:30.943+0000 [DEBUG] [org.gradle.cache.internal.DefaultFileLockManager] Releasing lock on daemon addresses registry.
2026-03-05T01:37:30.944+0000 [DEBUG] [org.gradle.cache.internal.DefaultFileLockManager] Waiting to acquire shared lock on daemon addresses registry.
2026-03-05T01:37:30.945+0000 [DEBUG] [org.gradle.cache.internal.DefaultFileLockManager] Lock acquired on daemon addresses registry.
2026-03-05T01:37:30.945+0000 [DEBUG] [org.gradle.cache.internal.DefaultFileLockManager] Releasing lock on daemon addresses registry.
2026-03-05T01:37:30.947+0000 [DEBUG] [org.gradle.cache.internal.DefaultFileLockManager] Waiting to acquire shared lock on daemon addresses registry.
2026-03-05T01:37:30.947+0000 [DEBUG] [org.gradle.cache.internal.DefaultFileLockManager] Lock acquired on daemon addresses registry.
2026-03-05T01:37:30.948+0000 [DEBUG] [org.gradle.cache.internal.DefaultFileLockManager] Releasing lock on daemon addresses registry.
2026-03-05T01:37:31.239+0000 [DEBUG] [org.gradle.process.internal.health.memory.DefaultMemoryManager] 786631884 physical memory requested, 702922752 free
2026-03-05T01:37:31.239+0000 [DEBUG] [org.gradle.workers.internal.WorkerDaemonExpiration] Will attempt to release 750 of memory
2026-03-05T01:37:31.239+0000 [DEBUG] [org.gradle.process.internal.health.memory.DefaultMemoryManager] 786631884 physical memory requested, 0 released, 702922752 free
2026-03-05T01:37:36.254+0000 [DEBUG] [org.gradle.process.internal.health.memory.DefaultMemoryManager] 786631884 physical memory requested, 689651712 free
2026-03-05T01:37:36.254+0000 [DEBUG] [org.gradle.workers.internal.WorkerDaemonExpiration] Will attempt to release 750 of memory
2026-03-05T01:37:36.254+0000 [DEBUG] [org.gradle.process.internal.health.memory.DefaultMemoryManager] 786631884 physical memory requested, 0 released, 689651712 free
2026-03-05T01:37:40.940+0000 [DEBUG] [org.gradle.cache.internal.DefaultFileLockManager] Waiting to acquire shared lock on daemon addresses registry.
2026-03-05T01:37:40.941+0000 [DEBUG] [org.gradle.cache.internal.DefaultFileLockManager] Lock acquired on daemon addresses registry.
2026-03-05T01:37:40.941+0000 [DEBUG] [org.gradle.cache.internal.DefaultFileLockManager] Releasing lock on daemon addresses registry.
2026-03-05T01:37:40.943+0000 [DEBUG] [org.gradle.cache.internal.DefaultFileLockManager] Waiting to acquire shared lock on daemon addresses registry.
2026-03-05T01:37:40.943+0000 [DEBUG] [org.gradle.cache.internal.DefaultFileLockManager] Lock acquired on daemon addresses registry.
2026-03-05T01:37:40.944+0000 [DEBUG] [org.gradle.cache.internal.DefaultFileLockManager] Releasing lock on daemon addresses registry.
2026-03-05T01:37:40.946+0000 [DEBUG] [org.gradle.cache.internal.DefaultFileLockManager] Waiting to acquire shared lock on daemon addresses registry.
2026-03-05T01:37:40.946+0000 [DEBUG] [org.gradle.cache.internal.DefaultFileLockManager] Lock acquired on daemon addresses registry.
2026-03-05T01:37:40.947+0000 [DEBUG] [org.gradle.cache.internal.DefaultFileLockManager] Releasing lock on daemon addresses registry.
2026-03-05T01:37:41.249+0000 [DEBUG] [org.gradle.process.internal.health.memory.DefaultMemoryManager] 786631884 physical memory requested, 690245632 free
2026-03-05T01:37:41.249+0000 [DEBUG] [org.gradle.workers.internal.WorkerDaemonExpiration] Will attempt to release 750 of memory
2026-03-05T01:37:41.249+0000 [DEBUG] [org.gradle.process.internal.health.memory.DefaultMemoryManager] 786631884 physical memory requested, 0 released, 690245632 free
2026-03-05T01:37:46.249+0000 [DEBUG] [org.gradle.process.internal.health.memory.DefaultMemoryManager] 786631884 physical memory requested, 683085824 free
2026-03-05T01:37:46.249+0000 [DEBUG] [org.gradle.workers.internal.WorkerDaemonExpiration] Will attempt to release 750 of memory
2026-03-05T01:37:46.249+0000 [DEBUG] [org.gradle.process.internal.health.memory.DefaultMemoryManager] 786631884 physical memory requested, 0 released, 683085824 free
2026-03-05T01:37:50.938+0000 [DEBUG] [org.gradle.cache.internal.DefaultFileLockManager] Waiting to acquire shared lock on daemon addresses registry.
2026-03-05T01:37:50.938+0000 [DEBUG] [org.gradle.cache.internal.DefaultFileLockManager] Lock acquired on daemon addresses registry.
2026-03-05T01:37:50.939+0000 [DEBUG] [org.gradle.cache.internal.DefaultFileLockManager] Releasing lock on daemon addresses registry.
2026-03-05T01:37:50.941+0000 [DEBUG] [org.gradle.cache.internal.DefaultFileLockManager] Waiting to acquire shared lock on daemon addresses registry.
2026-03-05T01:37:50.941+0000 [DEBUG] [org.gradle.cache.internal.DefaultFileLockManager] Lock acquired on daemon addresses registry.
2026-03-05T01:37:50.942+0000 [DEBUG] [org.gradle.cache.internal.DefaultFileLockManager] Releasing lock on daemon addresses registry.
2026-03-05T01:37:50.944+0000 [DEBUG] [org.gradle.cache.internal.DefaultFileLockManager] Waiting to acquire shared lock on daemon addresses registry.
2026-03-05T01:37:50.944+0000 [DEBUG] [org.gradle.cache.internal.DefaultFileLockManager] Lock acquired on daemon addresses registry.
2026-03-05T01:37:50.944+0000 [DEBUG] [org.gradle.cache.internal.DefaultFileLockManager] Releasing lock on daemon addresses registry.
2026-03-05T01:37:51.243+0000 [DEBUG] [org.gradle.process.internal.health.memory.DefaultMemoryManager] 786631884 physical memory requested, 585650176 free
2026-03-05T01:37:51.243+0000 [DEBUG] [org.gradle.workers.internal.WorkerDaemonExpiration] Will attempt to release 750 of memory
2026-03-05T01:37:51.243+0000 [DEBUG] [org.gradle.process.internal.health.memory.DefaultMemoryManager] 786631884 physical memory requested, 0 released, 585650176 free
2026-03-05T01:37:56.253+0000 [DEBUG] [org.gradle.process.internal.health.memory.DefaultMemoryManager] 786631884 physical memory requested, 599195648 free
2026-03-05T01:37:56.253+0000 [DEBUG] [org.gradle.workers.internal.WorkerDaemonExpiration] Will attempt to release 750 of memory
2026-03-05T01:37:56.253+0000 [DEBUG] [org.gradle.process.internal.health.memory.DefaultMemoryManager] 786631884 physical memory requested, 0 released, 599195648 free
2026-03-05T01:38:00.938+0000 [DEBUG] [org.gradle.cache.internal.DefaultFileLockManager] Waiting to acquire shared lock on daemon addresses registry.
2026-03-05T01:38:00.938+0000 [DEBUG] [org.gradle.cache.internal.DefaultFileLockManager] Lock acquired on daemon addresses registry.
2026-03-05T01:38:00.939+0000 [DEBUG] [org.gradle.cache.internal.DefaultFileLockManager] Releasing lock on daemon addresses registry.
2026-03-05T01:38:00.941+0000 [DEBUG] [org.gradle.cache.internal.DefaultFileLockManager] Waiting to acquire shared lock on daemon addresses registry.
2026-03-05T01:38:00.941+0000 [DEBUG] [org.gradle.cache.internal.DefaultFileLockManager] Lock acquired on daemon addresses registry.
2026-03-05T01:38:00.941+0000 [DEBUG] [org.gradle.cache.internal.DefaultFileLockManager] Releasing lock on daemon addresses registry.
2026-03-05T01:38:00.943+0000 [DEBUG] [org.gradle.cache.internal.DefaultFileLockManager] Waiting to acquire shared lock on daemon addresses registry.
2026-03-05T01:38:00.943+0000 [DEBUG] [org.gradle.cache.internal.DefaultFileLockManager] Lock acquired on daemon addresses registry.
2026-03-05T01:38:00.943+0000 [DEBUG] [org.gradle.cache.internal.DefaultFileLockManager] Releasing lock on daemon addresses registry.
2026-03-05T01:38:01.255+0000 [DEBUG] [org.gradle.process.internal.health.memory.DefaultMemoryManager] 786631884 physical memory requested, 593829888 free
2026-03-05T01:38:01.255+0000 [DEBUG] [org.gradle.workers.internal.WorkerDaemonExpiration] Will attempt to release 750 of memory
2026-03-05T01:38:01.255+0000 [DEBUG] [org.gradle.process.internal.health.memory.DefaultMemoryManager] 786631884 physical memory requested, 0 released, 593829888 free
2026-03-05T01:38:06.252+0000 [DEBUG] [org.gradle.process.internal.health.memory.DefaultMemoryManager] 786631884 physical memory requested, 595410944 free
2026-03-05T01:38:06.252+0000 [DEBUG] [org.gradle.workers.internal.WorkerDaemonExpiration] Will attempt to release 750 of memory
2026-03-05T01:38:06.252+0000 [DEBUG] [org.gradle.process.internal.health.memory.DefaultMemoryManager] 786631884 physical memory requested, 0 released, 595410944 free
2026-03-05T01:38:10.938+0000 [DEBUG] [org.gradle.cache.internal.DefaultFileLockManager] Waiting to acquire shared lock on daemon addresses registry.
2026-03-05T01:38:10.938+0000 [DEBUG] [org.gradle.cache.internal.DefaultFileLockManager] Lock acquired on daemon addresses registry.
2026-03-05T01:38:10.939+0000 [DEBUG] [org.gradle.cache.internal.DefaultFileLockManager] Releasing lock on daemon addresses registry.
2026-03-05T01:38:10.942+0000 [DEBUG] [org.gradle.cache.internal.DefaultFileLockManager] Waiting to acquire shared lock on daemon addresses registry.
2026-03-05T01:38:10.942+0000 [DEBUG] [org.gradle.cache.internal.DefaultFileLockManager] Lock acquired on daemon addresses registry.
2026-03-05T01:38:10.943+0000 [DEBUG] [org.gradle.cache.internal.DefaultFileLockManager] Releasing lock on daemon addresses registry.
2026-03-05T01:38:10.944+0000 [DEBUG] [org.gradle.cache.internal.DefaultFileLockManager] Waiting to acquire shared lock on daemon addresses registry.
2026-03-05T01:38:10.945+0000 [DEBUG] [org.gradle.cache.internal.DefaultFileLockManager] Lock acquired on daemon addresses registry.
2026-03-05T01:38:10.945+0000 [DEBUG] [org.gradle.cache.internal.DefaultFileLockManager] Releasing lock on daemon addresses registry.
2026-03-05T01:38:11.255+0000 [DEBUG] [org.gradle.process.internal.health.memory.DefaultMemoryManager] 786631884 physical memory requested, 585236480 free
2026-03-05T01:38:11.256+0000 [DEBUG] [org.gradle.workers.internal.WorkerDaemonExpiration] Will attempt to release 750 of memory
2026-03-05T01:38:11.256+0000 [DEBUG] [org.gradle.process.internal.health.memory.DefaultMemoryManager] 786631884 physical memory requested, 0 released, 585236480 free
