2026-04-13T10:22:26.669+0100 [DEBUG] [org.gradle.launcher.daemon.bootstrap.DaemonMain] Assuming the daemon was started with following jvm opts: [-Xmx2048m, -Dfile.encoding=UTF-8, -Duser.country=GB, -Duser.language=en, -Duser.variant]
2026-04-13T10:22:26.896+0100 [DEBUG] [org.gradle.internal.remote.internal.inet.InetAddresses] Adding IP addresses for network interface ExpressVPN TAP Adapter-WFP Native MAC Layer LightWeight Filter-0000
2026-04-13T10:22:26.897+0100 [DEBUG] [org.gradle.internal.remote.internal.inet.InetAddresses] Is this a loopback interface? false
2026-04-13T10:22:26.898+0100 [DEBUG] [org.gradle.internal.remote.internal.inet.InetAddresses] Adding IP addresses for network interface ExpressVPN TAP Adapter-Npcap Packet Driver (NPCAP)-0000
2026-04-13T10:22:26.898+0100 [DEBUG] [org.gradle.internal.remote.internal.inet.InetAddresses] Is this a loopback interface? false
2026-04-13T10:22:26.899+0100 [DEBUG] [org.gradle.internal.remote.internal.inet.InetAddresses] Adding IP addresses for network interface ExpressVPN TAP Adapter-QoS Packet Scheduler-0000
2026-04-13T10:22:26.899+0100 [DEBUG] [org.gradle.internal.remote.internal.inet.InetAddresses] Is this a loopback interface? false
2026-04-13T10:22:26.899+0100 [DEBUG] [org.gradle.internal.remote.internal.inet.InetAddresses] Adding IP addresses for network interface ExpressVPN TAP Adapter-WFP 802.3 MAC Layer LightWeight Filter-0000
2026-04-13T10:22:26.899+0100 [DEBUG] [org.gradle.internal.remote.internal.inet.InetAddresses] Is this a loopback interface? false
2026-04-13T10:22:26.900+0100 [DEBUG] [org.gradle.internal.remote.internal.inet.InetAddresses] Adding IP addresses for network interface WAN Miniport (IP)-WFP Native MAC Layer LightWeight Filter-0000
2026-04-13T10:22:26.900+0100 [DEBUG] [org.gradle.internal.remote.internal.inet.InetAddresses] Is this a loopback interface? false
2026-04-13T10:22:26.900+0100 [DEBUG] [org.gradle.internal.remote.internal.inet.InetAddresses] Adding IP addresses for network interface WAN Miniport (IP)-Npcap Packet Driver (NPCAP)-0000
2026-04-13T10:22:26.900+0100 [DEBUG] [org.gradle.internal.remote.internal.inet.InetAddresses] Is this a loopback interface? false
2026-04-13T10:22:26.900+0100 [DEBUG] [org.gradle.internal.remote.internal.inet.InetAddresses] Adding IP addresses for network interface WAN Miniport (IP)-QoS Packet Scheduler-0000
2026-04-13T10:22:26.901+0100 [DEBUG] [org.gradle.internal.remote.internal.inet.InetAddresses] Is this a loopback interface? false
2026-04-13T10:22:26.901+0100 [DEBUG] [org.gradle.internal.remote.internal.inet.InetAddresses] Adding IP addresses for network interface WAN Miniport (IPv6)-WFP Native MAC Layer LightWeight Filter-0000
2026-04-13T10:22:26.901+0100 [DEBUG] [org.gradle.internal.remote.internal.inet.InetAddresses] Is this a loopback interface? false
2026-04-13T10:22:26.901+0100 [DEBUG] [org.gradle.internal.remote.internal.inet.InetAddresses] Adding IP addresses for network interface WAN Miniport (IPv6)-Npcap Packet Driver (NPCAP)-0000
2026-04-13T10:22:26.901+0100 [DEBUG] [org.gradle.internal.remote.internal.inet.InetAddresses] Is this a loopback interface? false
2026-04-13T10:22:26.902+0100 [DEBUG] [org.gradle.internal.remote.internal.inet.InetAddresses] Adding IP addresses for network interface WAN Miniport (IPv6)-QoS Packet Scheduler-0000
2026-04-13T10:22:26.902+0100 [DEBUG] [org.gradle.internal.remote.internal.inet.InetAddresses] Is this a loopback interface? false
2026-04-13T10:22:26.902+0100 [DEBUG] [org.gradle.internal.remote.internal.inet.InetAddresses] Adding IP addresses for network interface WAN Miniport (Network Monitor)-WFP Native MAC Layer LightWeight Filter-0000
2026-04-13T10:22:26.902+0100 [DEBUG] [org.gradle.internal.remote.internal.inet.InetAddresses] Is this a loopback interface? false
2026-04-13T10:22:26.902+0100 [DEBUG] [org.gradle.internal.remote.internal.inet.InetAddresses] Adding IP addresses for network interface WAN Miniport (Network Monitor)-Npcap Packet Driver (NPCAP)-0000
2026-04-13T10:22:26.903+0100 [DEBUG] [org.gradle.internal.remote.internal.inet.InetAddresses] Is this a loopback interface? false
2026-04-13T10:22:26.903+0100 [DEBUG] [org.gradle.internal.remote.internal.inet.InetAddresses] Adding IP addresses for network interface WAN Miniport (Network Monitor)-QoS Packet Scheduler-0000
2026-04-13T10:22:26.903+0100 [DEBUG] [org.gradle.internal.remote.internal.inet.InetAddresses] Is this a loopback interface? false
2026-04-13T10:22:26.903+0100 [DEBUG] [org.gradle.internal.remote.internal.inet.InetAddresses] Adding IP addresses for network interface Microsoft Kernel Debug Network Adapter
2026-04-13T10:22:26.903+0100 [DEBUG] [org.gradle.internal.remote.internal.inet.InetAddresses] Is this a loopback interface? false
2026-04-13T10:22:26.904+0100 [DEBUG] [org.gradle.internal.remote.internal.inet.InetAddresses] Adding IP addresses for network interface Realtek USB GbE Family Controller
2026-04-13T10:22:26.904+0100 [DEBUG] [org.gradle.internal.remote.internal.inet.InetAddresses] Is this a loopback interface? false
2026-04-13T10:22:26.904+0100 [DEBUG] [org.gradle.internal.remote.internal.inet.InetAddresses] Adding IP addresses for network interface WAN Miniport (IP)
2026-04-13T10:22:26.904+0100 [DEBUG] [org.gradle.internal.remote.internal.inet.InetAddresses] Is this a loopback interface? false
2026-04-13T10:22:26.904+0100 [DEBUG] [org.gradle.internal.remote.internal.inet.InetAddresses] Adding IP addresses for network interface ExpressVPN TAP Adapter
2026-04-13T10:22:26.904+0100 [DEBUG] [org.gradle.internal.remote.internal.inet.InetAddresses] Is this a loopback interface? false
2026-04-13T10:22:26.905+0100 [DEBUG] [org.gradle.internal.remote.internal.inet.InetAddresses] Adding remote address /fe80:0:0:0:b75e:1cd4:523e:c6a7%ethernet_32771
2026-04-13T10:22:26.905+0100 [DEBUG] [org.gradle.internal.remote.internal.inet.InetAddresses] Adding IP addresses for network interface WAN Miniport (IPv6)
2026-04-13T10:22:26.905+0100 [DEBUG] [org.gradle.internal.remote.internal.inet.InetAddresses] Is this a loopback interface? false
2026-04-13T10:22:26.905+0100 [DEBUG] [org.gradle.internal.remote.internal.inet.InetAddresses] Adding IP addresses for network interface WAN Miniport (Network Monitor)
2026-04-13T10:22:26.906+0100 [DEBUG] [org.gradle.internal.remote.internal.inet.InetAddresses] Is this a loopback interface? false
2026-04-13T10:22:26.906+0100 [DEBUG] [org.gradle.internal.remote.internal.inet.InetAddresses] Adding IP addresses for network interface Bluetooth Device (Personal Area Network)
2026-04-13T10:22:26.906+0100 [DEBUG] [org.gradle.internal.remote.internal.inet.InetAddresses] Is this a loopback interface? false
2026-04-13T10:22:26.906+0100 [DEBUG] [org.gradle.internal.remote.internal.inet.InetAddresses] Adding IP addresses for network interface WAN Miniport (PPPOE)
2026-04-13T10:22:26.906+0100 [DEBUG] [org.gradle.internal.remote.internal.inet.InetAddresses] Is this a loopback interface? false
2026-04-13T10:22:26.906+0100 [DEBUG] [org.gradle.internal.remote.internal.inet.InetAddresses] Adding IP addresses for network interface RAS Async Adapter
2026-04-13T10:22:26.907+0100 [DEBUG] [org.gradle.internal.remote.internal.inet.InetAddresses] Is this a loopback interface? false
2026-04-13T10:22:26.907+0100 [DEBUG] [org.gradle.internal.remote.internal.inet.InetAddresses] Adding IP addresses for network interface Software Loopback Interface 1
2026-04-13T10:22:26.907+0100 [DEBUG] [org.gradle.internal.remote.internal.inet.InetAddresses] Is this a loopback interface? true
2026-04-13T10:22:26.907+0100 [DEBUG] [org.gradle.internal.remote.internal.inet.InetAddresses] Adding loopback address /0:0:0:0:0:0:0:1
2026-04-13T10:22:26.907+0100 [DEBUG] [org.gradle.internal.remote.internal.inet.InetAddresses] Adding loopback address /127.0.0.1
2026-04-13T10:22:26.908+0100 [DEBUG] [org.gradle.internal.remote.internal.inet.InetAddresses] Adding IP addresses for network interface ExpressVPN TUN Driver-Npcap Packet Driver (NPCAP)-0000
2026-04-13T10:22:26.908+0100 [DEBUG] [org.gradle.internal.remote.internal.inet.InetAddresses] Is this a loopback interface? false
2026-04-13T10:22:26.908+0100 [DEBUG] [org.gradle.internal.remote.internal.inet.InetAddresses] Adding IP addresses for network interface ExpressVPN TUN Driver
2026-04-13T10:22:26.908+0100 [DEBUG] [org.gradle.internal.remote.internal.inet.InetAddresses] Is this a loopback interface? false
2026-04-13T10:22:26.909+0100 [DEBUG] [org.gradle.internal.remote.internal.inet.InetAddresses] Adding remote address /fe80:0:0:0:67ce:7ad2:93c:7c6c%iftype53_32768
2026-04-13T10:22:26.909+0100 [DEBUG] [org.gradle.internal.remote.internal.inet.InetAddresses] Adding IP addresses for network interface Realtek RTL8822CE 802.11ac PCIe Adapter-WFP Native MAC Layer LightWeight Filter-0000
2026-04-13T10:22:26.910+0100 [DEBUG] [org.gradle.internal.remote.internal.inet.InetAddresses] Is this a loopback interface? false
2026-04-13T10:22:26.910+0100 [DEBUG] [org.gradle.internal.remote.internal.inet.InetAddresses] Adding IP addresses for network interface Realtek RTL8822CE 802.11ac PCIe Adapter-Virtual WiFi Filter Driver-0000
2026-04-13T10:22:26.910+0100 [DEBUG] [org.gradle.internal.remote.internal.inet.InetAddresses] Is this a loopback interface? false
2026-04-13T10:22:26.911+0100 [DEBUG] [org.gradle.internal.remote.internal.inet.InetAddresses] Adding IP addresses for network interface Realtek RTL8822CE 802.11ac PCIe Adapter-Native WiFi Filter Driver-0000
2026-04-13T10:22:26.911+0100 [DEBUG] [org.gradle.internal.remote.internal.inet.InetAddresses] Is this a loopback interface? false
2026-04-13T10:22:26.911+0100 [DEBUG] [org.gradle.internal.remote.internal.inet.InetAddresses] Adding IP addresses for network interface Realtek RTL8822CE 802.11ac PCIe Adapter-Npcap Packet Driver (NPCAP)-0000
2026-04-13T10:22:26.911+0100 [DEBUG] [org.gradle.internal.remote.internal.inet.InetAddresses] Is this a loopback interface? false
2026-04-13T10:22:26.912+0100 [DEBUG] [org.gradle.internal.remote.internal.inet.InetAddresses] Adding IP addresses for network interface Realtek RTL8822CE 802.11ac PCIe Adapter-QoS Packet Scheduler-0000
2026-04-13T10:22:26.913+0100 [DEBUG] [org.gradle.internal.remote.internal.inet.InetAddresses] Is this a loopback interface? false
2026-04-13T10:22:26.913+0100 [DEBUG] [org.gradle.internal.remote.internal.inet.InetAddresses] Adding IP addresses for network interface Realtek RTL8822CE 802.11ac PCIe Adapter-WFP 802.3 MAC Layer LightWeight Filter-0000
2026-04-13T10:22:26.913+0100 [DEBUG] [org.gradle.internal.remote.internal.inet.InetAddresses] Is this a loopback interface? false
2026-04-13T10:22:26.913+0100 [DEBUG] [org.gradle.internal.remote.internal.inet.InetAddresses] Adding IP addresses for network interface Microsoft Wi-Fi Direct Virtual Adapter-WFP Native MAC Layer LightWeight Filter-0000
2026-04-13T10:22:26.913+0100 [DEBUG] [org.gradle.internal.remote.internal.inet.InetAddresses] Is this a loopback interface? false
2026-04-13T10:22:26.914+0100 [DEBUG] [org.gradle.internal.remote.internal.inet.InetAddresses] Adding IP addresses for network interface Microsoft Wi-Fi Direct Virtual Adapter-Native WiFi Filter Driver-0000
2026-04-13T10:22:26.914+0100 [DEBUG] [org.gradle.internal.remote.internal.inet.InetAddresses] Is this a loopback interface? false
2026-04-13T10:22:26.914+0100 [DEBUG] [org.gradle.internal.remote.internal.inet.InetAddresses] Adding IP addresses for network interface Microsoft Wi-Fi Direct Virtual Adapter-Npcap Packet Driver (NPCAP)-0000
2026-04-13T10:22:26.914+0100 [DEBUG] [org.gradle.internal.remote.internal.inet.InetAddresses] Is this a loopback interface? false
2026-04-13T10:22:26.914+0100 [DEBUG] [org.gradle.internal.remote.internal.inet.InetAddresses] Adding IP addresses for network interface Microsoft Wi-Fi Direct Virtual Adapter-QoS Packet Scheduler-0000
2026-04-13T10:22:26.914+0100 [DEBUG] [org.gradle.internal.remote.internal.inet.InetAddresses] Is this a loopback interface? false
2026-04-13T10:22:26.915+0100 [DEBUG] [org.gradle.internal.remote.internal.inet.InetAddresses] Adding IP addresses for network interface Microsoft Wi-Fi Direct Virtual Adapter-WFP 802.3 MAC Layer LightWeight Filter-0000
2026-04-13T10:22:26.916+0100 [DEBUG] [org.gradle.internal.remote.internal.inet.InetAddresses] Is this a loopback interface? false
2026-04-13T10:22:26.916+0100 [DEBUG] [org.gradle.internal.remote.internal.inet.InetAddresses] Adding IP addresses for network interface Microsoft Wi-Fi Direct Virtual Adapter #2-WFP Native MAC Layer LightWeight Filter-0000
2026-04-13T10:22:26.916+0100 [DEBUG] [org.gradle.internal.remote.internal.inet.InetAddresses] Is this a loopback interface? false
2026-04-13T10:22:26.916+0100 [DEBUG] [org.gradle.internal.remote.internal.inet.InetAddresses] Adding IP addresses for network interface Microsoft Wi-Fi Direct Virtual Adapter #2-Native WiFi Filter Driver-0000
2026-04-13T10:22:26.916+0100 [DEBUG] [org.gradle.internal.remote.internal.inet.InetAddresses] Is this a loopback interface? false
2026-04-13T10:22:26.917+0100 [DEBUG] [org.gradle.internal.remote.internal.inet.InetAddresses] Adding IP addresses for network interface Microsoft Wi-Fi Direct Virtual Adapter #2-Npcap Packet Driver (NPCAP)-0000
2026-04-13T10:22:26.917+0100 [DEBUG] [org.gradle.internal.remote.internal.inet.InetAddresses] Is this a loopback interface? false
2026-04-13T10:22:26.917+0100 [DEBUG] [org.gradle.internal.remote.internal.inet.InetAddresses] Adding IP addresses for network interface Microsoft Wi-Fi Direct Virtual Adapter #2-QoS Packet Scheduler-0000
2026-04-13T10:22:26.917+0100 [DEBUG] [org.gradle.internal.remote.internal.inet.InetAddresses] Is this a loopback interface? false
2026-04-13T10:22:26.917+0100 [DEBUG] [org.gradle.internal.remote.internal.inet.InetAddresses] Adding IP addresses for network interface Microsoft Wi-Fi Direct Virtual Adapter #2-WFP 802.3 MAC Layer LightWeight Filter-0000
2026-04-13T10:22:26.917+0100 [DEBUG] [org.gradle.internal.remote.internal.inet.InetAddresses] Is this a loopback interface? false
2026-04-13T10:22:26.917+0100 [DEBUG] [org.gradle.internal.remote.internal.inet.InetAddresses] Adding IP addresses for network interface Realtek RTL8822CE 802.11ac PCIe Adapter
2026-04-13T10:22:26.918+0100 [DEBUG] [org.gradle.internal.remote.internal.inet.InetAddresses] Is this a loopback interface? false
2026-04-13T10:22:26.918+0100 [DEBUG] [org.gradle.internal.remote.internal.inet.InetAddresses] Adding remote address /fe80:0:0:0:3bb2:7b00:8eec:4e42%wireless_32768
2026-04-13T10:22:26.918+0100 [DEBUG] [org.gradle.internal.remote.internal.inet.InetAddresses] Adding remote address /2a00:23c5:cc85:f401:9892:3c64:8443:ad49
2026-04-13T10:22:26.918+0100 [DEBUG] [org.gradle.internal.remote.internal.inet.InetAddresses] Adding remote address /2a00:23c5:cc85:f401:29fe:7551:b6d0:22c5
2026-04-13T10:22:26.918+0100 [DEBUG] [org.gradle.internal.remote.internal.inet.InetAddresses] Adding remote address /192.168.1.134
2026-04-13T10:22:26.918+0100 [DEBUG] [org.gradle.internal.remote.internal.inet.InetAddresses] Adding IP addresses for network interface Microsoft Wi-Fi Direct Virtual Adapter
2026-04-13T10:22:26.918+0100 [DEBUG] [org.gradle.internal.remote.internal.inet.InetAddresses] Is this a loopback interface? false
2026-04-13T10:22:26.919+0100 [DEBUG] [org.gradle.internal.remote.internal.inet.InetAddresses] Adding remote address /fe80:0:0:0:8cc3:ab31:1aee:f74b%wireless_32769
2026-04-13T10:22:26.919+0100 [DEBUG] [org.gradle.internal.remote.internal.inet.InetAddresses] Adding IP addresses for network interface Microsoft Wi-Fi Direct Virtual Adapter #2
2026-04-13T10:22:26.919+0100 [DEBUG] [org.gradle.internal.remote.internal.inet.InetAddresses] Is this a loopback interface? false
2026-04-13T10:22:26.919+0100 [DEBUG] [org.gradle.internal.remote.internal.inet.InetAddresses] Adding remote address /fe80:0:0:0:1688:750a:914d:5b39%wireless_32770
2026-04-13T10:22:26.919+0100 [DEBUG] [org.gradle.internal.remote.internal.inet.InetAddresses] Adding IP addresses for network interface Microsoft Wi-Fi Direct Virtual Adapter #3
2026-04-13T10:22:26.919+0100 [DEBUG] [org.gradle.internal.remote.internal.inet.InetAddresses] Is this a loopback interface? false
2026-04-13T10:22:26.920+0100 [DEBUG] [org.gradle.internal.remote.internal.inet.InetAddresses] Adding IP addresses for network interface Microsoft Wi-Fi Direct Virtual Adapter #4
2026-04-13T10:22:26.920+0100 [DEBUG] [org.gradle.internal.remote.internal.inet.InetAddresses] Is this a loopback interface? false
2026-04-13T10:22:26.920+0100 [DEBUG] [org.gradle.internal.remote.internal.inet.InetAddresses] Adding IP addresses for network interface Microsoft Teredo Tunneling Adapter
2026-04-13T10:22:26.920+0100 [DEBUG] [org.gradle.internal.remote.internal.inet.InetAddresses] Is this a loopback interface? false
2026-04-13T10:22:26.920+0100 [DEBUG] [org.gradle.internal.remote.internal.inet.InetAddresses] Adding IP addresses for network interface Microsoft IP-HTTPS Platform Adapter
2026-04-13T10:22:26.920+0100 [DEBUG] [org.gradle.internal.remote.internal.inet.InetAddresses] Is this a loopback interface? false
2026-04-13T10:22:26.920+0100 [DEBUG] [org.gradle.internal.remote.internal.inet.InetAddresses] Adding IP addresses for network interface Microsoft 6to4 Adapter
2026-04-13T10:22:26.921+0100 [DEBUG] [org.gradle.internal.remote.internal.inet.InetAddresses] Is this a loopback interface? false
2026-04-13T10:22:26.921+0100 [DEBUG] [org.gradle.internal.remote.internal.inet.InetAddresses] Adding IP addresses for network interface WAN Miniport (SSTP)
2026-04-13T10:22:26.921+0100 [DEBUG] [org.gradle.internal.remote.internal.inet.InetAddresses] Is this a loopback interface? false
2026-04-13T10:22:26.921+0100 [DEBUG] [org.gradle.internal.remote.internal.inet.InetAddresses] Adding IP addresses for network interface WAN Miniport (IKEv2)
2026-04-13T10:22:26.921+0100 [DEBUG] [org.gradle.internal.remote.internal.inet.InetAddresses] Is this a loopback interface? false
2026-04-13T10:22:26.921+0100 [DEBUG] [org.gradle.internal.remote.internal.inet.InetAddresses] Adding IP addresses for network interface WAN Miniport (L2TP)
2026-04-13T10:22:26.922+0100 [DEBUG] [org.gradle.internal.remote.internal.inet.InetAddresses] Is this a loopback interface? false
2026-04-13T10:22:26.922+0100 [DEBUG] [org.gradle.internal.remote.internal.inet.InetAddresses] Adding IP addresses for network interface WAN Miniport (PPTP)
2026-04-13T10:22:26.922+0100 [DEBUG] [org.gradle.internal.remote.internal.inet.InetAddresses] Is this a loopback interface? false
2026-04-13T10:22:26.948+0100 [DEBUG] [org.gradle.internal.nativeintegration.services.NativeServices] Native-platform posix files integration is not available. Continuing with fallback.
2026-04-13T10:22:26.985+0100 [INFO] [org.gradle.launcher.daemon.server.Daemon] start() called on daemon - DefaultDaemonContext[uid=eb9d379b-5a8c-42bc-aa8c-6fd72dab93a4,javaHome=C:\Program Files\Android\Android Studio\jbr,javaVersion=21,javaVendor=JetBrains s.r.o.,daemonRegistryDir=C:\Users\obabi\AndroidStudioProjects\GetGroceries\daemon,pid=42512,idleTimeout=10800000,priority=NORMAL,applyInstrumentationAgent=true,nativeServicesMode=ENABLED,daemonOpts=-Xmx2048m,-Dfile.encoding=UTF-8,-Duser.country=GB,-Duser.language=en,-Duser.variant]
2026-04-13T10:22:27.135+0100 [DEBUG] [org.gradle.internal.remote.internal.inet.TcpIncomingConnector] Listening on [7b94cc47-315a-4f8a-b8fa-081c0520431c port:59031, addresses:[localhost/127.0.0.1]].
2026-04-13T10:22:27.163+0100 [DEBUG] [org.gradle.launcher.daemon.server.Daemon] Daemon starting at: Mon Apr 13 10:22:27 BST 2026, with address: [7b94cc47-315a-4f8a-b8fa-081c0520431c port:59031, addresses:[localhost/127.0.0.1]]
2026-04-13T10:22:27.163+0100 [INFO] [org.gradle.launcher.daemon.server.DaemonRegistryUpdater] Advertising the daemon address to the clients: [7b94cc47-315a-4f8a-b8fa-081c0520431c port:59031, addresses:[localhost/127.0.0.1]]
2026-04-13T10:22:27.163+0100 [DEBUG] [org.gradle.launcher.daemon.server.DaemonRegistryUpdater] Advertised daemon context: DefaultDaemonContext[uid=eb9d379b-5a8c-42bc-aa8c-6fd72dab93a4,javaHome=C:\Program Files\Android\Android Studio\jbr,javaVersion=21,javaVendor=JetBrains s.r.o.,daemonRegistryDir=C:\Users\obabi\AndroidStudioProjects\GetGroceries\daemon,pid=42512,idleTimeout=10800000,priority=NORMAL,applyInstrumentationAgent=true,nativeServicesMode=ENABLED,daemonOpts=-Xmx2048m,-Dfile.encoding=UTF-8,-Duser.country=GB,-Duser.language=en,-Duser.variant]
2026-04-13T10:22:27.164+0100 [DEBUG] [org.gradle.launcher.daemon.registry.PersistentDaemonRegistry] Storing daemon address: [7b94cc47-315a-4f8a-b8fa-081c0520431c port:59031, addresses:[localhost/127.0.0.1]], context: DefaultDaemonContext[uid=eb9d379b-5a8c-42bc-aa8c-6fd72dab93a4,javaHome=C:\Program Files\Android\Android Studio\jbr,javaVersion=21,javaVendor=JetBrains s.r.o.,daemonRegistryDir=C:\Users\obabi\AndroidStudioProjects\GetGroceries\daemon,pid=42512,idleTimeout=10800000,priority=NORMAL,applyInstrumentationAgent=true,nativeServicesMode=ENABLED,daemonOpts=-Xmx2048m,-Dfile.encoding=UTF-8,-Duser.country=GB,-Duser.language=en,-Duser.variant]
2026-04-13T10:22:27.195+0100 [DEBUG] [org.gradle.cache.internal.DefaultFileLockManager] Waiting to acquire exclusive lock on daemon addresses registry.
2026-04-13T10:22:27.201+0100 [DEBUG] [org.gradle.cache.internal.DefaultFileLockManager] Lock acquired on daemon addresses registry.
2026-04-13T10:22:27.209+0100 [DEBUG] [org.gradle.cache.internal.DefaultFileLockManager] Releasing lock on daemon addresses registry.
2026-04-13T10:22:27.209+0100 [LIFECYCLE] [org.gradle.launcher.daemon.server.Daemon] Daemon server started.
2026-04-13T10:22:27.211+0100 [DEBUG] [org.gradle.launcher.daemon.bootstrap.DaemonStartupCommunication] Completed writing the daemon greeting. Closing streams...
2026-04-13T10:22:27.218+0100 [DEBUG] [org.gradle.internal.remote.internal.inet.TcpIncomingConnector] Accepted connection from /127.0.0.1:59032 to /127.0.0.1:59031.
2026-04-13T10:22:27.226+0100 [DEBUG] [org.gradle.launcher.daemon.server.Daemon] stopOnExpiration() called on daemon
2026-04-13T10:22:27.227+0100 [DEBUG] [org.gradle.launcher.daemon.server.Daemon] awaitExpiration() called on daemon
2026-04-13T10:22:27.228+0100 [DEBUG] [org.gradle.launcher.daemon.server.DaemonStateCoordinator] daemon is running. Sleeping until state changes.
2026-04-13T10:22:27.337+0100 [DEBUG] [org.gradle.launcher.daemon.server.SynchronizedDispatchConnection] thread 37: received class org.gradle.launcher.daemon.protocol.Build
2026-04-13T10:22:27.338+0100 [DEBUG] [org.gradle.launcher.daemon.server.DefaultDaemonConnection] thread 37: Received non-IO message from client: Build{id=abb0a472-74cb-4a70-ac38-e32f40f40f39, currentDir=C:\Users\obabi\AndroidStudioProjects\GetGroceries}
2026-04-13T10:22:27.338+0100 [INFO] [org.gradle.launcher.daemon.server.DefaultIncomingConnectionHandler] Received command: Build{id=abb0a472-74cb-4a70-ac38-e32f40f40f39, currentDir=C:\Users\obabi\AndroidStudioProjects\GetGroceries}.
2026-04-13T10:22:27.338+0100 [DEBUG] [org.gradle.launcher.daemon.server.DefaultIncomingConnectionHandler] Starting executing command: Build{id=abb0a472-74cb-4a70-ac38-e32f40f40f39, currentDir=C:\Users\obabi\AndroidStudioProjects\GetGroceries} with connection: socket connection from /127.0.0.1:59031 to /127.0.0.1:59032.
2026-04-13T10:22:27.342+0100 [DEBUG] [org.gradle.launcher.daemon.server.DaemonStateCoordinator] Command execution: started DaemonCommandExecution[command = Build{id=abb0a472-74cb-4a70-ac38-e32f40f40f39, currentDir=C:\Users\obabi\AndroidStudioProjects\GetGroceries}, connection = DefaultDaemonConnection: socket connection from /127.0.0.1:59031 to /127.0.0.1:59032] after 0.0035499999999999998 minutes of idle
2026-04-13T10:22:27.342+0100 [INFO] [org.gradle.launcher.daemon.server.DaemonRegistryUpdater] Marking the daemon as busy, address: [7b94cc47-315a-4f8a-b8fa-081c0520431c port:59031, addresses:[localhost/127.0.0.1]]
2026-04-13T10:22:27.342+0100 [DEBUG] [org.gradle.launcher.daemon.registry.PersistentDaemonRegistry] Marking busy by address: [7b94cc47-315a-4f8a-b8fa-081c0520431c port:59031, addresses:[localhost/127.0.0.1]]
2026-04-13T10:22:27.344+0100 [DEBUG] [org.gradle.cache.internal.DefaultFileLockManager] Waiting to acquire exclusive lock on daemon addresses registry.
2026-04-13T10:22:27.345+0100 [DEBUG] [org.gradle.cache.internal.DefaultFileLockManager] Lock acquired on daemon addresses registry.
2026-04-13T10:22:27.347+0100 [DEBUG] [org.gradle.cache.internal.DefaultFileLockManager] Releasing lock on daemon addresses registry.
2026-04-13T10:22:27.347+0100 [DEBUG] [org.gradle.launcher.daemon.server.DaemonStateCoordinator] resetting idle timer
2026-04-13T10:22:27.347+0100 [DEBUG] [org.gradle.launcher.daemon.server.DaemonStateCoordinator] daemon is running. Sleeping until state changes.
2026-04-13T10:22:27.348+0100 [INFO] [org.gradle.launcher.daemon.server.exec.StartBuildOrRespondWithBusy] Daemon is about to start building Build{id=abb0a472-74cb-4a70-ac38-e32f40f40f39, currentDir=C:\Users\obabi\AndroidStudioProjects\GetGroceries}. Dispatching build started information...
2026-04-13T10:22:27.348+0100 [DEBUG] [org.gradle.launcher.daemon.server.SynchronizedDispatchConnection] thread 39: dispatching org.gradle.launcher.daemon.protocol.BuildStarted@94cbc83
2026-04-13T10:22:27.351+0100 [DEBUG] [org.gradle.launcher.daemon.server.exec.EstablishBuildEnvironment] Configuring env variables: [USERDOMAIN_ROAMINGPROFILE, LOCALAPPDATA, PROCESSOR_LEVEL, RegionCode, USERDOMAIN, LOGONSERVER, SESSIONNAME, ALLUSERSPROFILE, CABAL_DIR, PROCESSOR_ARCHITECTURE, PSModulePath, SystemDrive, OneDrive, APPDATA, VBOX_HWVIRTEX_IGNORE_SVM_IN_USE, USERNAME, GHCUP_INSTALL_BASE_PREFIX, ProgramFiles(x86), CommonProgramFiles, Path, PATHEXT, DriverData, OS, OneDriveConsumer, COMPUTERNAME, OnlineServices, EFC_24116, PROCESSOR_REVISION, platformcode, CommonProgramW6432, ComSpec, ProgramData, ProgramW6432, TEMP, HOMEPATH, SystemRoot, PROCESSOR_IDENTIFIER, GHCUP_MSYS2_ENV, HOMEDRIVE, USERPROFILE, TMP, POWERSHELL_DISTRIBUTION_CHANNEL, CommonProgramFiles(x86), ProgramFiles, PUBLIC, windir, NUMBER_OF_PROCESSORS, =::]
2026-04-13T10:22:27.356+0100 [DEBUG] [org.gradle.launcher.daemon.server.exec.LogToClient] About to start relaying all logs to the client via the connection.
2026-04-13T10:22:27.356+0100 [INFO] [org.gradle.launcher.daemon.server.exec.LogToClient] The client will now receive all logging from the daemon (pid: 42512). The daemon log file: C:\Users\obabi\AndroidStudioProjects\GetGroceries\daemon\8.13\daemon-42512.out.log
2026-04-13T10:22:27.359+0100 [INFO] [org.gradle.launcher.daemon.server.exec.LogAndCheckHealth] Starting build in new daemon [memory: 2 GiB]
2026-04-13T10:22:27.361+0100 [DEBUG] [org.gradle.launcher.daemon.server.exec.ExecuteBuild] The daemon has started executing the build.
2026-04-13T10:22:27.361+0100 [DEBUG] [org.gradle.launcher.daemon.server.exec.ExecuteBuild] Executing build with daemon context: DefaultDaemonContext[uid=eb9d379b-5a8c-42bc-aa8c-6fd72dab93a4,javaHome=C:\Program Files\Android\Android Studio\jbr,javaVersion=21,javaVendor=JetBrains s.r.o.,daemonRegistryDir=C:\Users\obabi\AndroidStudioProjects\GetGroceries\daemon,pid=42512,idleTimeout=10800000,priority=NORMAL,applyInstrumentationAgent=true,nativeServicesMode=ENABLED,daemonOpts=-Xmx2048m,-Dfile.encoding=UTF-8,-Duser.country=GB,-Duser.language=en,-Duser.variant]

BUILD SUCCESSFUL in 48s
38 actionable tasks: 12 executed, 26 up-to-date
2026-04-13T10:23:11.393+0100 [DEBUG] [org.gradle.launcher.daemon.server.exec.ExecuteBuild] The daemon has finished executing the build.
2026-04-13T10:23:11.410+0100 [DEBUG] [org.gradle.launcher.daemon.server.DaemonStateCoordinator] daemon is running. Sleeping until state changes.
2026-04-13T10:23:11.411+0100 [DEBUG] [org.gradle.launcher.daemon.server.DaemonStateCoordinator] Command execution: finished waiting for DaemonCommandExecution[command = Build{id=abb0a472-74cb-4a70-ac38-e32f40f40f39, currentDir=C:\Users\obabi\AndroidStudioProjects\GetGroceries}, connection = DefaultDaemonConnection: socket connection from /127.0.0.1:59031 to /127.0.0.1:59032]. Result org.gradle.launcher.daemon.server.DaemonStateCoordinator@67bfd3a8 with state Busy
2026-04-13T10:23:11.411+0100 [DEBUG] [org.gradle.launcher.daemon.server.DaemonStateCoordinator] Command execution: completed DaemonCommandExecution[command = Build{id=abb0a472-74cb-4a70-ac38-e32f40f40f39, currentDir=C:\Users\obabi\AndroidStudioProjects\GetGroceries}, connection = DefaultDaemonConnection: socket connection from /127.0.0.1:59031 to /127.0.0.1:59032]
2026-04-13T10:23:11.411+0100 [DEBUG] [org.gradle.launcher.daemon.server.DaemonStateCoordinator] resetting idle timer
2026-04-13T10:23:11.411+0100 [INFO] [org.gradle.launcher.daemon.server.DaemonRegistryUpdater] Marking the daemon as idle, address: [7b94cc47-315a-4f8a-b8fa-081c0520431c port:59031, addresses:[localhost/127.0.0.1]]
2026-04-13T10:23:11.412+0100 [DEBUG] [org.gradle.launcher.daemon.registry.PersistentDaemonRegistry] Marking busy by address: [7b94cc47-315a-4f8a-b8fa-081c0520431c port:59031, addresses:[localhost/127.0.0.1]]
2026-04-13T10:23:11.414+0100 [DEBUG] [org.gradle.cache.internal.DefaultFileLockManager] Waiting to acquire exclusive lock on daemon addresses registry.
2026-04-13T10:23:11.415+0100 [DEBUG] [org.gradle.cache.internal.DefaultFileLockManager] Lock acquired on daemon addresses registry.
2026-04-13T10:23:11.417+0100 [DEBUG] [org.gradle.cache.internal.DefaultFileLockManager] Releasing lock on daemon addresses registry.
2026-04-13T10:23:11.418+0100 [DEBUG] [org.gradle.launcher.daemon.server.DaemonStateCoordinator] daemon is running. Sleeping until state changes.
2026-04-13T10:23:11.418+0100 [DEBUG] [org.gradle.launcher.daemon.server.exec.ReturnResult] Daemon is dispatching the build result: Success[value=org.gradle.launcher.exec.BuildActionResult@4b553cb9]
2026-04-13T10:23:11.419+0100 [DEBUG] [org.gradle.launcher.daemon.server.SynchronizedDispatchConnection] thread 36: dispatching Success[value=org.gradle.launcher.exec.BuildActionResult@4b553cb9]
2026-04-13T10:23:11.422+0100 [DEBUG] [org.gradle.launcher.daemon.server.exec.CleanUpVirtualFileSystemAfterBuild] Cleaning virtual file system after build finished
2026-04-13T10:23:11.422+0100 [DEBUG] [org.gradle.launcher.daemon.server.DefaultIncomingConnectionHandler] Finishing executing command: Build{id=abb0a472-74cb-4a70-ac38-e32f40f40f39, currentDir=C:\Users\obabi\AndroidStudioProjects\GetGroceries}
2026-04-13T10:23:11.422+0100 [DEBUG] [org.gradle.launcher.daemon.server.SynchronizedDispatchConnection] thread 37: received class org.gradle.launcher.daemon.protocol.CloseInput
2026-04-13T10:23:11.423+0100 [DEBUG] [org.gradle.launcher.daemon.server.DefaultDaemonConnection] thread 37: Received IO message from client: org.gradle.launcher.daemon.protocol.CloseInput@1b68c666
2026-04-13T10:23:11.424+0100 [DEBUG] [org.gradle.launcher.daemon.server.SynchronizedDispatchConnection] thread 37: received class org.gradle.launcher.daemon.protocol.Finished
2026-04-13T10:23:11.424+0100 [DEBUG] [org.gradle.launcher.daemon.server.DefaultDaemonConnection] thread 37: Received non-IO message from client: org.gradle.launcher.daemon.protocol.Finished@6aef7bd0
2026-04-13T10:23:11.424+0100 [DEBUG] [org.gradle.launcher.daemon.server.DefaultIncomingConnectionHandler] Received finished message: org.gradle.launcher.daemon.protocol.Finished@6aef7bd0
2026-04-13T10:23:11.424+0100 [DEBUG] [org.gradle.launcher.daemon.server.SynchronizedDispatchConnection] thread 36: stopping connection
2026-04-13T10:23:11.425+0100 [DEBUG] [org.gradle.internal.remote.internal.inet.SocketConnection] Discarding EOFException: java.io.EOFException
2026-04-13T10:23:11.425+0100 [DEBUG] [org.gradle.launcher.daemon.server.SynchronizedDispatchConnection] thread 37: received null
2026-04-13T10:23:11.425+0100 [DEBUG] [org.gradle.launcher.daemon.server.DefaultDaemonConnection] thread 37: Received end-of-input from client.
2026-04-13T10:23:11.427+0100 [DEBUG] [org.gradle.launcher.daemon.server.SynchronizedDispatchConnection] thread 36: stopping connection
2026-04-13T10:23:15.925+0100 [DEBUG] [org.gradle.process.internal.health.memory.DefaultMemoryManager] 786631884 physical memory requested, 260714496 free
2026-04-13T10:23:15.925+0100 [DEBUG] [org.gradle.workers.internal.WorkerDaemonExpiration] Will attempt to release 750 of memory
2026-04-13T10:23:15.925+0100 [DEBUG] [org.gradle.process.internal.health.memory.DefaultMemoryManager] 786631884 physical memory requested, 0 released, 260714496 free
2026-04-13T10:23:17.278+0100 [DEBUG] [org.gradle.cache.internal.DefaultFileLockManager] Waiting to acquire shared lock on daemon addresses registry.
2026-04-13T10:23:17.287+0100 [DEBUG] [org.gradle.cache.internal.DefaultFileLockManager] Lock acquired on daemon addresses registry.
2026-04-13T10:23:17.291+0100 [DEBUG] [org.gradle.cache.internal.DefaultFileLockManager] Releasing lock on daemon addresses registry.
2026-04-13T10:23:17.307+0100 [DEBUG] [org.gradle.cache.internal.DefaultFileLockManager] Waiting to acquire shared lock on daemon addresses registry.
2026-04-13T10:23:17.308+0100 [DEBUG] [org.gradle.cache.internal.DefaultFileLockManager] Lock acquired on daemon addresses registry.
2026-04-13T10:23:17.310+0100 [DEBUG] [org.gradle.cache.internal.DefaultFileLockManager] Releasing lock on daemon addresses registry.
2026-04-13T10:23:20.921+0100 [DEBUG] [org.gradle.process.internal.health.memory.DefaultMemoryManager] 786631884 physical memory requested, 303304704 free
2026-04-13T10:23:20.921+0100 [DEBUG] [org.gradle.workers.internal.WorkerDaemonExpiration] Will attempt to release 750 of memory
2026-04-13T10:23:20.921+0100 [DEBUG] [org.gradle.process.internal.health.memory.DefaultMemoryManager] 786631884 physical memory requested, 0 released, 303304704 free
2026-04-13T10:23:25.915+0100 [DEBUG] [org.gradle.process.internal.health.memory.DefaultMemoryManager] 786631884 physical memory requested, 743243776 free
2026-04-13T10:23:25.915+0100 [DEBUG] [org.gradle.workers.internal.WorkerDaemonExpiration] Will attempt to release 750 of memory
2026-04-13T10:23:25.915+0100 [DEBUG] [org.gradle.process.internal.health.memory.DefaultMemoryManager] 786631884 physical memory requested, 0 released, 743243776 free
2026-04-13T10:23:27.250+0100 [DEBUG] [org.gradle.cache.internal.DefaultFileLockManager] Waiting to acquire shared lock on daemon addresses registry.
2026-04-13T10:23:27.250+0100 [DEBUG] [org.gradle.cache.internal.DefaultFileLockManager] Lock acquired on daemon addresses registry.
2026-04-13T10:23:27.251+0100 [DEBUG] [org.gradle.cache.internal.DefaultFileLockManager] Releasing lock on daemon addresses registry.
2026-04-13T10:23:27.254+0100 [DEBUG] [org.gradle.cache.internal.DefaultFileLockManager] Waiting to acquire shared lock on daemon addresses registry.
2026-04-13T10:23:27.254+0100 [DEBUG] [org.gradle.cache.internal.DefaultFileLockManager] Lock acquired on daemon addresses registry.
2026-04-13T10:23:27.278+0100 [DEBUG] [org.gradle.cache.internal.DefaultFileLockManager] Releasing lock on daemon addresses registry.
2026-04-13T10:23:27.330+0100 [DEBUG] [org.gradle.cache.internal.DefaultFileLockManager] Waiting to acquire shared lock on daemon addresses registry.
2026-04-13T10:23:27.330+0100 [DEBUG] [org.gradle.cache.internal.DefaultFileLockManager] Lock acquired on daemon addresses registry.
2026-04-13T10:23:27.331+0100 [DEBUG] [org.gradle.cache.internal.DefaultFileLockManager] Releasing lock on daemon addresses registry.
2026-04-13T10:23:30.923+0100 [DEBUG] [org.gradle.process.internal.health.memory.DefaultMemoryManager] 786631884 physical memory requested, 734695424 free
2026-04-13T10:23:30.923+0100 [DEBUG] [org.gradle.workers.internal.WorkerDaemonExpiration] Will attempt to release 750 of memory
2026-04-13T10:23:30.924+0100 [DEBUG] [org.gradle.process.internal.health.memory.DefaultMemoryManager] 786631884 physical memory requested, 0 released, 734695424 free
2026-04-13T10:23:35.918+0100 [DEBUG] [org.gradle.process.internal.health.memory.DefaultMemoryManager] 786631884 physical memory requested, 694161408 free
2026-04-13T10:23:35.918+0100 [DEBUG] [org.gradle.workers.internal.WorkerDaemonExpiration] Will attempt to release 750 of memory
2026-04-13T10:23:35.918+0100 [DEBUG] [org.gradle.process.internal.health.memory.DefaultMemoryManager] 786631884 physical memory requested, 0 released, 694161408 free
2026-04-13T10:23:37.235+0100 [DEBUG] [org.gradle.cache.internal.DefaultFileLockManager] Waiting to acquire shared lock on daemon addresses registry.
2026-04-13T10:23:37.235+0100 [DEBUG] [org.gradle.cache.internal.DefaultFileLockManager] Lock acquired on daemon addresses registry.
2026-04-13T10:23:37.235+0100 [DEBUG] [org.gradle.cache.internal.DefaultFileLockManager] Releasing lock on daemon addresses registry.
2026-04-13T10:23:37.237+0100 [DEBUG] [org.gradle.cache.internal.DefaultFileLockManager] Waiting to acquire shared lock on daemon addresses registry.
2026-04-13T10:23:37.238+0100 [DEBUG] [org.gradle.cache.internal.DefaultFileLockManager] Lock acquired on daemon addresses registry.
2026-04-13T10:23:37.238+0100 [DEBUG] [org.gradle.cache.internal.DefaultFileLockManager] Releasing lock on daemon addresses registry.
2026-04-13T10:23:37.240+0100 [DEBUG] [org.gradle.cache.internal.DefaultFileLockManager] Waiting to acquire shared lock on daemon addresses registry.
2026-04-13T10:23:37.240+0100 [DEBUG] [org.gradle.cache.internal.DefaultFileLockManager] Lock acquired on daemon addresses registry.
2026-04-13T10:23:37.240+0100 [DEBUG] [org.gradle.cache.internal.DefaultFileLockManager] Releasing lock on daemon addresses registry.
2026-04-13T10:23:40.915+0100 [DEBUG] [org.gradle.process.internal.health.memory.DefaultMemoryManager] 786631884 physical memory requested, 644345856 free
2026-04-13T10:23:40.916+0100 [DEBUG] [org.gradle.workers.internal.WorkerDaemonExpiration] Will attempt to release 750 of memory
2026-04-13T10:23:40.916+0100 [DEBUG] [org.gradle.process.internal.health.memory.DefaultMemoryManager] 786631884 physical memory requested, 0 released, 644345856 free
2026-04-13T10:23:45.922+0100 [DEBUG] [org.gradle.process.internal.health.memory.DefaultMemoryManager] 786631884 physical memory requested, 560050176 free
2026-04-13T10:23:45.922+0100 [DEBUG] [org.gradle.workers.internal.WorkerDaemonExpiration] Will attempt to release 750 of memory
2026-04-13T10:23:45.922+0100 [DEBUG] [org.gradle.process.internal.health.memory.DefaultMemoryManager] 786631884 physical memory requested, 0 released, 560050176 free
2026-04-13T10:23:47.247+0100 [DEBUG] [org.gradle.cache.internal.DefaultFileLockManager] Waiting to acquire shared lock on daemon addresses registry.
2026-04-13T10:23:47.248+0100 [DEBUG] [org.gradle.cache.internal.DefaultFileLockManager] Lock acquired on daemon addresses registry.
2026-04-13T10:23:47.249+0100 [DEBUG] [org.gradle.cache.internal.DefaultFileLockManager] Releasing lock on daemon addresses registry.
2026-04-13T10:23:47.251+0100 [DEBUG] [org.gradle.cache.internal.DefaultFileLockManager] Waiting to acquire shared lock on daemon addresses registry.
2026-04-13T10:23:47.252+0100 [DEBUG] [org.gradle.cache.internal.DefaultFileLockManager] Lock acquired on daemon addresses registry.
2026-04-13T10:23:47.252+0100 [DEBUG] [org.gradle.cache.internal.DefaultFileLockManager] Releasing lock on daemon addresses registry.
2026-04-13T10:23:47.254+0100 [DEBUG] [org.gradle.cache.internal.DefaultFileLockManager] Waiting to acquire shared lock on daemon addresses registry.
2026-04-13T10:23:47.255+0100 [DEBUG] [org.gradle.cache.internal.DefaultFileLockManager] Lock acquired on daemon addresses registry.
2026-04-13T10:23:47.255+0100 [DEBUG] [org.gradle.cache.internal.DefaultFileLockManager] Releasing lock on daemon addresses registry.
2026-04-13T10:23:50.922+0100 [DEBUG] [org.gradle.process.internal.health.memory.DefaultMemoryManager] 786631884 physical memory requested, 527835136 free
2026-04-13T10:23:50.922+0100 [DEBUG] [org.gradle.workers.internal.WorkerDaemonExpiration] Will attempt to release 750 of memory
2026-04-13T10:23:50.922+0100 [DEBUG] [org.gradle.process.internal.health.memory.DefaultMemoryManager] 786631884 physical memory requested, 0 released, 527835136 free
2026-04-13T10:23:55.912+0100 [DEBUG] [org.gradle.process.internal.health.memory.DefaultMemoryManager] 786631884 physical memory requested, 469401600 free
2026-04-13T10:23:55.913+0100 [DEBUG] [org.gradle.workers.internal.WorkerDaemonExpiration] Will attempt to release 750 of memory
2026-04-13T10:23:55.913+0100 [DEBUG] [org.gradle.process.internal.health.memory.DefaultMemoryManager] 786631884 physical memory requested, 0 released, 469401600 free
2026-04-13T10:23:57.247+0100 [DEBUG] [org.gradle.cache.internal.DefaultFileLockManager] Waiting to acquire shared lock on daemon addresses registry.
2026-04-13T10:23:57.247+0100 [DEBUG] [org.gradle.cache.internal.DefaultFileLockManager] Lock acquired on daemon addresses registry.
2026-04-13T10:23:57.248+0100 [DEBUG] [org.gradle.cache.internal.DefaultFileLockManager] Releasing lock on daemon addresses registry.
2026-04-13T10:23:57.250+0100 [DEBUG] [org.gradle.cache.internal.DefaultFileLockManager] Waiting to acquire shared lock on daemon addresses registry.
2026-04-13T10:23:57.251+0100 [DEBUG] [org.gradle.cache.internal.DefaultFileLockManager] Lock acquired on daemon addresses registry.
2026-04-13T10:23:57.251+0100 [DEBUG] [org.gradle.cache.internal.DefaultFileLockManager] Releasing lock on daemon addresses registry.
2026-04-13T10:23:57.253+0100 [DEBUG] [org.gradle.cache.internal.DefaultFileLockManager] Waiting to acquire shared lock on daemon addresses registry.
2026-04-13T10:23:57.253+0100 [DEBUG] [org.gradle.cache.internal.DefaultFileLockManager] Lock acquired on daemon addresses registry.
2026-04-13T10:23:57.254+0100 [DEBUG] [org.gradle.cache.internal.DefaultFileLockManager] Releasing lock on daemon addresses registry.
2026-04-13T10:24:00.924+0100 [DEBUG] [org.gradle.process.internal.health.memory.DefaultMemoryManager] 786631884 physical memory requested, 513347584 free
2026-04-13T10:24:00.924+0100 [DEBUG] [org.gradle.workers.internal.WorkerDaemonExpiration] Will attempt to release 750 of memory
2026-04-13T10:24:00.924+0100 [DEBUG] [org.gradle.process.internal.health.memory.DefaultMemoryManager] 786631884 physical memory requested, 0 released, 513347584 free
2026-04-13T10:24:05.919+0100 [DEBUG] [org.gradle.process.internal.health.memory.DefaultMemoryManager] 786631884 physical memory requested, 484118528 free
2026-04-13T10:24:05.920+0100 [DEBUG] [org.gradle.workers.internal.WorkerDaemonExpiration] Will attempt to release 750 of memory
2026-04-13T10:24:05.920+0100 [DEBUG] [org.gradle.process.internal.health.memory.DefaultMemoryManager] 786631884 physical memory requested, 0 released, 484118528 free
2026-04-13T10:24:07.249+0100 [DEBUG] [org.gradle.cache.internal.DefaultFileLockManager] Waiting to acquire shared lock on daemon addresses registry.
2026-04-13T10:24:07.250+0100 [DEBUG] [org.gradle.cache.internal.DefaultFileLockManager] Lock acquired on daemon addresses registry.
2026-04-13T10:24:07.251+0100 [DEBUG] [org.gradle.cache.internal.DefaultFileLockManager] Releasing lock on daemon addresses registry.
2026-04-13T10:24:07.254+0100 [DEBUG] [org.gradle.cache.internal.DefaultFileLockManager] Waiting to acquire shared lock on daemon addresses registry.
2026-04-13T10:24:07.255+0100 [DEBUG] [org.gradle.cache.internal.DefaultFileLockManager] Lock acquired on daemon addresses registry.
2026-04-13T10:24:07.256+0100 [DEBUG] [org.gradle.cache.internal.DefaultFileLockManager] Releasing lock on daemon addresses registry.
2026-04-13T10:24:07.258+0100 [DEBUG] [org.gradle.cache.internal.DefaultFileLockManager] Waiting to acquire shared lock on daemon addresses registry.
2026-04-13T10:24:07.258+0100 [DEBUG] [org.gradle.cache.internal.DefaultFileLockManager] Lock acquired on daemon addresses registry.
2026-04-13T10:24:07.259+0100 [DEBUG] [org.gradle.cache.internal.DefaultFileLockManager] Releasing lock on daemon addresses registry.
2026-04-13T10:24:10.926+0100 [DEBUG] [org.gradle.process.internal.health.memory.DefaultMemoryManager] 786631884 physical memory requested, 426278912 free
2026-04-13T10:24:10.926+0100 [DEBUG] [org.gradle.workers.internal.WorkerDaemonExpiration] Will attempt to release 750 of memory
2026-04-13T10:24:10.926+0100 [DEBUG] [org.gradle.process.internal.health.memory.DefaultMemoryManager] 786631884 physical memory requested, 0 released, 426278912 free
2026-04-13T10:24:15.920+0100 [DEBUG] [org.gradle.process.internal.health.memory.DefaultMemoryManager] 786631884 physical memory requested, 371519488 free
2026-04-13T10:24:15.921+0100 [DEBUG] [org.gradle.workers.internal.WorkerDaemonExpiration] Will attempt to release 750 of memory
2026-04-13T10:24:15.921+0100 [DEBUG] [org.gradle.process.internal.health.memory.DefaultMemoryManager] 786631884 physical memory requested, 0 released, 371519488 free
2026-04-13T10:24:17.240+0100 [DEBUG] [org.gradle.cache.internal.DefaultFileLockManager] Waiting to acquire shared lock on daemon addresses registry.
2026-04-13T10:24:17.240+0100 [DEBUG] [org.gradle.cache.internal.DefaultFileLockManager] Lock acquired on daemon addresses registry.
2026-04-13T10:24:17.241+0100 [DEBUG] [org.gradle.cache.internal.DefaultFileLockManager] Releasing lock on daemon addresses registry.
2026-04-13T10:24:17.243+0100 [DEBUG] [org.gradle.cache.internal.DefaultFileLockManager] Waiting to acquire shared lock on daemon addresses registry.
2026-04-13T10:24:17.244+0100 [DEBUG] [org.gradle.cache.internal.DefaultFileLockManager] Lock acquired on daemon addresses registry.
2026-04-13T10:24:17.244+0100 [DEBUG] [org.gradle.cache.internal.DefaultFileLockManager] Releasing lock on daemon addresses registry.
2026-04-13T10:24:17.246+0100 [DEBUG] [org.gradle.cache.internal.DefaultFileLockManager] Waiting to acquire shared lock on daemon addresses registry.
2026-04-13T10:24:17.247+0100 [DEBUG] [org.gradle.cache.internal.DefaultFileLockManager] Lock acquired on daemon addresses registry.
2026-04-13T10:24:17.247+0100 [DEBUG] [org.gradle.cache.internal.DefaultFileLockManager] Releasing lock on daemon addresses registry.
2026-04-13T10:24:20.910+0100 [DEBUG] [org.gradle.process.internal.health.memory.DefaultMemoryManager] 786631884 physical memory requested, 371945472 free
2026-04-13T10:24:20.910+0100 [DEBUG] [org.gradle.workers.internal.WorkerDaemonExpiration] Will attempt to release 750 of memory
2026-04-13T10:24:20.910+0100 [DEBUG] [org.gradle.process.internal.health.memory.DefaultMemoryManager] 786631884 physical memory requested, 0 released, 371945472 free
2026-04-13T10:24:25.909+0100 [DEBUG] [org.gradle.process.internal.health.memory.DefaultMemoryManager] 786631884 physical memory requested, 358227968 free
2026-04-13T10:24:25.910+0100 [DEBUG] [org.gradle.workers.internal.WorkerDaemonExpiration] Will attempt to release 750 of memory
2026-04-13T10:24:25.910+0100 [DEBUG] [org.gradle.process.internal.health.memory.DefaultMemoryManager] 786631884 physical memory requested, 0 released, 358227968 free
2026-04-13T10:24:27.252+0100 [DEBUG] [org.gradle.cache.internal.DefaultFileLockManager] Waiting to acquire shared lock on daemon addresses registry.
2026-04-13T10:24:27.254+0100 [DEBUG] [org.gradle.cache.internal.DefaultFileLockManager] Lock acquired on daemon addresses registry.
2026-04-13T10:24:27.255+0100 [DEBUG] [org.gradle.cache.internal.DefaultFileLockManager] Releasing lock on daemon addresses registry.
2026-04-13T10:24:27.257+0100 [DEBUG] [org.gradle.cache.internal.DefaultFileLockManager] Waiting to acquire shared lock on daemon addresses registry.
2026-04-13T10:24:27.257+0100 [DEBUG] [org.gradle.cache.internal.DefaultFileLockManager] Lock acquired on daemon addresses registry.
2026-04-13T10:24:27.258+0100 [DEBUG] [org.gradle.cache.internal.DefaultFileLockManager] Releasing lock on daemon addresses registry.
2026-04-13T10:24:27.260+0100 [DEBUG] [org.gradle.cache.internal.DefaultFileLockManager] Waiting to acquire shared lock on daemon addresses registry.
2026-04-13T10:24:27.260+0100 [DEBUG] [org.gradle.cache.internal.DefaultFileLockManager] Lock acquired on daemon addresses registry.
2026-04-13T10:24:27.261+0100 [DEBUG] [org.gradle.cache.internal.DefaultFileLockManager] Releasing lock on daemon addresses registry.
2026-04-13T10:24:30.915+0100 [DEBUG] [org.gradle.process.internal.health.memory.DefaultMemoryManager] 786631884 physical memory requested, 341250048 free
2026-04-13T10:24:30.916+0100 [DEBUG] [org.gradle.workers.internal.WorkerDaemonExpiration] Will attempt to release 750 of memory
2026-04-13T10:24:30.916+0100 [DEBUG] [org.gradle.process.internal.health.memory.DefaultMemoryManager] 786631884 physical memory requested, 0 released, 341250048 free
2026-04-13T10:24:35.918+0100 [DEBUG] [org.gradle.process.internal.health.memory.DefaultMemoryManager] 786631884 physical memory requested, 337121280 free
2026-04-13T10:24:35.918+0100 [DEBUG] [org.gradle.workers.internal.WorkerDaemonExpiration] Will attempt to release 750 of memory
2026-04-13T10:24:35.918+0100 [DEBUG] [org.gradle.process.internal.health.memory.DefaultMemoryManager] 786631884 physical memory requested, 0 released, 337121280 free
2026-04-13T10:24:37.249+0100 [DEBUG] [org.gradle.cache.internal.DefaultFileLockManager] Waiting to acquire shared lock on daemon addresses registry.
2026-04-13T10:24:37.249+0100 [DEBUG] [org.gradle.cache.internal.DefaultFileLockManager] Lock acquired on daemon addresses registry.
2026-04-13T10:24:37.250+0100 [DEBUG] [org.gradle.cache.internal.DefaultFileLockManager] Releasing lock on daemon addresses registry.
2026-04-13T10:24:37.254+0100 [DEBUG] [org.gradle.cache.internal.DefaultFileLockManager] Waiting to acquire shared lock on daemon addresses registry.
2026-04-13T10:24:37.255+0100 [DEBUG] [org.gradle.cache.internal.DefaultFileLockManager] Lock acquired on daemon addresses registry.
2026-04-13T10:24:37.256+0100 [DEBUG] [org.gradle.cache.internal.DefaultFileLockManager] Releasing lock on daemon addresses registry.
2026-04-13T10:24:37.258+0100 [DEBUG] [org.gradle.cache.internal.DefaultFileLockManager] Waiting to acquire shared lock on daemon addresses registry.
2026-04-13T10:24:37.258+0100 [DEBUG] [org.gradle.cache.internal.DefaultFileLockManager] Lock acquired on daemon addresses registry.
2026-04-13T10:24:37.260+0100 [DEBUG] [org.gradle.cache.internal.DefaultFileLockManager] Releasing lock on daemon addresses registry.
2026-04-13T10:24:40.913+0100 [DEBUG] [org.gradle.process.internal.health.memory.DefaultMemoryManager] 786631884 physical memory requested, 348160000 free
2026-04-13T10:24:40.913+0100 [DEBUG] [org.gradle.workers.internal.WorkerDaemonExpiration] Will attempt to release 750 of memory
2026-04-13T10:24:40.914+0100 [DEBUG] [org.gradle.process.internal.health.memory.DefaultMemoryManager] 786631884 physical memory requested, 0 released, 348160000 free
2026-04-13T10:24:45.912+0100 [DEBUG] [org.gradle.process.internal.health.memory.DefaultMemoryManager] 786631884 physical memory requested, 355405824 free
2026-04-13T10:24:45.913+0100 [DEBUG] [org.gradle.workers.internal.WorkerDaemonExpiration] Will attempt to release 750 of memory
2026-04-13T10:24:45.913+0100 [DEBUG] [org.gradle.process.internal.health.memory.DefaultMemoryManager] 786631884 physical memory requested, 0 released, 355405824 free
2026-04-13T10:24:47.253+0100 [DEBUG] [org.gradle.cache.internal.DefaultFileLockManager] Waiting to acquire shared lock on daemon addresses registry.
2026-04-13T10:24:47.253+0100 [DEBUG] [org.gradle.cache.internal.DefaultFileLockManager] Lock acquired on daemon addresses registry.
2026-04-13T10:24:47.254+0100 [DEBUG] [org.gradle.cache.internal.DefaultFileLockManager] Releasing lock on daemon addresses registry.
2026-04-13T10:24:47.256+0100 [DEBUG] [org.gradle.cache.internal.DefaultFileLockManager] Waiting to acquire shared lock on daemon addresses registry.
2026-04-13T10:24:47.256+0100 [DEBUG] [org.gradle.cache.internal.DefaultFileLockManager] Lock acquired on daemon addresses registry.
2026-04-13T10:24:47.257+0100 [DEBUG] [org.gradle.cache.internal.DefaultFileLockManager] Releasing lock on daemon addresses registry.
2026-04-13T10:24:47.258+0100 [DEBUG] [org.gradle.cache.internal.DefaultFileLockManager] Waiting to acquire shared lock on daemon addresses registry.
2026-04-13T10:24:47.259+0100 [DEBUG] [org.gradle.cache.internal.DefaultFileLockManager] Lock acquired on daemon addresses registry.
2026-04-13T10:24:47.259+0100 [DEBUG] [org.gradle.cache.internal.DefaultFileLockManager] Releasing lock on daemon addresses registry.
2026-04-13T10:24:50.919+0100 [DEBUG] [org.gradle.process.internal.health.memory.DefaultMemoryManager] 786631884 physical memory requested, 355209216 free
2026-04-13T10:24:50.920+0100 [DEBUG] [org.gradle.workers.internal.WorkerDaemonExpiration] Will attempt to release 750 of memory
2026-04-13T10:24:50.920+0100 [DEBUG] [org.gradle.process.internal.health.memory.DefaultMemoryManager] 786631884 physical memory requested, 0 released, 355209216 free
2026-04-13T10:24:55.921+0100 [DEBUG] [org.gradle.process.internal.health.memory.DefaultMemoryManager] 786631884 physical memory requested, 372408320 free
2026-04-13T10:24:55.921+0100 [DEBUG] [org.gradle.workers.internal.WorkerDaemonExpiration] Will attempt to release 750 of memory
2026-04-13T10:24:55.922+0100 [DEBUG] [org.gradle.process.internal.health.memory.DefaultMemoryManager] 786631884 physical memory requested, 0 released, 372408320 free
2026-04-13T10:24:57.244+0100 [DEBUG] [org.gradle.cache.internal.DefaultFileLockManager] Waiting to acquire shared lock on daemon addresses registry.
2026-04-13T10:24:57.244+0100 [DEBUG] [org.gradle.cache.internal.DefaultFileLockManager] Lock acquired on daemon addresses registry.
2026-04-13T10:24:57.245+0100 [DEBUG] [org.gradle.cache.internal.DefaultFileLockManager] Releasing lock on daemon addresses registry.
2026-04-13T10:24:57.248+0100 [DEBUG] [org.gradle.cache.internal.DefaultFileLockManager] Waiting to acquire shared lock on daemon addresses registry.
2026-04-13T10:24:57.248+0100 [DEBUG] [org.gradle.cache.internal.DefaultFileLockManager] Lock acquired on daemon addresses registry.
2026-04-13T10:24:57.249+0100 [DEBUG] [org.gradle.cache.internal.DefaultFileLockManager] Releasing lock on daemon addresses registry.
2026-04-13T10:24:57.251+0100 [DEBUG] [org.gradle.cache.internal.DefaultFileLockManager] Waiting to acquire shared lock on daemon addresses registry.
2026-04-13T10:24:57.251+0100 [DEBUG] [org.gradle.cache.internal.DefaultFileLockManager] Lock acquired on daemon addresses registry.
2026-04-13T10:24:57.252+0100 [DEBUG] [org.gradle.cache.internal.DefaultFileLockManager] Releasing lock on daemon addresses registry.
2026-04-13T10:25:00.913+0100 [DEBUG] [org.gradle.process.internal.health.memory.DefaultMemoryManager] 786631884 physical memory requested, 375189504 free
2026-04-13T10:25:00.913+0100 [DEBUG] [org.gradle.workers.internal.WorkerDaemonExpiration] Will attempt to release 750 of memory
2026-04-13T10:25:00.913+0100 [DEBUG] [org.gradle.process.internal.health.memory.DefaultMemoryManager] 786631884 physical memory requested, 0 released, 375189504 free
2026-04-13T10:25:05.915+0100 [DEBUG] [org.gradle.process.internal.health.memory.DefaultMemoryManager] 786631884 physical memory requested, 363016192 free
2026-04-13T10:25:05.915+0100 [DEBUG] [org.gradle.workers.internal.WorkerDaemonExpiration] Will attempt to release 750 of memory
2026-04-13T10:25:05.916+0100 [DEBUG] [org.gradle.process.internal.health.memory.DefaultMemoryManager] 786631884 physical memory requested, 0 released, 363016192 free
2026-04-13T10:25:07.237+0100 [DEBUG] [org.gradle.cache.internal.DefaultFileLockManager] Waiting to acquire shared lock on daemon addresses registry.
2026-04-13T10:25:07.243+0100 [DEBUG] [org.gradle.cache.internal.DefaultFileLockManager] Lock acquired on daemon addresses registry.
2026-04-13T10:25:07.244+0100 [DEBUG] [org.gradle.cache.internal.DefaultFileLockManager] Releasing lock on daemon addresses registry.
2026-04-13T10:25:07.246+0100 [DEBUG] [org.gradle.cache.internal.DefaultFileLockManager] Waiting to acquire shared lock on daemon addresses registry.
2026-04-13T10:25:07.247+0100 [DEBUG] [org.gradle.cache.internal.DefaultFileLockManager] Lock acquired on daemon addresses registry.
2026-04-13T10:25:07.247+0100 [DEBUG] [org.gradle.cache.internal.DefaultFileLockManager] Releasing lock on daemon addresses registry.
2026-04-13T10:25:07.249+0100 [DEBUG] [org.gradle.cache.internal.DefaultFileLockManager] Waiting to acquire shared lock on daemon addresses registry.
2026-04-13T10:25:07.249+0100 [DEBUG] [org.gradle.cache.internal.DefaultFileLockManager] Lock acquired on daemon addresses registry.
2026-04-13T10:25:07.250+0100 [DEBUG] [org.gradle.cache.internal.DefaultFileLockManager] Releasing lock on daemon addresses registry.
2026-04-13T10:25:10.910+0100 [DEBUG] [org.gradle.process.internal.health.memory.DefaultMemoryManager] 786631884 physical memory requested, 375390208 free
2026-04-13T10:25:10.911+0100 [DEBUG] [org.gradle.workers.internal.WorkerDaemonExpiration] Will attempt to release 750 of memory
2026-04-13T10:25:10.911+0100 [DEBUG] [org.gradle.process.internal.health.memory.DefaultMemoryManager] 786631884 physical memory requested, 0 released, 375390208 free
2026-04-13T10:25:15.908+0100 [DEBUG] [org.gradle.process.internal.health.memory.DefaultMemoryManager] 786631884 physical memory requested, 369418240 free
2026-04-13T10:25:15.908+0100 [DEBUG] [org.gradle.workers.internal.WorkerDaemonExpiration] Will attempt to release 750 of memory
2026-04-13T10:25:15.908+0100 [DEBUG] [org.gradle.process.internal.health.memory.DefaultMemoryManager] 786631884 physical memory requested, 0 released, 369418240 free
2026-04-13T10:25:17.228+0100 [DEBUG] [org.gradle.cache.internal.DefaultFileLockManager] Waiting to acquire shared lock on daemon addresses registry.
2026-04-13T10:25:17.229+0100 [DEBUG] [org.gradle.cache.internal.DefaultFileLockManager] Lock acquired on daemon addresses registry.
2026-04-13T10:25:17.230+0100 [DEBUG] [org.gradle.cache.internal.DefaultFileLockManager] Releasing lock on daemon addresses registry.
2026-04-13T10:25:17.234+0100 [DEBUG] [org.gradle.cache.internal.DefaultFileLockManager] Waiting to acquire shared lock on daemon addresses registry.
2026-04-13T10:25:17.234+0100 [DEBUG] [org.gradle.cache.internal.DefaultFileLockManager] Lock acquired on daemon addresses registry.
2026-04-13T10:25:17.235+0100 [DEBUG] [org.gradle.cache.internal.DefaultFileLockManager] Releasing lock on daemon addresses registry.
2026-04-13T10:25:17.238+0100 [DEBUG] [org.gradle.cache.internal.DefaultFileLockManager] Waiting to acquire shared lock on daemon addresses registry.
2026-04-13T10:25:17.239+0100 [DEBUG] [org.gradle.cache.internal.DefaultFileLockManager] Lock acquired on daemon addresses registry.
2026-04-13T10:25:17.239+0100 [DEBUG] [org.gradle.cache.internal.DefaultFileLockManager] Releasing lock on daemon addresses registry.
2026-04-13T10:25:20.913+0100 [DEBUG] [org.gradle.process.internal.health.memory.DefaultMemoryManager] 786631884 physical memory requested, 369442816 free
2026-04-13T10:25:20.913+0100 [DEBUG] [org.gradle.workers.internal.WorkerDaemonExpiration] Will attempt to release 750 of memory
2026-04-13T10:25:20.913+0100 [DEBUG] [org.gradle.process.internal.health.memory.DefaultMemoryManager] 786631884 physical memory requested, 0 released, 369442816 free
2026-04-13T10:25:25.923+0100 [DEBUG] [org.gradle.process.internal.health.memory.DefaultMemoryManager] 786631884 physical memory requested, 382738432 free
2026-04-13T10:25:25.923+0100 [DEBUG] [org.gradle.workers.internal.WorkerDaemonExpiration] Will attempt to release 750 of memory
2026-04-13T10:25:25.923+0100 [DEBUG] [org.gradle.process.internal.health.memory.DefaultMemoryManager] 786631884 physical memory requested, 0 released, 382738432 free
2026-04-13T10:25:27.237+0100 [DEBUG] [org.gradle.cache.internal.DefaultFileLockManager] Waiting to acquire shared lock on daemon addresses registry.
2026-04-13T10:25:27.237+0100 [DEBUG] [org.gradle.cache.internal.DefaultFileLockManager] Lock acquired on daemon addresses registry.
2026-04-13T10:25:27.238+0100 [DEBUG] [org.gradle.cache.internal.DefaultFileLockManager] Releasing lock on daemon addresses registry.
2026-04-13T10:25:27.240+0100 [DEBUG] [org.gradle.cache.internal.DefaultFileLockManager] Waiting to acquire shared lock on daemon addresses registry.
2026-04-13T10:25:27.240+0100 [DEBUG] [org.gradle.cache.internal.DefaultFileLockManager] Lock acquired on daemon addresses registry.
2026-04-13T10:25:27.241+0100 [DEBUG] [org.gradle.cache.internal.DefaultFileLockManager] Releasing lock on daemon addresses registry.
2026-04-13T10:25:27.243+0100 [DEBUG] [org.gradle.cache.internal.DefaultFileLockManager] Waiting to acquire shared lock on daemon addresses registry.
2026-04-13T10:25:27.244+0100 [DEBUG] [org.gradle.cache.internal.DefaultFileLockManager] Lock acquired on daemon addresses registry.
2026-04-13T10:25:27.244+0100 [DEBUG] [org.gradle.cache.internal.DefaultFileLockManager] Releasing lock on daemon addresses registry.
2026-04-13T10:25:30.919+0100 [DEBUG] [org.gradle.process.internal.health.memory.DefaultMemoryManager] 786631884 physical memory requested, 379584512 free
2026-04-13T10:25:30.919+0100 [DEBUG] [org.gradle.workers.internal.WorkerDaemonExpiration] Will attempt to release 750 of memory
2026-04-13T10:25:30.919+0100 [DEBUG] [org.gradle.process.internal.health.memory.DefaultMemoryManager] 786631884 physical memory requested, 0 released, 379584512 free
2026-04-13T10:25:35.918+0100 [DEBUG] [org.gradle.process.internal.health.memory.DefaultMemoryManager] 786631884 physical memory requested, 369696768 free
2026-04-13T10:25:35.919+0100 [DEBUG] [org.gradle.workers.internal.WorkerDaemonExpiration] Will attempt to release 750 of memory
2026-04-13T10:25:35.919+0100 [DEBUG] [org.gradle.process.internal.health.memory.DefaultMemoryManager] 786631884 physical memory requested, 0 released, 369696768 free
2026-04-13T10:25:37.238+0100 [DEBUG] [org.gradle.cache.internal.DefaultFileLockManager] Waiting to acquire shared lock on daemon addresses registry.
2026-04-13T10:25:37.239+0100 [DEBUG] [org.gradle.cache.internal.DefaultFileLockManager] Lock acquired on daemon addresses registry.
2026-04-13T10:25:37.239+0100 [DEBUG] [org.gradle.cache.internal.DefaultFileLockManager] Releasing lock on daemon addresses registry.
2026-04-13T10:25:37.243+0100 [DEBUG] [org.gradle.cache.internal.DefaultFileLockManager] Waiting to acquire shared lock on daemon addresses registry.
2026-04-13T10:25:37.243+0100 [DEBUG] [org.gradle.cache.internal.DefaultFileLockManager] Lock acquired on daemon addresses registry.
2026-04-13T10:25:37.244+0100 [DEBUG] [org.gradle.cache.internal.DefaultFileLockManager] Releasing lock on daemon addresses registry.
2026-04-13T10:25:37.246+0100 [DEBUG] [org.gradle.cache.internal.DefaultFileLockManager] Waiting to acquire shared lock on daemon addresses registry.
2026-04-13T10:25:37.246+0100 [DEBUG] [org.gradle.cache.internal.DefaultFileLockManager] Lock acquired on daemon addresses registry.
2026-04-13T10:25:37.246+0100 [DEBUG] [org.gradle.cache.internal.DefaultFileLockManager] Releasing lock on daemon addresses registry.
2026-04-13T10:25:40.909+0100 [DEBUG] [org.gradle.process.internal.health.memory.DefaultMemoryManager] 786631884 physical memory requested, 348659712 free
2026-04-13T10:25:40.909+0100 [DEBUG] [org.gradle.workers.internal.WorkerDaemonExpiration] Will attempt to release 750 of memory
2026-04-13T10:25:40.909+0100 [DEBUG] [org.gradle.process.internal.health.memory.DefaultMemoryManager] 786631884 physical memory requested, 0 released, 348659712 free
2026-04-13T10:25:45.924+0100 [DEBUG] [org.gradle.process.internal.health.memory.DefaultMemoryManager] 786631884 physical memory requested, 338763776 free
2026-04-13T10:25:45.925+0100 [DEBUG] [org.gradle.workers.internal.WorkerDaemonExpiration] Will attempt to release 750 of memory
2026-04-13T10:25:45.925+0100 [DEBUG] [org.gradle.process.internal.health.memory.DefaultMemoryManager] 786631884 physical memory requested, 0 released, 338763776 free
2026-04-13T10:25:47.245+0100 [DEBUG] [org.gradle.cache.internal.DefaultFileLockManager] Waiting to acquire shared lock on daemon addresses registry.
2026-04-13T10:25:47.245+0100 [DEBUG] [org.gradle.cache.internal.DefaultFileLockManager] Lock acquired on daemon addresses registry.
2026-04-13T10:25:47.246+0100 [DEBUG] [org.gradle.cache.internal.DefaultFileLockManager] Releasing lock on daemon addresses registry.
2026-04-13T10:25:47.248+0100 [DEBUG] [org.gradle.cache.internal.DefaultFileLockManager] Waiting to acquire shared lock on daemon addresses registry.
2026-04-13T10:25:47.248+0100 [DEBUG] [org.gradle.cache.internal.DefaultFileLockManager] Lock acquired on daemon addresses registry.
2026-04-13T10:25:47.249+0100 [DEBUG] [org.gradle.cache.internal.DefaultFileLockManager] Releasing lock on daemon addresses registry.
2026-04-13T10:25:47.262+0100 [DEBUG] [org.gradle.cache.internal.DefaultFileLockManager] Waiting to acquire shared lock on daemon addresses registry.
2026-04-13T10:25:47.262+0100 [DEBUG] [org.gradle.cache.internal.DefaultFileLockManager] Lock acquired on daemon addresses registry.
2026-04-13T10:25:47.263+0100 [DEBUG] [org.gradle.cache.internal.DefaultFileLockManager] Releasing lock on daemon addresses registry.
2026-04-13T10:25:50.920+0100 [DEBUG] [org.gradle.process.internal.health.memory.DefaultMemoryManager] 786631884 physical memory requested, 324124672 free
2026-04-13T10:25:50.920+0100 [DEBUG] [org.gradle.workers.internal.WorkerDaemonExpiration] Will attempt to release 750 of memory
2026-04-13T10:25:50.920+0100 [DEBUG] [org.gradle.process.internal.health.memory.DefaultMemoryManager] 786631884 physical memory requested, 0 released, 324124672 free
2026-04-13T10:25:55.925+0100 [DEBUG] [org.gradle.process.internal.health.memory.DefaultMemoryManager] 786631884 physical memory requested, 320200704 free
2026-04-13T10:25:55.925+0100 [DEBUG] [org.gradle.workers.internal.WorkerDaemonExpiration] Will attempt to release 750 of memory
2026-04-13T10:25:55.925+0100 [DEBUG] [org.gradle.process.internal.health.memory.DefaultMemoryManager] 786631884 physical memory requested, 0 released, 320200704 free
2026-04-13T10:25:57.241+0100 [DEBUG] [org.gradle.cache.internal.DefaultFileLockManager] Waiting to acquire shared lock on daemon addresses registry.
2026-04-13T10:25:57.241+0100 [DEBUG] [org.gradle.cache.internal.DefaultFileLockManager] Lock acquired on daemon addresses registry.
2026-04-13T10:25:57.242+0100 [DEBUG] [org.gradle.cache.internal.DefaultFileLockManager] Releasing lock on daemon addresses registry.
2026-04-13T10:25:57.244+0100 [DEBUG] [org.gradle.cache.internal.DefaultFileLockManager] Waiting to acquire shared lock on daemon addresses registry.
2026-04-13T10:25:57.245+0100 [DEBUG] [org.gradle.cache.internal.DefaultFileLockManager] Lock acquired on daemon addresses registry.
2026-04-13T10:25:57.245+0100 [DEBUG] [org.gradle.cache.internal.DefaultFileLockManager] Releasing lock on daemon addresses registry.
2026-04-13T10:25:57.248+0100 [DEBUG] [org.gradle.cache.internal.DefaultFileLockManager] Waiting to acquire shared lock on daemon addresses registry.
2026-04-13T10:25:57.248+0100 [DEBUG] [org.gradle.cache.internal.DefaultFileLockManager] Lock acquired on daemon addresses registry.
2026-04-13T10:25:57.251+0100 [DEBUG] [org.gradle.cache.internal.DefaultFileLockManager] Releasing lock on daemon addresses registry.
2026-04-13T10:26:00.920+0100 [DEBUG] [org.gradle.process.internal.health.memory.DefaultMemoryManager] 786631884 physical memory requested, 322248704 free
2026-04-13T10:26:00.920+0100 [DEBUG] [org.gradle.workers.internal.WorkerDaemonExpiration] Will attempt to release 750 of memory
2026-04-13T10:26:00.921+0100 [DEBUG] [org.gradle.process.internal.health.memory.DefaultMemoryManager] 786631884 physical memory requested, 0 released, 322248704 free
2026-04-13T10:26:05.928+0100 [DEBUG] [org.gradle.process.internal.health.memory.DefaultMemoryManager] 786631884 physical memory requested, 317140992 free
2026-04-13T10:26:05.928+0100 [DEBUG] [org.gradle.workers.internal.WorkerDaemonExpiration] Will attempt to release 750 of memory
2026-04-13T10:26:05.928+0100 [DEBUG] [org.gradle.process.internal.health.memory.DefaultMemoryManager] 786631884 physical memory requested, 0 released, 317140992 free
2026-04-13T10:26:07.250+0100 [DEBUG] [org.gradle.cache.internal.DefaultFileLockManager] Waiting to acquire shared lock on daemon addresses registry.
2026-04-13T10:26:07.250+0100 [DEBUG] [org.gradle.cache.internal.DefaultFileLockManager] Lock acquired on daemon addresses registry.
2026-04-13T10:26:07.251+0100 [DEBUG] [org.gradle.cache.internal.DefaultFileLockManager] Releasing lock on daemon addresses registry.
2026-04-13T10:26:07.253+0100 [DEBUG] [org.gradle.cache.internal.DefaultFileLockManager] Waiting to acquire shared lock on daemon addresses registry.
2026-04-13T10:26:07.254+0100 [DEBUG] [org.gradle.cache.internal.DefaultFileLockManager] Lock acquired on daemon addresses registry.
2026-04-13T10:26:07.254+0100 [DEBUG] [org.gradle.cache.internal.DefaultFileLockManager] Releasing lock on daemon addresses registry.
2026-04-13T10:26:07.256+0100 [DEBUG] [org.gradle.cache.internal.DefaultFileLockManager] Waiting to acquire shared lock on daemon addresses registry.
2026-04-13T10:26:07.256+0100 [DEBUG] [org.gradle.cache.internal.DefaultFileLockManager] Lock acquired on daemon addresses registry.
2026-04-13T10:26:07.257+0100 [DEBUG] [org.gradle.cache.internal.DefaultFileLockManager] Releasing lock on daemon addresses registry.
2026-04-13T10:26:10.909+0100 [DEBUG] [org.gradle.process.internal.health.memory.DefaultMemoryManager] 786631884 physical memory requested, 323723264 free
2026-04-13T10:26:10.909+0100 [DEBUG] [org.gradle.workers.internal.WorkerDaemonExpiration] Will attempt to release 750 of memory
2026-04-13T10:26:10.909+0100 [DEBUG] [org.gradle.process.internal.health.memory.DefaultMemoryManager] 786631884 physical memory requested, 0 released, 323723264 free
2026-04-13T10:26:15.920+0100 [DEBUG] [org.gradle.process.internal.health.memory.DefaultMemoryManager] 786631884 physical memory requested, 328208384 free
2026-04-13T10:26:15.931+0100 [DEBUG] [org.gradle.workers.internal.WorkerDaemonExpiration] Will attempt to release 750 of memory
2026-04-13T10:26:15.931+0100 [DEBUG] [org.gradle.process.internal.health.memory.DefaultMemoryManager] 786631884 physical memory requested, 0 released, 328208384 free
2026-04-13T10:26:17.247+0100 [DEBUG] [org.gradle.cache.internal.DefaultFileLockManager] Waiting to acquire shared lock on daemon addresses registry.
2026-04-13T10:26:17.248+0100 [DEBUG] [org.gradle.cache.internal.DefaultFileLockManager] Lock acquired on daemon addresses registry.
2026-04-13T10:26:17.249+0100 [DEBUG] [org.gradle.cache.internal.DefaultFileLockManager] Releasing lock on daemon addresses registry.
2026-04-13T10:26:17.252+0100 [DEBUG] [org.gradle.cache.internal.DefaultFileLockManager] Waiting to acquire shared lock on daemon addresses registry.
2026-04-13T10:26:17.252+0100 [DEBUG] [org.gradle.cache.internal.DefaultFileLockManager] Lock acquired on daemon addresses registry.
2026-04-13T10:26:17.255+0100 [DEBUG] [org.gradle.cache.internal.DefaultFileLockManager] Releasing lock on daemon addresses registry.
2026-04-13T10:26:17.259+0100 [DEBUG] [org.gradle.cache.internal.DefaultFileLockManager] Waiting to acquire shared lock on daemon addresses registry.
2026-04-13T10:26:17.259+0100 [DEBUG] [org.gradle.cache.internal.DefaultFileLockManager] Lock acquired on daemon addresses registry.
2026-04-13T10:26:17.260+0100 [DEBUG] [org.gradle.cache.internal.DefaultFileLockManager] Releasing lock on daemon addresses registry.
2026-04-13T10:26:20.919+0100 [DEBUG] [org.gradle.process.internal.health.memory.DefaultMemoryManager] 786631884 physical memory requested, 524541952 free
2026-04-13T10:26:20.923+0100 [DEBUG] [org.gradle.workers.internal.WorkerDaemonExpiration] Will attempt to release 750 of memory
2026-04-13T10:26:20.923+0100 [DEBUG] [org.gradle.process.internal.health.memory.DefaultMemoryManager] 786631884 physical memory requested, 0 released, 524541952 free
